Log file open, 05/13/19 14:35:54
LogWindows: Failed to load 'aqProf.dll' (GetLastError=126)
LogWindows: File 'aqProf.dll' does not exist
LogWindows: Failed to load 'VSPerf140.dll' (GetLastError=126)
LogWindows: File 'VSPerf140.dll' does not exist
LogWindows: Failed to load 'VtuneApi.dll' (GetLastError=126)
LogWindows: File 'VtuneApi.dll' does not exist
LogWindows: Failed to load 'VtuneApi32e.dll' (GetLastError=126)
LogWindows: File 'VtuneApi32e.dll' does not exist
LogInit: Display: Running engine for game: SimpleScene
LogPlatformFile: Not using cached read wrapper
LogTaskGraph: Started task graph with 5 named threads and 11 total threads with 3 sets of task threads.
LogStats: Stats thread started at 0.203698
LogD3D11RHI: Loaded GFSDK_Aftermath_Lib.x64.dll
LogICUInternationalization: Display: ICU TimeZone Detection - Raw Offset: -3:00, Platform Override: ''
LogPluginManager: Mounting plugin Paper2D
LogPluginManager: Mounting plugin AISupport
LogPluginManager: Mounting plugin LightPropagationVolume
LogPluginManager: Mounting plugin CLionSourceCodeAccess
LogPluginManager: Mounting plugin CodeLiteSourceCodeAccess
LogPluginManager: Mounting plugin GitSourceControl
LogPluginManager: Mounting plugin KDevelopSourceCodeAccess
LogPluginManager: Mounting plugin NullSourceCodeAccess
LogPluginManager: Mounting plugin PerforceSourceControl
LogPluginManager: Mounting plugin SubversionSourceControl
LogPluginManager: Mounting plugin UObjectPlugin
LogPluginManager: Mounting plugin VisualStudioCodeSourceCodeAccess
LogPluginManager: Mounting plugin VisualStudioSourceCodeAccess
LogPluginManager: Mounting plugin XCodeSourceCodeAccess
LogPluginManager: Mounting plugin AssetManagerEditor
LogPluginManager: Mounting plugin CryptoKeys
LogPluginManager: Mounting plugin DataValidation
LogPluginManager: Mounting plugin FacialAnimation
LogPluginManager: Mounting plugin GameplayTagsEditor
LogPluginManager: Mounting plugin MacGraphicsSwitching
LogPluginManager: Mounting plugin MeshEditor
LogPluginManager: Mounting plugin MobileLauncherProfileWizard
LogPluginManager: Mounting plugin PluginBrowser
LogPluginManager: Mounting plugin SpeedTreeImporter
LogPluginManager: Mounting plugin DatasmithContent
LogPluginManager: Mounting plugin AlembicImporter
LogPluginManager: Mounting plugin AppleImageUtils
LogPluginManager: Mounting plugin AppleVision
LogPluginManager: Mounting plugin BackChannel
LogPluginManager: Mounting plugin CharacterAI
LogPluginManager: Mounting plugin GeometryCache
LogPluginManager: Mounting plugin HTML5Networking
LogPluginManager: Mounting plugin ProxyLODPlugin
LogPluginManager: Mounting plugin MagicLeap
LogPluginManager: Mounting plugin MagicLeapEmulator
LogPluginManager: Mounting plugin MagicLeapMedia
LogPluginManager: Mounting plugin AndroidMedia
LogPluginManager: Mounting plugin AvfMedia
LogPluginManager: Mounting plugin ImgMedia
LogPluginManager: Mounting plugin LinearTimecode
LogPluginManager: Mounting plugin MediaCompositing
LogPluginManager: Mounting plugin MediaPlayerEditor
LogPluginManager: Mounting plugin WmfMedia
LogPluginManager: Mounting plugin TcpMessaging
LogPluginManager: Mounting plugin UdpMessaging
LogPluginManager: Mounting plugin ActorSequence
LogPluginManager: Mounting plugin LevelSequenceEditor
LogPluginManager: Mounting plugin MatineeToLevelSequence
LogPluginManager: Mounting plugin NetcodeUnitTest
LogPluginManager: Mounting plugin NUTUnrealEngine4
LogPluginManager: Mounting plugin OnlineSubsystemGooglePlay
LogPluginManager: Mounting plugin OnlineSubsystemIOS
LogPluginManager: Mounting plugin OnlineSubsystem
LogPluginManager: Mounting plugin OnlineSubsystemNull
LogPluginManager: Mounting plugin OnlineSubsystemUtils
LogPluginManager: Mounting plugin LauncherChunkInstaller
LogPluginManager: Mounting plugin AndroidDeviceProfileSelector
LogPluginManager: Mounting plugin AndroidMoviePlayer
LogPluginManager: Mounting plugin AndroidPermission
LogPluginManager: Mounting plugin AppleMoviePlayer
LogPluginManager: Mounting plugin ArchVisCharacter
LogPluginManager: Mounting plugin AudioCapture
LogPluginManager: Mounting plugin CableComponent
LogPluginManager: Mounting plugin CustomMeshComponent
LogPluginManager: Mounting plugin EditableMesh
LogPluginManager: Mounting plugin ExampleDeviceProfileSelector
LogPluginManager: Mounting plugin GoogleCloudMessaging
LogPluginManager: Mounting plugin ImmediatePhysics
LogPluginManager: Mounting plugin IOSDeviceProfileSelector
LogPluginManager: Mounting plugin LinuxDeviceProfileSelector
LogPluginManager: Mounting plugin LocationServicesBPLibrary
LogPluginManager: Mounting plugin MobilePatchingUtils
LogPluginManager: Mounting plugin OculusVR
LogPluginManager: Plugin shader directory ../../../Engine/Plugins/Runtime/Oculus/OculusVR/Shaders found
LogPluginManager: Mapping shader source directory ../../../Engine/Plugins/Runtime/Oculus/OculusVR/Shaders to virtual directory /Plugin/OculusVR
LogPluginManager: Mounting plugin PhysXVehicles
LogPluginManager: Mounting plugin ProceduralMeshComponent
LogPluginManager: Mounting plugin RuntimePhysXCooking
LogPluginManager: Mounting plugin SteamVR
LogPluginManager: Mounting plugin WindowsMoviePlayer
LogStreaming: Display: Took  0.165s to configure plugins.
LogInit: Using libcurl 7.55.1-DEV
LogInit:  - built for x86_64-pc-win32
LogInit:  - supports SSL with OpenSSL/1.0.2h
LogInit:  - supports HTTP deflate (compression) using libz 1.2.8
LogInit:  - other features:
LogInit:      CURL_VERSION_SSL
LogInit:      CURL_VERSION_LIBZ
LogInit:      CURL_VERSION_IPV6
LogInit:      CURL_VERSION_ASYNCHDNS
LogInit:      CURL_VERSION_LARGEFILE
LogInit:      CURL_VERSION_IDN
LogInit:  CurlRequestOptions (configurable via config and command line):
LogInit:  - bVerifyPeer = false  - Libcurl will NOT verify peer certificate
LogInit:  - bUseHttpProxy = false  - Libcurl will NOT use HTTP proxy
LogInit:  - bDontReuseConnections = false  - Libcurl will reuse connections
LogInit:  - CertBundlePath = nullptr  - Libcurl will use whatever was configured at build time.
LogInit:  - MaxHostConnections = 16  - Libcurl will limit the number of connections to a host
LogInit:  - LocalHostAddr = Default
LogInit:  - BufferSize = 65536
LogInit: WinSock: version 1.1 (2.2), MaxSocks=32767, MaxUdp=65467
LogInit: Build: ++UE4+Release-4.20-CL-4369336
LogInit: Engine Version: 4.20.3-4369336+++UE4+Release-4.20
LogInit: Compatible Engine Version: 4.20.0-4212847+++UE4+Release-4.20
LogInit: Net CL: 4212847
LogInit: OS: Windows 10 (), CPU: AMD A10-7860K Radeon R7, 12 Compute Cores 4C+8G, GPU: Radeon(TM) RX 460 Graphics
LogInit: Compiled (64-bit): Sep 17 2018 12:26:19
LogInit: Compiled with Visual C++: 19.13.26129.00
LogInit: Build Configuration: Development
LogInit: Branch Name: ++UE4+Release-4.20
LogInit: Command Line: 
LogInit: Base Directory: C:/Program Files/Epic Games/UE_4.20/Engine/Binaries/Win64/
LogInit: Installed Engine Build: 1
LogDevObjectVersion: Number of dev versions registered: 20
LogDevObjectVersion:   Dev-Blueprints (B0D832E4-1F89-4F0D-ACCF-7EB736FD4AA2): 10
LogDevObjectVersion:   Dev-Build (E1C64328-A22C-4D53-A36C-8E866417BD8C): 0
LogDevObjectVersion:   Dev-Core (375EC13C-06E4-48FB-B500-84F0262A717E): 2
LogDevObjectVersion:   Dev-Editor (E4B068ED-F494-42E9-A231-DA0B2E46BB41): 24
LogDevObjectVersion:   Dev-Framework (CFFC743F-43B0-4480-9391-14DF171D2073): 34
LogDevObjectVersion:   Dev-Mobile (B02B49B5-BB20-44E9-A304-32B752E40360): 2
LogDevObjectVersion:   Dev-Networking (A4E4105C-59A1-49B5-A7C5-40C4547EDFEE): 0
LogDevObjectVersion:   Dev-Online (39C831C9-5AE6-47DC-9A44-9C173E1C8E7C): 0
LogDevObjectVersion:   Dev-Physics (78F01B33-EBEA-4F98-B9B4-84EACCB95AA2): 0
LogDevObjectVersion:   Dev-Platform (6631380F-2D4D-43E0-8009-CF276956A95A): 0
LogDevObjectVersion:   Dev-Rendering (12F88B9F-8875-4AFC-A67C-D90C383ABD29): 26
LogDevObjectVersion:   Dev-Sequencer (7B5AE74C-D270-4C10-A958-57980B212A5A): 9
LogDevObjectVersion:   Dev-VR (D7296918-1DD6-4BDD-9DE2-64A83CC13884): 2
LogDevObjectVersion:   Dev-LoadTimes (C2A15278-BFE7-4AFE-6C17-90FF531DF755): 1
LogDevObjectVersion:   Private-Geometry (6EACA3D4-40EC-4CC1-B786-8BED09428FC5): 3
LogDevObjectVersion:   Dev-AnimPhys (29E575DD-E0A3-4627-9D10-D276232CDCEA): 17
LogDevObjectVersion:   Dev-ReflectionCapture (6B266CEC-1EC7-4B8F-A30B-E4D90942FC07): 1
LogDevObjectVersion:   Dev-Automation (0DF73D61-A23F-47EA-B727-89E90C41499A): 1
LogDevObjectVersion:   FortniteMain (601D1886-AC64-4F84-AA16-D3DE0DEAC7D6): 12
LogDevObjectVersion:   Dev-Enterprise (9DFFBCD6-494F-0158-E221-12823C92A888): 1
LogStreaming: Display: Took  0.001s to delete old logs.
LogInit: Presizing for max 8388607 objects, including 0 objects not considered by GC, pre-allocating 0 bytes for permanent pool.
LogInit: Object subsystem initialized
[2019.05.13-17.35.54:749][  0]LogInit: Selected Device Profile: [Windows]
[2019.05.13-17.35.54:749][  0]LogInit: Applying CVar settings loaded from the selected device profile: [Windows]
[2019.05.13-17.35.54:765][  0]LogHAL: Display: Platform has ~ 8 GB [8528183296 / 8589934592 / 8], which maps to Default [LargestMinGB=32, LargerMinGB=12, DefaultMinGB=8, SmallerMinGB=6, SmallestMinGB=0)
[2019.05.13-17.35.54:765][  0]LogInit: Setting Device Profile CVar: [[r.Vulkan.UseRealUBs:1]]
[2019.05.13-17.35.54:765][  0]LogInit: Going up to parent DeviceProfile []
[2019.05.13-17.35.54:765][  0]LogInit: Computer: DESKTOP-K3ALEES
[2019.05.13-17.35.54:765][  0]LogInit: User: Octavio
[2019.05.13-17.35.54:765][  0]LogInit: CPU Page size=4096, Cores=2
[2019.05.13-17.35.54:765][  0]LogInit: High frequency timer resolution =3.506845 MHz
[2019.05.13-17.35.54:766][  0]LogMemory: Memory total: Physical=7.9GB (8GB approx)
[2019.05.13-17.35.54:766][  0]LogMemory: Platform Memory Stats for Windows
[2019.05.13-17.35.54:766][  0]LogMemory: Process Physical Memory: 100.13 MB used, 100.13 MB peak
[2019.05.13-17.35.54:766][  0]LogMemory: Process Virtual Memory: 84.07 MB used, 84.07 MB peak
[2019.05.13-17.35.54:766][  0]LogMemory: Physical Memory: 3104.64 MB used,  5028.46 MB free, 8133.11 MB total
[2019.05.13-17.35.54:766][  0]LogMemory: Virtual Memory: 4607.04 MB used,  5028.46 MB free, 134217728.00 MB total
[2019.05.13-17.35.54:801][  0]LogInit: Overriding language with editor language configuration option (en).
[2019.05.13-17.35.54:801][  0]LogInit: Overriding locale with editor locale configuration option (en).
[2019.05.13-17.35.55:321][  0]LogStreaming: Display: Took  0.520s to InitEngineTextLocalization.
[2019.05.13-17.35.55:322][  0]LogInit: Setting process to per monitor DPI aware
[2019.05.13-17.35.55:374][  0]LogSlate: New Slate User Created.  User Index 0, Is Virtual User: 0
[2019.05.13-17.35.55:374][  0]LogSlate: Slate User Registered.  User Index 0, Is Virtual User: 0
[2019.05.13-17.35.55:723][  0]LogHMD: Failed to initialize OpenVR with code 110
[2019.05.13-17.35.55:723][  0]LogD3D11RHI: D3D11 adapters:
[2019.05.13-17.35.55:760][  0]LogD3D11RHI:    0. 'Radeon(TM) RX 460 Graphics' (Feature Level 11_0)
[2019.05.13-17.35.55:760][  0]LogD3D11RHI:       4043/0/4066 MB DedicatedVideo/DedicatedSystem/SharedSystem, Outputs:1, VendorId:0x1002
[2019.05.13-17.35.55:764][  0]LogD3D11RHI:    1. 'Microsoft Basic Render Driver' (Feature Level 11_0)
[2019.05.13-17.35.55:764][  0]LogD3D11RHI:       0/0/4066 MB DedicatedVideo/DedicatedSystem/SharedSystem, Outputs:0, VendorId:0x1414
[2019.05.13-17.35.55:764][  0]LogD3D11RHI: Chosen D3D11 Adapter: 0
[2019.05.13-17.35.55:775][  0]LogD3D11RHI: Creating new Direct3DDevice
[2019.05.13-17.35.55:776][  0]LogD3D11RHI:     GPU DeviceId: 0x67ef (for the marketing name, search the web for "GPU Device Id")
[2019.05.13-17.35.55:776][  0]LogWindows: EnumDisplayDevices:
[2019.05.13-17.35.55:776][  0]LogWindows:    0. 'Radeon(TM) RX 460 Graphics' (P:1 D:1)
[2019.05.13-17.35.55:776][  0]LogWindows:    1. 'Radeon(TM) RX 460 Graphics' (P:0 D:0)
[2019.05.13-17.35.55:777][  0]LogWindows:    2. 'Radeon(TM) RX 460 Graphics' (P:0 D:0)
[2019.05.13-17.35.55:777][  0]LogWindows:    3. 'Radeon(TM) RX 460 Graphics' (P:0 D:0)
[2019.05.13-17.35.55:778][  0]LogWindows:    4. 'Radeon(TM) RX 460 Graphics' (P:0 D:0)
[2019.05.13-17.35.55:778][  0]LogWindows: DebugString: FoundDriverCount:5 
[2019.05.13-17.35.55:778][  0]LogD3D11RHI:     Adapter Name: Radeon(TM) RX 460 Graphics
[2019.05.13-17.35.55:778][  0]LogD3D11RHI:   Driver Version: Crimson ReLive 17.7 (internal:22.19.677.257, unified:22.19.677.257)
[2019.05.13-17.35.55:778][  0]LogD3D11RHI:      Driver Date: 9-22-2017
[2019.05.13-17.35.55:778][  0]LogRHI: Texture pool is 2830 MB (70% of 4043 MB)
[2019.05.13-17.35.55:833][  0]LogD3D11RHI: Async texture creation enabled
[2019.05.13-17.35.55:845][  0]LogD3D11RHI: GPU Timing Frequency: 25.000000 (Debug: 2 1)
[2019.05.13-17.35.55:847][  0]LogShaderCompilers: Guid format shader working directory is -8 characters bigger than the processId version (../../../../../../Users/Octavio/Desktop/Repo/SimpleScene/Intermediate/Shaders/WorkingDirectory/7884/).
[2019.05.13-17.35.55:847][  0]LogShaderCompilers: Cleaned the shader compiler working directory 'C:/Users/Octavio/AppData/Local/Temp/UnrealShaderWorkingDir/F60484D74E1F87ACEF8014A70B0DD7E1/'.
[2019.05.13-17.35.56:346][  0]LogTemp: Display: Loaded TP AllDesktopTargetPlatform
[2019.05.13-17.35.56:370][  0]LogTemp: Display: Loaded TP MacClientTargetPlatform
[2019.05.13-17.35.56:395][  0]LogTemp: Display: Loaded TP MacNoEditorTargetPlatform
[2019.05.13-17.35.56:419][  0]LogTemp: Display: Loaded TP MacServerTargetPlatform
[2019.05.13-17.35.56:443][  0]LogTemp: Display: Loaded TP MacTargetPlatform
[2019.05.13-17.35.56:467][  0]LogTemp: Display: Loaded TP WindowsClientTargetPlatform
[2019.05.13-17.35.56:491][  0]LogTemp: Display: Loaded TP WindowsNoEditorTargetPlatform
[2019.05.13-17.35.56:517][  0]LogTemp: Display: Loaded TP WindowsServerTargetPlatform
[2019.05.13-17.35.56:529][  0]LogTemp: Display: Loaded TP WindowsTargetPlatform
[2019.05.13-17.35.56:661][  0]LogTemp: Display: Loaded TP AndroidTargetPlatform
[2019.05.13-17.35.56:661][  0]LogTemp: Display: Loaded TP AndroidTargetPlatform
[2019.05.13-17.35.56:661][  0]LogTemp: Display: Loaded TP AndroidTargetPlatform
[2019.05.13-17.35.56:661][  0]LogTemp: Display: Loaded TP AndroidTargetPlatform
[2019.05.13-17.35.56:662][  0]LogTemp: Display: Loaded TP AndroidTargetPlatform
[2019.05.13-17.35.56:662][  0]LogTemp: Display: Loaded TP AndroidTargetPlatform
[2019.05.13-17.35.56:662][  0]LogTemp: Display: Loaded TP AndroidTargetPlatform
[2019.05.13-17.35.56:662][  0]LogTemp: Display: Loaded TP AndroidTargetPlatform
[2019.05.13-17.35.56:662][  0]LogTemp: Display: Loaded TP AndroidTargetPlatform
[2019.05.13-17.35.56:662][  0]LogTemp: Display: Loaded TP AndroidTargetPlatform
[2019.05.13-17.35.56:662][  0]LogTemp: Display: Loaded TP AndroidTargetPlatform
[2019.05.13-17.35.56:662][  0]LogTemp: Display: Loaded TP AndroidTargetPlatform
[2019.05.13-17.35.56:662][  0]LogTemp: Display: Loaded TP AndroidTargetPlatform
[2019.05.13-17.35.56:662][  0]LogTemp: Display: Loaded TP AndroidTargetPlatform
[2019.05.13-17.35.56:662][  0]LogTemp: Display: Loaded TP AndroidTargetPlatform
[2019.05.13-17.35.56:662][  0]LogTemp: Display: Loaded TP AndroidTargetPlatform
[2019.05.13-17.35.56:662][  0]LogTemp: Display: Loaded TP AndroidTargetPlatform
[2019.05.13-17.35.56:662][  0]LogTemp: Display: Loaded TP AndroidTargetPlatform
[2019.05.13-17.35.56:664][  0]LogTemp: Display: Loaded TP HTML5TargetPlatform
[2019.05.13-17.35.56:743][  0]LogTemp: Display: Loaded TP IOSTargetPlatform
[2019.05.13-17.35.56:743][  0]LogTemp: Display: Loaded TP IOSTargetPlatform
[2019.05.13-17.35.56:784][  0]LogTemp: Display: Loaded TP TVOSTargetPlatform
[2019.05.13-17.35.56:784][  0]LogTemp: Display: Loaded TP TVOSTargetPlatform
[2019.05.13-17.35.56:805][  0]LogTemp: Display: Loaded TP LinuxClientTargetPlatform
[2019.05.13-17.35.56:826][  0]LogTemp: Display: Loaded TP LinuxNoEditorTargetPlatform
[2019.05.13-17.35.56:847][  0]LogTemp: Display: Loaded TP LinuxServerTargetPlatform
[2019.05.13-17.35.56:870][  0]LogTemp: Display: Loaded TP LinuxTargetPlatform
[2019.05.13-17.35.56:886][  0]LogTemp: Display: Loaded TP LuminTargetPlatform
[2019.05.13-17.35.56:886][  0]LogTargetPlatformManager: Display: Building Assets For Windows
[2019.05.13-17.35.56:990][  0]LogXGEController: Cleaning working directory: C:/Users/Octavio/AppData/Local/Temp/UnrealXGEWorkingDir/
[2019.05.13-17.35.56:990][  0]LogXGEController: Cannot use XGE Controller as Incredibuild is not installed on this machine.
[2019.05.13-17.35.56:990][  0]LogShaderCompilers: Cannot use XGE Shader Compiler as Incredibuild is not installed on this machine.
[2019.05.13-17.35.56:991][  0]LogShaderCompilers: Display: Using Local Shader Compiler.
[2019.05.13-17.35.58:315][  0]LogDerivedDataCache: Display: Max Cache Size: 512 MB
[2019.05.13-17.35.58:424][  0]LogDerivedDataCache: Loaded boot cache 0.11s 71MB C:/Users/Octavio/AppData/Local/UnrealEngine/4.20/DerivedDataCache/Boot.ddc.
[2019.05.13-17.35.58:424][  0]LogDerivedDataCache: Display: Loaded Boot cache: C:/Users/Octavio/AppData/Local/UnrealEngine/4.20/DerivedDataCache/Boot.ddc
[2019.05.13-17.35.58:424][  0]LogDerivedDataCache: FDerivedDataBackendGraph:  Pak pak cache file ../../../../../../Users/Octavio/Desktop/Repo/SimpleScene/DerivedDataCache/DDC.ddp not found, will not use a pak cache.
[2019.05.13-17.35.58:424][  0]LogDerivedDataCache: Unable to find inner node Pak for hierarchical cache Hierarchy.
[2019.05.13-17.35.58:424][  0]LogDerivedDataCache: FDerivedDataBackendGraph:  CompressedPak pak cache file ../../../../../../Users/Octavio/Desktop/Repo/SimpleScene/DerivedDataCache/Compressed.ddp not found, will not use a pak cache.
[2019.05.13-17.35.58:424][  0]LogDerivedDataCache: Unable to find inner node CompressedPak for hierarchical cache Hierarchy.
[2019.05.13-17.35.58:448][  0]LogDerivedDataCache: Display: Pak cache opened for reading ../../../Engine/DerivedDataCache/Compressed.ddp.
[2019.05.13-17.35.58:462][  0]LogDerivedDataCache: Using Local data cache path C:/Users/Octavio/AppData/Local/UnrealEngine/Common/DerivedDataCache: Writable
[2019.05.13-17.35.58:462][  0]LogDerivedDataCache: Shared data cache path not found in *engine.ini, will not use an Shared cache.
[2019.05.13-17.35.58:462][  0]LogDerivedDataCache: Unable to find inner node Shared for hierarchical cache Hierarchy.
[2019.05.13-17.35.58:492][  0]LogMaterial: Verifying Global Shaders for PCD3D_SM5
[2019.05.13-17.35.58:494][  0]LogSlate: Using FreeType 2.6.0
[2019.05.13-17.35.58:495][  0]LogSlate: SlateFontServices - WITH_FREETYPE: 1, WITH_HARFBUZZ: 1
[2019.05.13-17.35.58:607][  0]LogAssetRegistry: FAssetRegistry took 0.0304 seconds to start up
[2019.05.13-17.35.59:180][  0]LogInit: Selected Device Profile: [Windows]
[2019.05.13-17.35.59:372][  0]LogSimplygon: Simplygon DLL not present - disabling.
[2019.05.13-17.35.59:379][  0]LogMeshReduction: Using SimplygonSwarm for distributed automatic mesh merging
[2019.05.13-17.35.59:379][  0]LogMeshReduction: Using ProxyLODMeshReduction for automatic mesh merging
[2019.05.13-17.35.59:379][  0]LogMeshReduction: Using QuadricMeshReduction for automatic static mesh reduction
[2019.05.13-17.35.59:379][  0]LogMeshReduction: No automatic skeletal mesh reduction module available
[2019.05.13-17.35.59:405][  0]LogNetVersion: SimpleScene 1.0.0, NetCL: 4212847, EngineNetVer: 5, GameNetVer: 0 (Checksum: 3658150004)
[2019.05.13-17.36.00:114][  0]LogPackageLocalizationCache: Processed 11 localized package path(s) for 1 prioritized culture(s) in 0.082953 seconds
[2019.05.13-17.36.00:125][  0]LogUObjectArray: 38425 objects as part of root set at end of initial load.
[2019.05.13-17.36.00:125][  0]LogUObjectAllocator: 6690864 out of 0 bytes used by permanent object pool.
[2019.05.13-17.36.00:125][  0]LogUObjectArray: CloseDisregardForGC: 0/0 objects in disregard for GC pool
[2019.05.13-17.36.01:545][  0]LogTcpMessaging: Initializing TcpMessaging bridge
[2019.05.13-17.36.01:561][  0]LogUdpMessaging: Initializing bridge on interface 0.0.0.0:0 to multicast group 230.0.0.1:6666.
[2019.05.13-17.36.01:761][  0]SourceControl: Source control is disabled
[2019.05.13-17.36.01:761][  0]SourceControl: Source control is disabled
[2019.05.13-17.36.01:764][  0]SourceControl: Source control is disabled
[2019.05.13-17.36.01:765][  0]SourceControl: Source control is disabled
[2019.05.13-17.36.01:995][  0]LogAndroidPermission: UAndroidPermissionCallbackProxy::GetInstance
[2019.05.13-17.36.02:094][  0]LogOcInput: OculusInput pre-init called
[2019.05.13-17.36.02:186][  0]LogEngine: Initializing Engine...
[2019.05.13-17.36.02:188][  0]LogHMD: Failed to initialize OpenVR with code 110
[2019.05.13-17.36.02:190][  0]LogStats: UGameplayTagsManager::ConstructGameplayTagTree: ImportINI prefixes -  0.000 s
[2019.05.13-17.36.02:190][  0]LogStats: UGameplayTagsManager::ConstructGameplayTagTree: Construct from data asset -  0.000 s
[2019.05.13-17.36.02:190][  0]LogStats: UGameplayTagsManager::ConstructGameplayTagTree: ImportINI -  0.000 s
[2019.05.13-17.36.02:190][  0]LogStats: UGameplayTagsManager::ConstructGameplayTagTree: GameplayTagTreeChangedEvent.Broadcast -  0.000 s
[2019.05.13-17.36.02:484][  0]LogInit: Initializing FReadOnlyCVARCache
[2019.05.13-17.36.02:513][  0]LogAIModule: Creating AISystem for world Untitled
[2019.05.13-17.36.02:529][  0]LogInit: XAudio2 using '4 - HDMI (AMD High Definition Audio Device)' : 2 channels at 48 kHz using 16 bits per sample (channel mask 0x3)
[2019.05.13-17.36.02:573][  0]LogInit: FAudioDevice initialized.
[2019.05.13-17.36.02:573][  0]LogNetVersion: Set ProjectVersion to 1.0.0.0. Version Checksum will be recalculated on next use.
[2019.05.13-17.36.02:863][  0]LogDerivedDataCache: Saved boot cache 0.29s 71MB C:/Users/Octavio/AppData/Local/UnrealEngine/4.20/DerivedDataCache/Boot.ddc.
[2019.05.13-17.36.02:873][  0]LogInit: Texture streaming: Enabled
[2019.05.13-17.36.02:908][  0]LogEngineSessionManager: EngineSessionManager initialized
[2019.05.13-17.36.02:908][  0]LogEngineSessionManager: EngineSessionManager sent abnormal shutdown report. Type=Crashed, SessionId={C1FD3B4D-416A-D22E-28C1-488DF3A792AF}
[2019.05.13-17.36.02:930][  0]LogInit: Transaction tracking system initialized
[2019.05.13-17.36.02:974][  0]BlueprintLog: New page: Editor Load
[2019.05.13-17.36.03:118][  0]LocalizationService: Localization service is disabled
[2019.05.13-17.36.03:514][  0]LogCook: Display: Max memory allowance for cook 16384mb min free memory 0mb
[2019.05.13-17.36.03:514][  0]LogCook: Display: Mobile HDR setting 1
[2019.05.13-17.36.03:514][  0]LogGameplayTags: Display: UGameplayTagsManager::DoneAddingNativeTags. DelegateIsBound: 0
[2019.05.13-17.36.03:514][  0]LogStats: UGameplayTagsManager::ConstructGameplayTagTree: ImportINI prefixes -  0.000 s
[2019.05.13-17.36.03:514][  0]LogStats: UGameplayTagsManager::ConstructGameplayTagTree: Construct from data asset -  0.000 s
[2019.05.13-17.36.03:515][  0]LogStats: UGameplayTagsManager::ConstructGameplayTagTree: ImportINI -  0.000 s
[2019.05.13-17.36.03:515][  0]LogStats: UGameplayTagsManager::ConstructGameplayTagTree: GameplayTagTreeChangedEvent.Broadcast -  0.000 s
[2019.05.13-17.36.03:743][  0]LogFileCache: Scanning file cache for directory 'C:/Users/Octavio/Desktop/Repo/SimpleScene/Content/' took 0.02s
[2019.05.13-17.36.03:743][  0]SourceControl: Source control is disabled
[2019.05.13-17.36.03:744][  0]Cmd: MAP LOAD FILE="../../../../../../Users/Octavio/Desktop/Repo/SimpleScene/Content/FirstPersonBP/Maps/FirstPersonExampleMap.umap" TEMPLATE=0 SHOWPROGRESS=1 FEATURELEVEL=3
[2019.05.13-17.36.03:744][  0]LightingResults: New page: Lighting Build
[2019.05.13-17.36.03:749][  0]MapCheck: New page: Map Check
[2019.05.13-17.36.03:749][  0]LightingResults: New page: Lighting Build
[2019.05.13-17.36.04:713][  0]LogAIModule: Creating AISystem for world FirstPersonExampleMap
[2019.05.13-17.36.04:733][  0]LogEditorServer: Finished looking for orphan Actors (0.000 secs)
[2019.05.13-17.36.04:782][  0]Cmd: MAP CHECKDEP NOCLEARLOG
[2019.05.13-17.36.04:929][  0]MapCheck: Map check complete: 0 Error(s), 0 Warning(s), took 146.156ms to complete.
[2019.05.13-17.36.04:929][  0]LogFileHelpers: Loading map 'FirstPersonExampleMap' took 1.185
[2019.05.13-17.36.05:061][  0]LogSlate: Updating window title bar state: overlay mode, drag disabled, window buttons hidden, title bar hidden
[2019.05.13-17.36.05:073][  0]LogSlate: Updating window title bar state: overlay mode, drag disabled, window buttons hidden, title bar hidden
[2019.05.13-17.36.05:084][  0]LogSlate: Updating window title bar state: overlay mode, drag disabled, window buttons hidden, title bar hidden
[2019.05.13-17.36.05:095][  0]LogSlate: Updating window title bar state: overlay mode, drag disabled, window buttons hidden, title bar hidden
[2019.05.13-17.36.05:107][  0]LogCollectionManager: Loaded 0 collections in 0.003767 seconds
[2019.05.13-17.36.05:155][  0]LogFileCache: Scanning file cache for directory 'C:/Users/Octavio/Desktop/Repo/SimpleScene/Saved/Collections/' took 0.01s
[2019.05.13-17.36.05:155][  0]LogFileCache: Scanning file cache for directory 'C:/Users/Octavio/Desktop/Repo/SimpleScene/Content/Developers/Octavio/Collections/' took 0.01s
[2019.05.13-17.36.05:155][  0]LogFileCache: Scanning file cache for directory 'C:/Users/Octavio/Desktop/Repo/SimpleScene/Content/Collections/' took 0.01s
[2019.05.13-17.36.05:155][  0]LogCollectionManager: Rebuilt the GUID cache for 0 collections in 0.000001 seconds
[2019.05.13-17.36.05:173][  0]LogContentBrowser: Native class hierarchy populated in 0.0175 seconds. Added 2572 classes and 603 folders.
[2019.05.13-17.36.05:185][  0]LogContentBrowser: Native class hierarchy updated for 'WidgetCarousel' in 0.0004 seconds. Added 0 classes and 0 folders.
[2019.05.13-17.36.05:289][  0]LogContentBrowser: Native class hierarchy updated for 'AddContentDialog' in 0.0004 seconds. Added 0 classes and 0 folders.
[2019.05.13-17.36.05:298][  0]LogContentBrowser: Native class hierarchy updated for 'SceneOutliner' in 0.0005 seconds. Added 1 classes and 2 folders.
[2019.05.13-17.36.05:353][  0]LogContentBrowser: Native class hierarchy updated for 'HierarchicalLODOutliner' in 0.0005 seconds. Added 0 classes and 0 folders.
[2019.05.13-17.36.05:353][  0]LogLoad: (Engine Initialization) Total time: 13.47 seconds
[2019.05.13-17.36.05:353][  0]LogLoad: (Engine Initialization) Total Blueprint compile time: 0.00 seconds
[2019.05.13-17.36.05:364][  0]LogWindowsTextInputMethodSystem: Display: IME system now deactivated.
[2019.05.13-17.36.05:387][  0]LogContentStreaming: Texture pool size now 1000 MB
[2019.05.13-17.36.05:390][  0]LogSlate: Took 0.000443 seconds to synchronously load lazily loaded font '../../../Engine/Content/Slate/Fonts/Roboto-Regular.ttf' (155K)
[2019.05.13-17.36.05:392][  0]LogSlate: Took 0.000427 seconds to synchronously load lazily loaded font '../../../Engine/Content/Slate/Fonts/Roboto-Bold.ttf' (160K)
[2019.05.13-17.36.05:399][  0]LogSlate: Took 0.000599 seconds to synchronously load lazily loaded font '../../../Engine/Content/Editor/Slate/Fonts/FontAwesome.ttf' (139K)
[2019.05.13-17.36.05:522][  0]LogSlate: Took 0.000467 seconds to synchronously load lazily loaded font '../../../Engine/Content/Slate/Fonts/Roboto-Light.ttf' (167K)
[2019.05.13-17.36.05:573][  2]LogRenderer: Reallocating scene render targets to support 624x356 Format 10 NumSamples 1 (Frame:1).
[2019.05.13-17.36.05:675][  2]LogAssetRegistry: Asset discovery search completed in 7.0905 seconds
[2019.05.13-17.36.05:678][  2]LogCollectionManager: Rebuilt the object cache for 0 collections in 0.000001 seconds (found 0 objects)
[2019.05.13-17.36.05:678][  2]LogCollectionManager: Fixed up redirectors for 0 collections in 0.000131 seconds (updated 0 objects)
[2019.05.13-17.36.06:389][ 77]LogSlate: Took 0.000430 seconds to synchronously load lazily loaded font '../../../Engine/Content/Slate/Fonts/Roboto-Light.ttf' (167K)
[2019.05.13-17.36.09:943][495]LogSlate: FSceneViewport::OnFocusLost() reason 0
[2019.05.13-17.36.10:121][513]LogAssetEditorManager: Opening Asset editor for Material /Game/Materials/StoneFloor.StoneFloor
[2019.05.13-17.36.10:126][513]LogMaterial: Display: Missing cached shader map for material StoneFloor, compiling. 
[2019.05.13-17.36.10:556][513]LogMaterial: Display: Missing cached shader map for material StoneFloor, compiling. 
[2019.05.13-17.36.10:578][513]LogMaterial: Display: Missing cached shader map for material StoneFloor, compiling. 
[2019.05.13-17.36.10:604][513]LogShaderCompilers: Display: Shaders left to compile 21
[2019.05.13-17.36.10:604][513]LogShaderCompilers: Display: Shaders left to compile 20
[2019.05.13-17.36.10:604][513]LogShaderCompilers: Display: Shaders left to compile 19
[2019.05.13-17.36.10:630][513]LogMaterial: Display: Missing cached shader map for material FMatExpressionPreview MaterialExpressionTextureSample_2, compiling. 
[2019.05.13-17.36.10:636][513]LogMaterial: Display: Missing cached shader map for material FMatExpressionPreview MaterialExpressionTextureSample_3, compiling. 
[2019.05.13-17.36.10:681][513]LogSlate: Took 0.000526 seconds to synchronously load lazily loaded font '../../../Engine/Content/Slate/Fonts/Roboto-BoldCondensed.ttf' (158K)
[2019.05.13-17.36.12:766][661]LogShaderCompilers: Display: Shaders left to compile 22
[2019.05.13-17.36.12:809][665]LogShaderCompilers: Display: Shaders left to compile 21
[2019.05.13-17.36.13:152][695]LogShaderCompilers: Display: Shaders left to compile 20
[2019.05.13-17.36.13:681][737]LogShaderCompilers: Display: Shaders left to compile 19
[2019.05.13-17.36.13:846][749]LogShaderCompilers: Display: Shaders left to compile 18
[2019.05.13-17.36.14:807][795]LogShaderCompilers: Display: Shaders left to compile 17
[2019.05.13-17.36.15:074][800]LogShaderCompilers: Display: Shaders left to compile 16
[2019.05.13-17.36.15:196][803]LogShaderCompilers: Display: Shaders left to compile 15
[2019.05.13-17.36.21:476][ 49]LogMaterial: Display: Missing cached shader map for material StoneFloor, compiling. 
[2019.05.13-17.36.21:541][ 49]LogMaterial: Display: Missing cached shader map for material StoneFloor, compiling. 
[2019.05.13-17.36.21:635][ 49]LogMaterial: Display: Missing cached shader map for material FMatExpressionPreview MaterialExpressionTextureSample_2, compiling. 
[2019.05.13-17.36.23:355][117]LogMaterial: Display: Missing cached shader map for material StoneFloor, compiling. 
[2019.05.13-17.36.23:983][137]LogShaderCompilers: Display: Shaders left to compile 25
[2019.05.13-17.36.27:425][286]LogShaderCompilers: Display: Shaders left to compile 24
[2019.05.13-17.36.27:439][287]LogShaderCompilers: Display: Shaders left to compile 23
[2019.05.13-17.36.27:943][325]LogShaderCompilers: Display: Shaders left to compile 22
[2019.05.13-17.36.28:266][352]LogShaderCompilers: Display: Shaders left to compile 21
[2019.05.13-17.36.28:422][365]LogShaderCompilers: Display: Shaders left to compile 20
[2019.05.13-17.36.28:833][399]LogShaderCompilers: Display: Shaders left to compile 19
[2019.05.13-17.36.28:935][406]LogShaderCompilers: Display: Shaders left to compile 18
[2019.05.13-17.36.29:126][423]LogShaderCompilers: Display: Shaders left to compile 17
[2019.05.13-17.36.29:489][451]LogShaderCompilers: Display: Shaders left to compile 16
[2019.05.13-17.36.29:525][454]LogShaderCompilers: Display: Shaders left to compile 15
[2019.05.13-17.36.29:678][467]LogShaderCompilers: Display: Shaders left to compile 14
[2019.05.13-17.36.30:065][499]LogShaderCompilers: Display: Shaders left to compile 13
[2019.05.13-17.36.30:171][508]LogShaderCompilers: Display: Shaders left to compile 12
[2019.05.13-17.36.30:184][509]LogShaderCompilers: Display: Shaders left to compile 11
[2019.05.13-17.36.30:587][545]LogShaderCompilers: Display: Shaders left to compile 10
[2019.05.13-17.36.31:054][581]LogMaterial: Display: Missing cached shader map for material StoneFloor, compiling. 
[2019.05.13-17.36.31:079][581]LogMaterial: Display: Missing cached shader map for material FMatExpressionPreview MaterialExpressionConstant3Vector_0, compiling. 
[2019.05.13-17.36.31:682][623]LogShaderCompilers: Display: Shaders left to compile 23
[2019.05.13-17.36.32:026][650]LogShaderCompilers: Display: Shaders left to compile 22
[2019.05.13-17.36.32:182][662]LogShaderCompilers: Display: Shaders left to compile 21
[2019.05.13-17.36.32:923][722]LogShaderCompilers: Display: Shaders left to compile 20
[2019.05.13-17.36.33:667][776]LogShaderCompilers: Display: Shaders left to compile 19
[2019.05.13-17.36.33:706][779]LogShaderCompilers: Display: Shaders left to compile 18
[2019.05.13-17.36.34:160][813]LogShaderCompilers: Display: Shaders left to compile 17
[2019.05.13-17.36.34:631][852]LogShaderCompilers: Display: Shaders left to compile 16
[2019.05.13-17.36.34:643][853]LogShaderCompilers: Display: Shaders left to compile 15
[2019.05.13-17.36.34:689][857]LogShaderCompilers: Display: Shaders left to compile 14
[2019.05.13-17.36.34:776][864]LogMaterial: Display: Missing cached shader map for material StoneFloor, compiling. 
[2019.05.13-17.36.34:809][864]LogMaterial: Display: Missing cached shader map for material FMatExpressionPreview MaterialExpressionConstant3Vector_0, compiling. 
[2019.05.13-17.36.35:488][910]LogShaderCompilers: Display: Shaders left to compile 23
[2019.05.13-17.36.35:488][910]LogShaderCompilers: Display: Shaders left to compile 22
[2019.05.13-17.36.36:558][993]LogShaderCompilers: Display: Shaders left to compile 21
[2019.05.13-17.36.36:699][  5]LogShaderCompilers: Display: Shaders left to compile 20
[2019.05.13-17.36.36:749][  9]LogShaderCompilers: Display: Shaders left to compile 19
[2019.05.13-17.36.37:182][ 44]LogMaterial: Display: Missing cached shader map for material StoneFloor, compiling. 
[2019.05.13-17.36.37:211][ 44]LogMaterial: Display: Missing cached shader map for material FMatExpressionPreview MaterialExpressionConstant3Vector_0, compiling. 
[2019.05.13-17.36.37:228][ 44]LogShaderCompilers: Display: Shaders left to compile 23
[2019.05.13-17.36.37:314][ 49]LogShaderCompilers: Display: Shaders left to compile 22
[2019.05.13-17.36.37:328][ 50]LogShaderCompilers: Display: Shaders left to compile 21
[2019.05.13-17.36.38:386][131]LogShaderCompilers: Display: Shaders left to compile 20
[2019.05.13-17.36.38:508][141]LogShaderCompilers: Display: Shaders left to compile 19
[2019.05.13-17.36.38:520][142]LogShaderCompilers: Display: Shaders left to compile 18
[2019.05.13-17.36.39:008][182]LogShaderCompilers: Display: Shaders left to compile 17
[2019.05.13-17.36.39:020][183]LogShaderCompilers: Display: Shaders left to compile 16
[2019.05.13-17.36.39:051][185]LogMaterial: Display: Missing cached shader map for material StoneFloor, compiling. 
[2019.05.13-17.36.39:081][185]LogMaterial: Display: Missing cached shader map for material FMatExpressionPreview MaterialExpressionConstant3Vector_0, compiling. 
[2019.05.13-17.36.39:123][186]LogShaderCompilers: Display: Shaders left to compile 23
[2019.05.13-17.36.39:744][231]LogShaderCompilers: Display: Shaders left to compile 22
[2019.05.13-17.36.39:871][241]LogShaderCompilers: Display: Shaders left to compile 21
[2019.05.13-17.36.40:296][275]LogShaderCompilers: Display: Shaders left to compile 20
[2019.05.13-17.36.40:369][280]LogMaterial: Display: Missing cached shader map for material StoneFloor, compiling. 
[2019.05.13-17.36.40:399][280]LogMaterial: Display: Missing cached shader map for material FMatExpressionPreview MaterialExpressionConstant3Vector_0, compiling. 
[2019.05.13-17.36.40:692][299]LogShaderCompilers: Display: Shaders left to compile 23
[2019.05.13-17.36.40:984][321]LogShaderCompilers: Display: Shaders left to compile 22
[2019.05.13-17.36.41:410][354]LogShaderCompilers: Display: Shaders left to compile 21
[2019.05.13-17.36.41:923][393]LogShaderCompilers: Display: Shaders left to compile 20
[2019.05.13-17.36.42:165][404]LogShaderCompilers: Display: Shaders left to compile 19
[2019.05.13-17.36.42:668][427]LogShaderCompilers: Display: Shaders left to compile 18
[2019.05.13-17.36.43:716][475]LogShaderCompilers: Display: Shaders left to compile 17
[2019.05.13-17.36.43:826][480]LogShaderCompilers: Display: Shaders left to compile 16
[2019.05.13-17.36.44:259][500]LogShaderCompilers: Display: Shaders left to compile 15
[2019.05.13-17.36.45:294][548]LogShaderCompilers: Display: Shaders left to compile 14
[2019.05.13-17.36.45:630][563]LogShaderCompilers: Display: Shaders left to compile 13
[2019.05.13-17.36.46:138][587]LogShaderCompilers: Display: Shaders left to compile 12
[2019.05.13-17.36.47:366][643]LogMaterial: Display: Missing cached shader map for material StoneFloor, compiling. 
[2019.05.13-17.36.47:432][643]LogMaterial: Display: Missing cached shader map for material FMatExpressionPreview MaterialExpressionConstant3Vector_0, compiling. 
[2019.05.13-17.36.49:181][713]LogMaterial: Display: Missing cached shader map for material StoneFloor, compiling. 
[2019.05.13-17.36.49:244][713]LogMaterial: Display: Missing cached shader map for material FMatExpressionPreview MaterialExpressionConstant3Vector_0, compiling. 
[2019.05.13-17.36.51:592][809]LogShaderCompilers: Display: Shaders left to compile 23
[2019.05.13-17.36.52:527][851]LogShaderCompilers: Display: Shaders left to compile 22
[2019.05.13-17.36.52:842][865]LogShaderCompilers: Display: Shaders left to compile 21
[2019.05.13-17.36.53:451][893]LogShaderCompilers: Display: Shaders left to compile 20
[2019.05.13-17.36.54:232][937]LogShaderCompilers: Display: Shaders left to compile 19
[2019.05.13-17.36.54:383][950]LogShaderCompilers: Display: Shaders left to compile 18
[2019.05.13-17.36.54:498][960]LogShaderCompilers: Display: Shaders left to compile 17
[2019.05.13-17.36.54:763][983]LogShaderCompilers: Display: Shaders left to compile 16
[2019.05.13-17.36.54:956][999]LogShaderCompilers: Display: Shaders left to compile 15
[2019.05.13-17.36.55:037][  6]LogShaderCompilers: Display: Shaders left to compile 14
[2019.05.13-17.36.55:288][ 27]LogShaderCompilers: Display: Shaders left to compile 13
[2019.05.13-17.36.55:473][ 43]LogShaderCompilers: Display: Shaders left to compile 12
[2019.05.13-17.36.56:283][108]LogShaderCompilers: Display: Shaders left to compile 11
[2019.05.13-17.36.56:409][118]LogShaderCompilers: Display: Shaders left to compile 10
[2019.05.13-17.36.56:694][142]LogShaderCompilers: Display: Shaders left to compile 9
[2019.05.13-17.36.57:550][210]LogShaderCompilers: Display: Shaders left to compile 8
[2019.05.13-17.36.57:587][213]LogShaderCompilers: Display: Shaders left to compile 7
[2019.05.13-17.36.57:690][221]LogMaterial: Display: Missing cached shader map for material StoneFloor, compiling. 
[2019.05.13-17.36.57:721][221]LogMaterial: Display: Missing cached shader map for material FMatExpressionPreview MaterialExpressionConstant3Vector_0, compiling. 
[2019.05.13-17.36.57:739][221]LogShaderCompilers: Display: Shaders left to compile 23
[2019.05.13-17.36.58:813][301]LogShaderCompilers: Display: Shaders left to compile 22
[2019.05.13-17.36.59:475][354]LogShaderCompilers: Display: Shaders left to compile 21
[2019.05.13-17.36.59:630][367]LogShaderCompilers: Display: Shaders left to compile 20
[2019.05.13-17.36.59:664][370]LogShaderCompilers: Display: Shaders left to compile 19
[2019.05.13-17.37.00:209][413]LogShaderCompilers: Display: Shaders left to compile 18
[2019.05.13-17.37.00:245][416]LogShaderCompilers: Display: Shaders left to compile 17
[2019.05.13-17.37.00:326][423]LogShaderCompilers: Display: Shaders left to compile 16
[2019.05.13-17.37.00:553][442]LogMaterial: Display: Missing cached shader map for material StoneFloor, compiling. 
[2019.05.13-17.37.00:580][442]LogMaterial: Display: Missing cached shader map for material FMatExpressionPreview MaterialExpressionConstant3Vector_0, compiling. 
[2019.05.13-17.37.00:954][466]LogShaderCompilers: Display: Shaders left to compile 23
[2019.05.13-17.37.00:994][469]LogShaderCompilers: Display: Shaders left to compile 22
[2019.05.13-17.37.01:046][473]LogShaderCompilers: Display: Shaders left to compile 21
[2019.05.13-17.37.02:048][551]LogShaderCompilers: Display: Shaders left to compile 20
[2019.05.13-17.37.02:060][552]LogShaderCompilers: Display: Shaders left to compile 19
[2019.05.13-17.37.02:270][570]LogShaderCompilers: Display: Shaders left to compile 18
[2019.05.13-17.37.02:651][601]LogShaderCompilers: Display: Shaders left to compile 17
[2019.05.13-17.37.02:665][602]LogShaderCompilers: Display: Shaders left to compile 16
[2019.05.13-17.37.02:842][617]LogShaderCompilers: Display: Shaders left to compile 15
[2019.05.13-17.37.03:067][636]LogShaderCompilers: Display: Shaders left to compile 14
[2019.05.13-17.37.03:368][661]LogShaderCompilers: Display: Shaders left to compile 13
[2019.05.13-17.37.03:552][677]LogShaderCompilers: Display: Shaders left to compile 12
[2019.05.13-17.37.03:583][679]LogMaterial: Display: Missing cached shader map for material StoneFloor, compiling. 
[2019.05.13-17.37.03:613][679]LogMaterial: Display: Missing cached shader map for material FMatExpressionPreview MaterialExpressionConstant3Vector_0, compiling. 
[2019.05.13-17.37.05:117][785]LogShaderCompilers: Display: Shaders left to compile 23
[2019.05.13-17.37.05:416][809]LogShaderCompilers: Display: Shaders left to compile 22
[2019.05.13-17.37.05:506][816]LogShaderCompilers: Display: Shaders left to compile 21
[2019.05.13-17.37.06:002][856]LogMaterial: Display: Missing cached shader map for material StoneFloor, compiling. 
[2019.05.13-17.37.06:036][856]LogMaterial: Display: Missing cached shader map for material FMatExpressionPreview MaterialExpressionConstant3Vector_0, compiling. 
[2019.05.13-17.37.06:715][888]LogShaderCompilers: Display: Shaders left to compile 23
[2019.05.13-17.37.06:932][903]LogShaderCompilers: Display: Shaders left to compile 22
[2019.05.13-17.37.07:361][935]LogShaderCompilers: Display: Shaders left to compile 21
[2019.05.13-17.37.08:726][ 38]LogShaderCompilers: Display: Shaders left to compile 20
[2019.05.13-17.37.08:740][ 39]LogShaderCompilers: Display: Shaders left to compile 19
[2019.05.13-17.37.09:259][ 79]LogShaderCompilers: Display: Shaders left to compile 18
[2019.05.13-17.37.10:960][153]LogShaderCompilers: Display: Shaders left to compile 17
[2019.05.13-17.37.11:136][161]LogShaderCompilers: Display: Shaders left to compile 16
[2019.05.13-17.37.11:305][168]LogMaterial: Display: Missing cached shader map for material StoneFloor, compiling. 
[2019.05.13-17.37.11:370][168]LogMaterial: Display: Missing cached shader map for material FMatExpressionPreview MaterialExpressionConstant3Vector_0, compiling. 
[2019.05.13-17.37.11:408][168]LogSlate: Window 'Color Picker' being destroyed
[2019.05.13-17.37.12:433][208]LogShaderCompilers: Display: Shaders left to compile 23
[2019.05.13-17.37.13:457][249]LogShaderCompilers: Display: Shaders left to compile 22
[2019.05.13-17.37.13:538][253]LogShaderCompilers: Display: Shaders left to compile 21
[2019.05.13-17.37.14:807][309]LogShaderCompilers: Display: Shaders left to compile 20
[2019.05.13-17.37.15:460][339]LogShaderCompilers: Display: Shaders left to compile 19
[2019.05.13-17.37.15:540][343]LogShaderCompilers: Display: Shaders left to compile 18
[2019.05.13-17.37.15:808][353]LogMaterial: Display: Missing cached shader map for material StoneFloor, compiling. 
[2019.05.13-17.37.18:342][453]LogMaterial: Display: Missing cached shader map for material StoneFloor, compiling. 
[2019.05.13-17.37.18:406][453]LogMaterial: Display: Missing cached shader map for material FMatExpressionPreview MaterialExpressionTextureSample_2, compiling. 
[2019.05.13-17.37.20:360][509]LogShaderCompilers: Display: Shaders left to compile 25
[2019.05.13-17.37.20:360][509]LogShaderCompilers: Display: Shaders left to compile 24
[2019.05.13-17.37.20:436][512]LogShaderCompilers: Display: Shaders left to compile 23
[2019.05.13-17.37.21:505][578]LogShaderCompilers: Display: Shaders left to compile 22
[2019.05.13-17.37.21:606][587]LogShaderCompilers: Display: Shaders left to compile 21
[2019.05.13-17.37.21:756][600]LogShaderCompilers: Display: Shaders left to compile 20
[2019.05.13-17.37.22:171][634]LogShaderCompilers: Display: Shaders left to compile 19
[2019.05.13-17.37.22:241][639]LogMaterial: Display: Missing cached shader map for material StoneFloor, compiling. 
[2019.05.13-17.37.22:274][639]LogMaterial: Display: Missing cached shader map for material FMatExpressionPreview MaterialExpressionConstant3Vector_0, compiling. 
[2019.05.13-17.37.22:317][640]LogShaderCompilers: Display: Shaders left to compile 25
[2019.05.13-17.37.22:387][645]LogShaderCompilers: Display: Shaders left to compile 24
[2019.05.13-17.37.23:288][715]LogShaderCompilers: Display: Shaders left to compile 23
[2019.05.13-17.37.23:677][745]LogShaderCompilers: Display: Shaders left to compile 22
[2019.05.13-17.37.23:880][762]LogShaderCompilers: Display: Shaders left to compile 21
[2019.05.13-17.37.23:996][772]LogShaderCompilers: Display: Shaders left to compile 20
[2019.05.13-17.37.24:513][815]LogShaderCompilers: Display: Shaders left to compile 19
[2019.05.13-17.37.24:636][826]LogShaderCompilers: Display: Shaders left to compile 18
[2019.05.13-17.37.24:648][827]LogShaderCompilers: Display: Shaders left to compile 17
[2019.05.13-17.37.25:350][882]LogShaderCompilers: Display: Shaders left to compile 16
[2019.05.13-17.37.25:803][916]LogShaderCompilers: Display: Shaders left to compile 15
[2019.05.13-17.37.25:814][917]LogShaderCompilers: Display: Shaders left to compile 14
[2019.05.13-17.37.26:157][946]LogShaderCompilers: Display: Shaders left to compile 13
[2019.05.13-17.37.26:560][977]LogShaderCompilers: Display: Shaders left to compile 12
[2019.05.13-17.37.27:617][ 57]LogShaderCompilers: Display: Shaders left to compile 11
[2019.05.13-17.37.27:971][ 86]LogShaderCompilers: Display: Shaders left to compile 10
[2019.05.13-17.37.28:967][162]LogShaderCompilers: Display: Shaders left to compile 9
[2019.05.13-17.37.29:480][204]LogShaderCompilers: Display: Shaders left to compile 8
[2019.05.13-17.37.29:743][227]LogShaderCompilers: Display: Shaders left to compile 7
[2019.05.13-17.37.29:860][238]LogShaderCompilers: Display: Shaders left to compile 6
[2019.05.13-17.37.29:946][245]LogMaterial: Display: Missing cached shader map for material StoneFloor, compiling. 
[2019.05.13-17.37.31:817][383]LogShaderCompilers: Display: Shaders left to compile 23
[2019.05.13-17.37.32:013][399]LogMaterialEditor: Applying material StoneFloor
[2019.05.13-17.37.33:365][399]LogShaderCompilers: Display: Shaders left to compile 22
[2019.05.13-17.37.33:365][399]LogShaderCompilers: Display: Shaders left to compile 21
[2019.05.13-17.37.33:365][399]LogShaderCompilers: Display: Shaders left to compile 20
[2019.05.13-17.37.33:365][399]LogShaderCompilers: Display: Shaders left to compile 19
[2019.05.13-17.37.33:365][399]LogShaderCompilers: Display: Shaders left to compile 18
[2019.05.13-17.37.33:365][399]LogShaderCompilers: Display: Shaders left to compile 17
[2019.05.13-17.37.33:365][399]LogShaderCompilers: Display: Shaders left to compile 16
[2019.05.13-17.37.33:366][399]LogShaderCompilers: Display: Shaders left to compile 15
[2019.05.13-17.37.33:391][399]LogMaterial: Display: Missing cached shader map for material StoneFloor, compiling. 
[2019.05.13-17.37.33:468][399]LogShaderCompilers: Display: Shaders left to compile 21
[2019.05.13-17.37.33:468][399]LogShaderCompilers: Display: Shaders left to compile 20
[2019.05.13-17.37.33:486][399]LogShaderCompilers: Display: Shaders left to compile 19
[2019.05.13-17.37.33:497][399]LogMaterial: Display: Missing cached shader map for material StoneFloor, compiling. 
[2019.05.13-17.37.33:529][399]LogMaterial: Display: Missing cached shader map for material StoneFloor, compiling. 
[2019.05.13-17.37.33:597][399]LogMaterial: Display: Missing cached shader map for material FDebugViewModeMaterialProxy StoneFloor, compiling. 
[2019.05.13-17.37.37:593][399]LogShaderCompilers: Display: Shaders left to compile 41
[2019.05.13-17.37.37:593][399]LogShaderCompilers: Display: Shaders left to compile 40
[2019.05.13-17.37.37:593][399]LogShaderCompilers: Display: Shaders left to compile 39
[2019.05.13-17.37.37:593][399]LogShaderCompilers: Display: Shaders left to compile 38
[2019.05.13-17.37.37:593][399]LogShaderCompilers: Display: Shaders left to compile 37
[2019.05.13-17.37.37:593][399]LogShaderCompilers: Display: Shaders left to compile 36
[2019.05.13-17.37.37:593][399]LogShaderCompilers: Display: Shaders left to compile 35
[2019.05.13-17.37.37:593][399]LogShaderCompilers: Display: Shaders left to compile 34
[2019.05.13-17.37.37:593][399]LogShaderCompilers: Display: Shaders left to compile 33
[2019.05.13-17.37.37:593][399]LogShaderCompilers: Display: Shaders left to compile 32
[2019.05.13-17.37.37:593][399]LogShaderCompilers: Display: Shaders left to compile 31
[2019.05.13-17.37.37:593][399]LogShaderCompilers: Display: Shaders left to compile 30
[2019.05.13-17.37.37:593][399]LogShaderCompilers: Display: Shaders left to compile 29
[2019.05.13-17.37.37:594][399]LogShaderCompilers: Display: Shaders left to compile 28
[2019.05.13-17.37.37:594][399]LogShaderCompilers: Display: Shaders left to compile 27
[2019.05.13-17.37.37:594][399]LogShaderCompilers: Display: Shaders left to compile 26
[2019.05.13-17.37.37:594][399]LogShaderCompilers: Display: Shaders left to compile 25
[2019.05.13-17.37.37:594][399]LogShaderCompilers: Display: Shaders left to compile 24
[2019.05.13-17.37.37:594][399]LogShaderCompilers: Display: Shaders left to compile 23
[2019.05.13-17.37.37:594][399]LogShaderCompilers: Display: Shaders left to compile 22
[2019.05.13-17.37.37:594][399]LogShaderCompilers: Display: Shaders left to compile 12
[2019.05.13-17.37.37:594][399]LogShaderCompilers: Display: Shaders left to compile 2
[2019.05.13-17.37.37:603][399]TextureStreamingBuild: Display: Compiling optional shaders took 4.012 seconds.
[2019.05.13-17.37.39:810][483]LogMaterialEditor: Saving and Compiling material StoneFloor
[2019.05.13-17.37.48:099][483]Cmd: OBJ SAVEPACKAGE PACKAGE="/Game/Materials/StoneFloor" FILE="../../../../../../Users/Octavio/Desktop/Repo/SimpleScene/Content/Materials/StoneFloor.uasset" SILENT=true
[2019.05.13-17.37.48:132][483]LogSavePackage: Moving '../../../../../../Users/Octavio/Desktop/Repo/SimpleScene/Saved/StoneFloorE10A0F384C0D24BB9F3CACB5C8E4870B.tmp' to '../../../../../../Users/Octavio/Desktop/Repo/SimpleScene/Content/Materials/StoneFloor.uasset'
[2019.05.13-17.37.48:148][483]MaterialEditorStats: Base pass shader: 108 instructions
[2019.05.13-17.37.48:148][483]MaterialEditorStats: Base pass shader with Volumetric Lightmap: 181 instructions
[2019.05.13-17.37.48:148][483]MaterialEditorStats: Base pass vertex shader: 36 instructions
[2019.05.13-17.37.48:148][483]MaterialEditorStats: Texture samplers: 5/16
[2019.05.13-17.37.48:148][483]MaterialEditorStats: Texture Lookups (Est.): VS(0), PS(2)
[2019.05.13-17.37.48:148][483]MaterialEditorStats: User interpolators: 2/4 Scalars (1/4 Vectors) (TexCoords: 2, Custom: 0)
[2019.05.13-17.37.52:799][894]LogSlate: Window 'StoneFloor' being destroyed
[2019.05.13-17.37.52:805][894]LogSlate: Window 'StoneFloor' being destroyed
[2019.05.13-17.38.03:550][150]LogSlate: FSceneViewport::OnFocusLost() reason 0
[2019.05.13-17.38.04:027][163]LogSavePackage: Moving '../../../../../../Users/Octavio/Desktop/Repo/SimpleScene/Saved/FirstPersonExampleMap47FC16954B51DD0FFD1B2C88E161D509.tmp' to '../../../../../../Users/Octavio/Desktop/Repo/SimpleScene/Content/FirstPersonBP/Maps/FirstPersonExampleMap.umap'
[2019.05.13-17.38.08:512][163]LogSavePackage: Moving '../../../../../../Users/Octavio/Desktop/Repo/SimpleScene/Saved/FirstPersonExampleMap_BuiltData520D22514B2F5DC927BA1EA6BCA45444.tmp' to '../../../../../../Users/Octavio/Desktop/Repo/SimpleScene/Content/FirstPersonBP/Maps/FirstPersonExampleMap_BuiltData.uasset'
[2019.05.13-17.38.27:847][444]LogSlate: FSceneViewport::OnFocusLost() reason 0
[2019.05.13-17.38.46:727][942]Cmd: TRANSACTION UNDO
[2019.05.13-17.38.46:728][942]LogEditorTransaction: Undo Move Actors
[2019.05.13-17.38.46:768][942]LogActorComponent: ~FComponentReregisterContext: (/Game/FirstPersonBP/Maps/FirstPersonExampleMap.FirstPersonExampleMap:PersistentLevel.WallHole11.BrushComponent0) Component already registered.
[2019.05.13-17.38.46:768][942]LogActorComponent: ~FComponentReregisterContext: (/Game/FirstPersonBP/Maps/FirstPersonExampleMap.FirstPersonExampleMap:PersistentLevel.WallHole7.BrushComponent0) Component already registered.
[2019.05.13-17.38.46:768][942]LogActorComponent: ~FComponentReregisterContext: (/Game/FirstPersonBP/Maps/FirstPersonExampleMap.FirstPersonExampleMap:PersistentLevel.Top.BrushComponent0) Component already registered.
[2019.05.13-17.38.46:772][942]LogActorComponent: ~FComponentReregisterContext: (/Game/FirstPersonBP/Maps/FirstPersonExampleMap.FirstPersonExampleMap:PersistentLevel.Floor4.BrushComponent0) Component already registered.
[2019.05.13-17.38.46:772][942]LogActorComponent: ~FComponentReregisterContext: (/Game/FirstPersonBP/Maps/FirstPersonExampleMap.FirstPersonExampleMap:PersistentLevel.Window11.BrushComponent0) Component already registered.
[2019.05.13-17.38.46:774][942]LogActorComponent: ~FComponentReregisterContext: (/Game/FirstPersonBP/Maps/FirstPersonExampleMap.FirstPersonExampleMap:PersistentLevel.WallHole15.BrushComponent0) Component already registered.
[2019.05.13-17.38.46:775][942]LogActorComponent: ~FComponentReregisterContext: (/Game/FirstPersonBP/Maps/FirstPersonExampleMap.FirstPersonExampleMap:PersistentLevel.Window2.BrushComponent0) Component already registered.
[2019.05.13-17.38.46:789][942]LogGeometryMode: Warning: Unable to find 1 Poly(s) in new BSP
[2019.05.13-17.38.46:790][942]LogGeometryMode: Warning: Unable to resolve Chimney Brush in new BSP, see above
[2019.05.13-17.38.46:790][942]LogGeometryMode: Warning: Unable to find all previously selected geometry data, resetting selection
[2019.05.13-17.39.02:865][731]LogSlate: FSceneViewport::OnFocusLost() reason 0
[2019.05.13-17.39.12:578][865]LogSlate: FSceneViewport::OnFocusLost() reason 0
[2019.05.13-17.41.04:696][787]LogSlate: FSceneViewport::OnFocusLost() reason 0
[2019.05.13-17.41.39:868][ 98]LogSlate: FSceneViewport::OnFocusLost() reason 0
[2019.05.13-17.41.49:294][153]LogSlate: FSceneViewport::OnFocusLost() reason 0
[2019.05.13-17.41.49:444][171]LogGeometryMode: Warning: Unable to find ChimneyHole Brush(s) in new BSP
[2019.05.13-17.41.49:444][171]LogGeometryMode: Warning: Unable to find all previously selected geometry data, resetting selection
[2019.05.13-17.42.26:674][715]LogSlate: FSceneViewport::OnFocusLost() reason 0
[2019.05.13-17.42.27:187][723]LogSavePackage: Moving '../../../../../../Users/Octavio/Desktop/Repo/SimpleScene/Saved/FirstPersonExampleMapF3064E594F86006864EE27BBC7181FA6.tmp' to '../../../../../../Users/Octavio/Desktop/Repo/SimpleScene/Content/FirstPersonBP/Maps/FirstPersonExampleMap.umap'
[2019.05.13-17.42.31:206][723]LogSavePackage: Moving '../../../../../../Users/Octavio/Desktop/Repo/SimpleScene/Saved/FirstPersonExampleMap_BuiltData400E6A6C4166628EF268EFBE9F5BA807.tmp' to '../../../../../../Users/Octavio/Desktop/Repo/SimpleScene/Content/FirstPersonBP/Maps/FirstPersonExampleMap_BuiltData.uasset'
[2019.05.13-17.44.23:643][767]LogSlate: FSceneViewport::OnFocusLost() reason 0
[2019.05.13-17.44.45:888][280]LogSlate: FSceneViewport::OnFocusLost() reason 0
[2019.05.13-17.46.07:691][384]LogSlate: FSceneViewport::OnFocusLost() reason 0
[2019.05.13-17.46.34:639][816]LogSlate: FSceneViewport::OnFocusLost() reason 2
[2019.05.13-17.46.40:799][527]LogSlate: FSceneViewport::OnFocusLost() reason 0
[2019.05.13-17.47.28:408][247]LogSlate: FSceneViewport::OnFocusLost() reason 0
[2019.05.13-17.47.42:595][473]LogEditorViewport: Clicking on Actor (context menu): Brush (WallHole19)
[2019.05.13-17.47.42:652][473]LogSlate: FSceneViewport::OnFocusLost() reason 2
[2019.05.13-17.48.03:336][618]Cmd: TRANSACTION UNDO
[2019.05.13-17.48.03:336][618]LogEditorTransaction: Undo Move Actors
[2019.05.13-17.48.03:373][618]LogActorComponent: ~FComponentReregisterContext: (/Game/FirstPersonBP/Maps/FirstPersonExampleMap.FirstPersonExampleMap:PersistentLevel.Wall2.BrushComponent0) Component already registered.
[2019.05.13-17.48.03:373][618]LogActorComponent: ~FComponentReregisterContext: (/Game/FirstPersonBP/Maps/FirstPersonExampleMap.FirstPersonExampleMap:PersistentLevel.Wall3.BrushComponent0) Component already registered.
[2019.05.13-17.48.03:374][618]LogActorComponent: ~FComponentReregisterContext: (/Game/FirstPersonBP/Maps/FirstPersonExampleMap.FirstPersonExampleMap:PersistentLevel.Roof.BrushComponent0) Component already registered.
[2019.05.13-17.48.03:378][618]LogActorComponent: ~FComponentReregisterContext: (/Game/FirstPersonBP/Maps/FirstPersonExampleMap.FirstPersonExampleMap:PersistentLevel.WallHole3.BrushComponent0) Component already registered.
[2019.05.13-17.48.03:379][618]LogActorComponent: ~FComponentReregisterContext: (/Game/FirstPersonBP/Maps/FirstPersonExampleMap.FirstPersonExampleMap:PersistentLevel.Window.BrushComponent0) Component already registered.
[2019.05.13-17.48.03:379][618]LogActorComponent: ~FComponentReregisterContext: (/Game/FirstPersonBP/Maps/FirstPersonExampleMap.FirstPersonExampleMap:PersistentLevel.Window14.BrushComponent0) Component already registered.
[2019.05.13-17.48.03:381][618]LogActorComponent: ~FComponentReregisterContext: (/Game/FirstPersonBP/Maps/FirstPersonExampleMap.FirstPersonExampleMap:PersistentLevel.WallHole17.BrushComponent0) Component already registered.
[2019.05.13-17.48.03:381][618]LogActorComponent: ~FComponentReregisterContext: (/Game/FirstPersonBP/Maps/FirstPersonExampleMap.FirstPersonExampleMap:PersistentLevel.WallHole14_31.BrushComponent0) Component already registered.
[2019.05.13-17.48.03:381][618]LogActorComponent: ~FComponentReregisterContext: (/Game/FirstPersonBP/Maps/FirstPersonExampleMap.FirstPersonExampleMap:PersistentLevel.Wall6.BrushComponent0) Component already registered.
[2019.05.13-17.48.03:382][618]LogActorComponent: ~FComponentReregisterContext: (/Game/FirstPersonBP/Maps/FirstPersonExampleMap.FirstPersonExampleMap:PersistentLevel.Window7.BrushComponent0) Component already registered.
[2019.05.13-17.48.03:393][618]LogGeometryMode: Warning: Unable to find 1 Poly(s) in new BSP
[2019.05.13-17.48.03:393][618]LogGeometryMode: Warning: Unable to resolve WallHole19 Brush in new BSP, see above
[2019.05.13-17.48.03:393][618]LogGeometryMode: Warning: Unable to find all previously selected geometry data, resetting selection
[2019.05.13-17.48.13:284][720]LogGeometryMode: Warning: Unable to find Floor6 Brush(s) in new BSP
[2019.05.13-17.48.13:284][720]LogGeometryMode: Warning: Unable to find all previously selected geometry data, resetting selection
[2019.05.13-17.48.14:461][852]LogEditorViewport: Clicking on Actor (LMB): BP_Sky_Sphere_C (SkySphereBlueprint)
[2019.05.13-17.48.16:672][ 38]LogSlate: FSceneViewport::OnFocusLost() reason 0
[2019.05.13-17.48.24:505][507]LogGeometryMode: Warning: Unable to find Wall5 Brush(s) in new BSP
[2019.05.13-17.48.24:506][507]LogGeometryMode: Warning: Unable to find all previously selected geometry data, resetting selection
[2019.05.13-17.48.26:595][631]LogSlate: FSceneViewport::OnFocusLost() reason 0
[2019.05.13-17.48.39:116][992]LogSlate: FSceneViewport::OnFocusLost() reason 0
[2019.05.13-17.48.56:230][942]LogSlate: FSceneViewport::OnFocusLost() reason 0
[2019.05.13-17.49.14:371][392]LogSlate: FSceneViewport::OnFocusLost() reason 0
[2019.05.13-17.49.14:895][403]LogSavePackage: Moving '../../../../../../Users/Octavio/Desktop/Repo/SimpleScene/Saved/FirstPersonExampleMapCE59D99349B4A637B7CC4698772EE8AF.tmp' to '../../../../../../Users/Octavio/Desktop/Repo/SimpleScene/Content/FirstPersonBP/Maps/FirstPersonExampleMap.umap'
[2019.05.13-17.49.18:910][403]LogSavePackage: Moving '../../../../../../Users/Octavio/Desktop/Repo/SimpleScene/Saved/FirstPersonExampleMap_BuiltData5A75824F411C434DFC29CA86E2174E1C.tmp' to '../../../../../../Users/Octavio/Desktop/Repo/SimpleScene/Content/FirstPersonBP/Maps/FirstPersonExampleMap_BuiltData.uasset'
[2019.05.13-17.49.24:049][  7]LogSlate: FSceneViewport::OnFocusLost() reason 0
[2019.05.13-17.49.24:290][ 21]LogSlate: Window 'SimpleScene - Unreal Editor' being destroyed
[2019.05.13-17.49.24:494][ 22]Cmd: QUIT_EDITOR
[2019.05.13-17.49.24:518][ 22]LogWindowsTextInputMethodSystem: Display: IME system now deactivated.
[2019.05.13-17.49.24:533][ 22]LogExit: Preparing to exit.
[2019.05.13-17.49.25:376][ 22]LogExit: Editor shut down
[2019.05.13-17.49.25:377][ 22]LogExit: Transaction tracking system shut down
[2019.05.13-17.49.26:119][ 22]LogExit: Object subsystem successfully closed.
[2019.05.13-17.49.26:167][ 22]LogShaderCompilers: Display: Shaders left to compile 0
[2019.05.13-17.49.26:171][ 22]LogD3D11RHI: Shutdown
[2019.05.13-17.49.26:171][ 22]LogD3D11RHI: CleanupD3DDevice
[2019.05.13-17.49.26:177][ 22]LogD3D11RHI: ~FD3D11DynamicRHI
[2019.05.13-17.49.26:208][ 22]LogModuleManager: Shutting down and abandoning module HierarchicalLODOutliner (610)
[2019.05.13-17.49.26:209][ 22]LogModuleManager: Shutting down and abandoning module SceneOutliner (608)
[2019.05.13-17.49.26:209][ 22]LogModuleManager: Shutting down and abandoning module AddContentDialog (606)
[2019.05.13-17.49.26:209][ 22]LogModuleManager: Shutting down and abandoning module WidgetCarousel (605)
[2019.05.13-17.49.26:209][ 22]LogModuleManager: Shutting down and abandoning module EditorWidgets (602)
[2019.05.13-17.49.26:209][ 22]LogModuleManager: Shutting down and abandoning module CollectionManager (600)
[2019.05.13-17.49.26:210][ 22]LogModuleManager: Shutting down and abandoning module StatsViewer (598)
[2019.05.13-17.49.26:210][ 22]LogModuleManager: Shutting down and abandoning module FoliageEdit (596)
[2019.05.13-17.49.26:210][ 22]LogModuleManager: Shutting down and abandoning module LandscapeEditor (594)
[2019.05.13-17.49.26:210][ 22]LogModuleManager: Shutting down and abandoning module MeshPaintMode (592)
[2019.05.13-17.49.26:210][ 22]LogModuleManager: Shutting down and abandoning module SceneDepthPickerMode (590)
[2019.05.13-17.49.26:210][ 22]LogModuleManager: Shutting down and abandoning module ActorPickerMode (588)
[2019.05.13-17.49.26:210][ 22]LogModuleManager: Shutting down and abandoning module GeometryMode (586)
[2019.05.13-17.49.26:210][ 22]LogModuleManager: Shutting down and abandoning module TextureAlignMode (584)
[2019.05.13-17.49.26:210][ 22]LogModuleManager: Shutting down and abandoning module BspMode (582)
[2019.05.13-17.49.26:210][ 22]LogModuleManager: Shutting down and abandoning module PIEPreviewDeviceProfileSelector (580)
[2019.05.13-17.49.26:210][ 22]LogModuleManager: Shutting down and abandoning module SequenceRecorderSections (578)
[2019.05.13-17.49.26:210][ 22]LogModuleManager: Shutting down and abandoning module AutomationWorker (576)
[2019.05.13-17.49.26:210][ 22]LogModuleManager: Shutting down and abandoning module AudioCaptureEditor (574)
[2019.05.13-17.49.26:210][ 22]LogModuleManager: Shutting down and abandoning module SequenceRecorder (573)
[2019.05.13-17.49.26:210][ 22]LogModuleManager: Shutting down and abandoning module MatineeToLevelSequence (570)
[2019.05.13-17.49.26:210][ 22]LogModuleManager: Shutting down and abandoning module LevelSequenceEditor (568)
[2019.05.13-17.49.26:210][ 22]LogModuleManager: Shutting down and abandoning module PlacementMode (567)
[2019.05.13-17.49.26:211][ 22]LogModuleManager: Shutting down and abandoning module MaterialEditor (566)
[2019.05.13-17.49.26:211][ 22]LogModuleManager: Shutting down and abandoning module WmfMediaFactory (562)
[2019.05.13-17.49.26:211][ 22]LogModuleManager: Shutting down and abandoning module WmfMediaEditor (560)
[2019.05.13-17.49.26:211][ 22]LogModuleManager: Shutting down and abandoning module MediaPlayerEditor (558)
[2019.05.13-17.49.26:211][ 22]LogModuleManager: Shutting down and abandoning module OpenExrWrapper (556)
[2019.05.13-17.49.26:211][ 22]LogModuleManager: Shutting down and abandoning module ImgMediaFactory (554)
[2019.05.13-17.49.26:211][ 22]LogModuleManager: Shutting down and abandoning module ImgMediaEditor (552)
[2019.05.13-17.49.26:211][ 22]LogModuleManager: Shutting down and abandoning module AvfMediaFactory (550)
[2019.05.13-17.49.26:211][ 22]LogModuleManager: Shutting down and abandoning module AvfMediaEditor (548)
[2019.05.13-17.49.26:211][ 22]LogModuleManager: Shutting down and abandoning module AndroidMediaFactory (546)
[2019.05.13-17.49.26:211][ 22]LogModuleManager: Shutting down and abandoning module AndroidMediaEditor (544)
[2019.05.13-17.49.26:211][ 22]LogModuleManager: Shutting down and abandoning module MagicLeapCameraPreviewFactory (542)
[2019.05.13-17.49.26:211][ 22]LogModuleManager: Shutting down and abandoning module MagicLeapMediaFactory (540)
[2019.05.13-17.49.26:211][ 22]LogModuleManager: Shutting down and abandoning module MagicLeapMediaEditor (538)
[2019.05.13-17.49.26:211][ 22]LogModuleManager: Shutting down and abandoning module CharacterAI (536)
[2019.05.13-17.49.26:211][ 22]LogModuleManager: Shutting down and abandoning module SmartSnapping (534)
[2019.05.13-17.49.26:211][ 22]LogModuleManager: Shutting down and abandoning module SessionServices (532)
[2019.05.13-17.49.26:211][ 22]LogModuleManager: Shutting down and abandoning module ViewportSnapping (530)
[2019.05.13-17.49.26:211][ 22]LogModuleManager: Shutting down and abandoning module ViewportInteraction (528)
[2019.05.13-17.49.26:211][ 22]LogModuleManager: Shutting down and abandoning module ClothPainter (526)
[2019.05.13-17.49.26:211][ 22]LogModuleManager: Shutting down and abandoning module SkeletalMeshEditor (525)
[2019.05.13-17.49.26:211][ 22]LogModuleManager: Shutting down and abandoning module LogVisualizer (522)
[2019.05.13-17.49.26:211][ 22]LogModuleManager: Shutting down and abandoning module IntroTutorials (520)
[2019.05.13-17.49.26:211][ 22]LogModuleManager: Shutting down and abandoning module GameProjectGeneration (519)
[2019.05.13-17.49.26:211][ 22]LogModuleManager: Shutting down and abandoning module LuminPlatformEditor (516)
[2019.05.13-17.49.26:211][ 22]LogModuleManager: Shutting down and abandoning module IOSPlatformEditor (514)
[2019.05.13-17.49.26:212][ 22]LogModuleManager: Shutting down and abandoning module HTML5PlatformEditor (512)
[2019.05.13-17.49.26:212][ 22]LogModuleManager: Shutting down and abandoning module AndroidPlatformEditor (510)
[2019.05.13-17.49.26:212][ 22]LogModuleManager: Shutting down and abandoning module AndroidDeviceDetection (509)
[2019.05.13-17.49.26:970][ 22]LogModuleManager: Shutting down and abandoning module WindowsPlatformEditor (506)
[2019.05.13-17.49.26:970][ 22]LogModuleManager: Shutting down and abandoning module LuminRuntimeSettings (504)
[2019.05.13-17.49.26:970][ 22]LogModuleManager: Shutting down and abandoning module IOSRuntimeSettings (502)
[2019.05.13-17.49.26:970][ 22]LogModuleManager: Shutting down and abandoning module AndroidRuntimeSettings (500)
[2019.05.13-17.49.26:970][ 22]LogModuleManager: Shutting down and abandoning module InputBindingEditor (498)
[2019.05.13-17.49.26:970][ 22]LogModuleManager: Shutting down and abandoning module MergeActors (496)
[2019.05.13-17.49.26:970][ 22]LogModuleManager: Shutting down and abandoning module LocalizationDashboard (494)
[2019.05.13-17.49.26:970][ 22]LogModuleManager: Shutting down and abandoning module LocalizationService (493)
[2019.05.13-17.49.26:970][ 22]LogModuleManager: Shutting down and abandoning module HardwareTargeting (490)
[2019.05.13-17.49.26:970][ 22]LogModuleManager: Shutting down and abandoning module DeviceProfileEditor (488)
[2019.05.13-17.49.26:970][ 22]LogModuleManager: Shutting down and abandoning module UndoHistory (486)
[2019.05.13-17.49.26:970][ 22]LogModuleManager: Shutting down and abandoning module XmlParser (484)
[2019.05.13-17.49.26:970][ 22]LogModuleManager: Shutting down and abandoning module Blutility (482)
[2019.05.13-17.49.26:970][ 22]LogModuleManager: Shutting down and abandoning module ProjectSettingsViewer (480)
[2019.05.13-17.49.26:970][ 22]LogModuleManager: Shutting down and abandoning module ProjectTargetPlatformEditor (479)
[2019.05.13-17.49.26:970][ 22]LogModuleManager: Shutting down and abandoning module EditorSettingsViewer (476)
[2019.05.13-17.49.26:971][ 22]LogModuleManager: Shutting down and abandoning module SettingsEditor (474)
[2019.05.13-17.49.26:971][ 22]LogModuleManager: Shutting down and abandoning module ProjectLauncher (472)
[2019.05.13-17.49.26:971][ 22]LogModuleManager: Shutting down and abandoning module SessionFrontend (470)
[2019.05.13-17.49.26:971][ 22]LogModuleManager: Shutting down and abandoning module ProfilerClient (468)
[2019.05.13-17.49.26:971][ 22]LogModuleManager: Shutting down and abandoning module DeviceManager (466)
[2019.05.13-17.49.26:971][ 22]LogModuleManager: Shutting down and abandoning module TargetDeviceServices (465)
[2019.05.13-17.49.27:025][ 22]LogModuleManager: Shutting down and abandoning module AutomationController (462)
[2019.05.13-17.49.27:025][ 22]LogModuleManager: Shutting down and abandoning module AutomationWindow (460)
[2019.05.13-17.49.27:025][ 22]LogModuleManager: Shutting down and abandoning module Layers (458)
[2019.05.13-17.49.27:025][ 22]LogModuleManager: Shutting down and abandoning module ComponentVisualizers (456)
[2019.05.13-17.49.27:025][ 22]LogModuleManager: Shutting down and abandoning module DetailCustomizations (454)
[2019.05.13-17.49.27:025][ 22]LogModuleManager: Shutting down and abandoning module PackagesDialog (452)
[2019.05.13-17.49.27:025][ 22]LogModuleManager: Shutting down and abandoning module Persona (450)
[2019.05.13-17.49.27:025][ 22]LogModuleManager: Shutting down and abandoning module AdvancedPreviewScene (449)
[2019.05.13-17.49.27:025][ 22]LogModuleManager: Shutting down and abandoning module AnimGraph (447)
[2019.05.13-17.49.27:025][ 22]LogModuleManager: Shutting down and abandoning module Kismet (444)
[2019.05.13-17.49.27:026][ 22]LogModuleManager: Shutting down and abandoning module GraphEditor (442)
[2019.05.13-17.49.27:026][ 22]LogModuleManager: Shutting down and abandoning module ClassViewer (440)
[2019.05.13-17.49.27:026][ 22]LogModuleManager: Shutting down and abandoning module Toolbox (438)
[2019.05.13-17.49.27:026][ 22]LogModuleManager: Shutting down and abandoning module ModuleUI (436)
[2019.05.13-17.49.27:026][ 22]LogModuleManager: Shutting down and abandoning module MovieSceneTools (434)
[2019.05.13-17.49.27:026][ 22]LogModuleManager: Shutting down and abandoning module OutputLog (432)
[2019.05.13-17.49.27:026][ 22]LogModuleManager: Shutting down and abandoning module GammaUI (430)
[2019.05.13-17.49.27:026][ 22]LogModuleManager: Shutting down and abandoning module Documentation (428)
[2019.05.13-17.49.27:027][ 22]LogModuleManager: Shutting down and abandoning module MovieSceneTracks (426)
[2019.05.13-17.49.27:027][ 22]LogModuleManager: Shutting down and abandoning module MovieScene (424)
[2019.05.13-17.49.27:027][ 22]LogModuleManager: Shutting down and abandoning module StreamingPauseRendering (422)
[2019.05.13-17.49.27:027][ 22]LogModuleManager: Shutting down and abandoning module LauncherPlatform (420)
[2019.05.13-17.49.27:027][ 22]LogModuleManager: Shutting down and abandoning module AnalyticsET (418)
[2019.05.13-17.49.27:027][ 22]LogModuleManager: Shutting down and abandoning module PortalServices (416)
[2019.05.13-17.49.27:027][ 22]LogModuleManager: Shutting down and abandoning module PortalRpc (414)
[2019.05.13-17.49.27:027][ 22]LogModuleManager: Shutting down and abandoning module MessagingRpc (412)
[2019.05.13-17.49.27:027][ 22]LogModuleManager: Shutting down and abandoning module AIModule (410)
[2019.05.13-17.49.27:027][ 22]LogModuleManager: Shutting down and abandoning module GameplayDebugger (409)
[2019.05.13-17.49.27:027][ 22]LogModuleManager: Shutting down and abandoning module AITestSuite (407)
[2019.05.13-17.49.27:027][ 22]LogModuleManager: Shutting down and abandoning module NavigationSystem (405)
[2019.05.13-17.49.27:027][ 22]LogModuleManager: Shutting down and abandoning module DesktopPlatform (402)
[2019.05.13-17.49.27:027][ 22]LogModuleManager: Shutting down and abandoning module ProfilerService (400)
[2019.05.13-17.49.27:115][ 22]LogModuleManager: Shutting down and abandoning module TaskGraph (398)
[2019.05.13-17.49.27:115][ 22]LogModuleManager: Shutting down and abandoning module SteamVRController (396)
[2019.05.13-17.49.27:115][ 22]LogModuleManager: Shutting down and abandoning module ProceduralMeshComponentEditor (394)
[2019.05.13-17.49.27:115][ 22]LogModuleManager: Shutting down and abandoning module ProceduralMeshComponent (392)
[2019.05.13-17.49.27:115][ 22]LogModuleManager: Shutting down and abandoning module OculusInput (390)
[2019.05.13-17.49.27:115][ 22]LogModuleManager: Shutting down and abandoning module MobilePatchingUtils (388)
[2019.05.13-17.49.27:115][ 22]LogModuleManager: Shutting down and abandoning module EditableMesh (386)
[2019.05.13-17.49.27:115][ 22]LogModuleManager: Shutting down and abandoning module CustomMeshComponent (384)
[2019.05.13-17.49.27:115][ 22]LogModuleManager: Shutting down and abandoning module CableComponent (382)
[2019.05.13-17.49.27:115][ 22]LogModuleManager: Shutting down and abandoning module AudioCapture (380)
[2019.05.13-17.49.27:115][ 22]LogModuleManager: Shutting down and abandoning module ArchVisCharacter (378)
[2019.05.13-17.49.27:115][ 22]LogModuleManager: Shutting down and abandoning module AndroidPermission (376)
[2019.05.13-17.49.27:115][ 22]LogModuleManager: Shutting down and abandoning module NUTUnrealEngine4 (374)
[2019.05.13-17.49.27:115][ 22]LogModuleManager: Shutting down and abandoning module NetcodeUnitTest (372)
[2019.05.13-17.49.27:115][ 22]LogModuleManager: Shutting down and abandoning module MediaCompositingEditor (370)
[2019.05.13-17.49.27:115][ 22]LogModuleManager: Shutting down and abandoning module MediaCompositing (368)
[2019.05.13-17.49.27:115][ 22]LogModuleManager: Shutting down and abandoning module LinearTimecode (366)
[2019.05.13-17.49.27:115][ 22]LogModuleManager: Shutting down and abandoning module ImgMedia (364)
[2019.05.13-17.49.27:121][ 22]LogModuleManager: Shutting down and abandoning module HTML5Networking (362)
[2019.05.13-17.49.27:121][ 22]LogModuleManager: Shutting down and abandoning module GeometryCacheTracks (360)
[2019.05.13-17.49.27:121][ 22]LogModuleManager: Shutting down and abandoning module GeometryCacheSequencer (358)
[2019.05.13-17.49.27:121][ 22]LogModuleManager: Shutting down and abandoning module BackChannel (356)
[2019.05.13-17.49.27:121][ 22]LogModuleManager: Shutting down and abandoning module AppleVision (354)
[2019.05.13-17.49.27:121][ 22]LogModuleManager: Shutting down and abandoning module AppleImageUtils (352)
[2019.05.13-17.49.27:121][ 22]LogModuleManager: Shutting down and abandoning module AlembicImporter (350)
[2019.05.13-17.49.27:121][ 22]LogModuleManager: Shutting down and abandoning module AlembicLibrary (349)
[2019.05.13-17.49.27:121][ 22]LogModuleManager: Shutting down and abandoning module GeometryCache (348)
[2019.05.13-17.49.27:121][ 22]LogModuleManager: Shutting down and abandoning module GeometryCacheEd (347)
[2019.05.13-17.49.27:121][ 22]LogModuleManager: Shutting down and abandoning module DatasmithContentEditor (342)
[2019.05.13-17.49.27:121][ 22]LogModuleManager: Shutting down and abandoning module DatasmithContent (340)
[2019.05.13-17.49.27:122][ 22]LogModuleManager: Shutting down and abandoning module SpeedTreeImporter (338)
[2019.05.13-17.49.27:122][ 22]LogModuleManager: Shutting down and abandoning module PluginBrowser (336)
[2019.05.13-17.49.27:122][ 22]LogModuleManager: Shutting down and abandoning module MobileLauncherProfileWizard (334)
[2019.05.13-17.49.27:122][ 22]LogModuleManager: Shutting down and abandoning module PolygonModeling (332)
[2019.05.13-17.49.27:122][ 22]LogModuleManager: Shutting down and abandoning module MeshEditor (330)
[2019.05.13-17.49.27:122][ 22]LogModuleManager: Shutting down and abandoning module CryptoKeysOpenSSL (328)
[2019.05.13-17.49.27:122][ 22]LogModuleManager: Shutting down and abandoning module CryptoKeys (326)
[2019.05.13-17.49.27:122][ 22]LogModuleManager: Shutting down and abandoning module VisualStudioSourceCodeAccess (324)
[2019.05.13-17.49.27:122][ 22]LogModuleManager: Shutting down and abandoning module VisualStudioCodeSourceCodeAccess (322)
[2019.05.13-17.49.27:122][ 22]LogModuleManager: Shutting down and abandoning module UObjectPlugin (320)
[2019.05.13-17.49.27:122][ 22]LogModuleManager: Shutting down and abandoning module SubversionSourceControl (318)
[2019.05.13-17.49.27:123][ 22]LogModuleManager: Shutting down and abandoning module PerforceSourceControl (316)
[2019.05.13-17.49.27:123][ 22]LogModuleManager: Shutting down and abandoning module GitSourceControl (314)
[2019.05.13-17.49.27:123][ 22]LogModuleManager: Shutting down and abandoning module SourceControl (313)
[2019.05.13-17.49.27:123][ 22]LogModuleManager: Shutting down and abandoning module CLionSourceCodeAccess (310)
[2019.05.13-17.49.27:123][ 22]LogModuleManager: Shutting down and abandoning module LightPropagationVolumeEditor (308)
[2019.05.13-17.49.27:123][ 22]LogModuleManager: Shutting down and abandoning module PaperTiledImporter (306)
[2019.05.13-17.49.27:123][ 22]LogModuleManager: Shutting down and abandoning module PaperSpriteSheetImporter (304)
[2019.05.13-17.49.27:123][ 22]LogModuleManager: Shutting down and abandoning module Paper2DEditor (302)
[2019.05.13-17.49.27:123][ 22]LogModuleManager: Shutting down and abandoning module MeshPaint (301)
[2019.05.13-17.49.27:123][ 22]LogModuleManager: Shutting down and abandoning module RuntimePhysXCooking (298)
[2019.05.13-17.49.27:123][ 22]LogModuleManager: Shutting down and abandoning module PhysXVehiclesEditor (296)
[2019.05.13-17.49.27:123][ 22]LogModuleManager: Shutting down and abandoning module PhysXVehicles (294)
[2019.05.13-17.49.27:123][ 22]LogModuleManager: Shutting down and abandoning module OculusEditor (292)
[2019.05.13-17.49.27:123][ 22]LogModuleManager: Shutting down and abandoning module LocationServicesBPLibrary (290)
[2019.05.13-17.49.27:123][ 22]LogModuleManager: Shutting down and abandoning module ImmediatePhysicsEditor (288)
[2019.05.13-17.49.27:123][ 22]LogModuleManager: Shutting down and abandoning module ImmediatePhysics (286)
[2019.05.13-17.49.27:123][ 22]LogModuleManager: Shutting down and abandoning module ActorSequence (284)
[2019.05.13-17.49.27:123][ 22]LogModuleManager: Shutting down and abandoning module UdpMessaging (282)
[2019.05.13-17.49.27:225][ 22]LogModuleManager: Shutting down and abandoning module TcpMessaging (280)
[2019.05.13-17.49.27:325][ 22]LogModuleManager: Shutting down and abandoning module MagicLeapAudio (278)
[2019.05.13-17.49.27:325][ 22]LogModuleManager: Shutting down and abandoning module GameplayTagsEditor (276)
[2019.05.13-17.49.27:325][ 22]LogModuleManager: Shutting down and abandoning module FacialAnimationEditor (274)
[2019.05.13-17.49.27:325][ 22]LogModuleManager: Shutting down and abandoning module FacialAnimation (272)
[2019.05.13-17.49.27:325][ 22]LogModuleManager: Shutting down and abandoning module DataValidation (270)
[2019.05.13-17.49.27:325][ 22]LogModuleManager: Shutting down and abandoning module AssetManagerEditor (268)
[2019.05.13-17.49.27:325][ 22]LogModuleManager: Shutting down and abandoning module LevelEditor (267)
[2019.05.13-17.49.27:326][ 22]LogModuleManager: Shutting down and abandoning module PixelInspectorModule (266)
[2019.05.13-17.49.27:326][ 22]LogModuleManager: Shutting down and abandoning module CommonMenuExtensions (264)
[2019.05.13-17.49.27:326][ 22]LogModuleManager: Shutting down and abandoning module MainFrame (262)
[2019.05.13-17.49.27:326][ 22]LogModuleManager: Shutting down and abandoning module HotReload (261)
[2019.05.13-17.49.27:327][ 22]LogModuleManager: Shutting down and abandoning module ContentBrowser (257)
[2019.05.13-17.49.27:328][ 22]LogModuleManager: Shutting down and abandoning module TreeMap (255)
[2019.05.13-17.49.27:330][ 22]LogModuleManager: Shutting down and abandoning module LightPropagationVolumeRuntime (252)
[2019.05.13-17.49.27:330][ 22]LogModuleManager: Shutting down and abandoning module AISupportModule (250)
[2019.05.13-17.49.27:330][ 22]LogModuleManager: Shutting down and abandoning module Paper2D (248)
[2019.05.13-17.49.27:330][ 22]LogModuleManager: Shutting down and abandoning module WindowsMoviePlayer (246)
[2019.05.13-17.49.27:330][ 22]LogModuleManager: Shutting down and abandoning module WmfMedia (244)
[2019.05.13-17.49.27:331][ 22]LogModuleManager: Shutting down and abandoning module Media (243)
[2019.05.13-17.49.27:339][ 22]LogModuleManager: Shutting down and abandoning module PacketHandler (240)
[2019.05.13-17.49.27:339][ 22]LogModuleManager: Shutting down and abandoning module ClothingSystemEditor (238)
[2019.05.13-17.49.27:339][ 22]LogModuleManager: Shutting down and abandoning module ClothingSystemRuntime (236)
[2019.05.13-17.49.27:339][ 22]LogModuleManager: Shutting down and abandoning module MediaAssets (234)
[2019.05.13-17.49.27:339][ 22]LogModuleManager: Shutting down and abandoning module Overlay (232)
[2019.05.13-17.49.27:339][ 22]LogModuleManager: Shutting down and abandoning module OverlayEditor (231)
[2019.05.13-17.49.27:339][ 22]LogModuleManager: Shutting down and abandoning module VREditor (228)
[2019.05.13-17.49.27:339][ 22]LogModuleManager: Shutting down and abandoning module StringTableEditor (226)
[2019.05.13-17.49.27:339][ 22]LogModuleManager: Shutting down and abandoning module GameplayTasksEditor (224)
[2019.05.13-17.49.27:339][ 22]LogModuleManager: Shutting down and abandoning module BehaviorTreeEditor (222)
[2019.05.13-17.49.27:339][ 22]LogModuleManager: Shutting down and abandoning module FunctionalTesting (220)
[2019.05.13-17.49.27:339][ 22]LogModuleManager: Shutting down and abandoning module CollisionAnalyzer (218)
[2019.05.13-17.49.27:339][ 22]LogModuleManager: Shutting down and abandoning module WorkspaceMenuStructure (217)
[2019.05.13-17.49.27:339][ 22]LogModuleManager: Shutting down and abandoning module UMG (214)
[2019.05.13-17.49.27:339][ 22]LogModuleManager: Shutting down and abandoning module UMGEditor (213)
[2019.05.13-17.49.27:339][ 22]LogModuleManager: Shutting down and abandoning module Sequencer (212)
[2019.05.13-17.49.27:340][ 22]LogModuleManager: Shutting down and abandoning module MessageLog (209)
[2019.05.13-17.49.27:340][ 22]LogModuleManager: Shutting down and abandoning module SlateReflector (204)
[2019.05.13-17.49.27:340][ 22]LogModuleManager: Shutting down and abandoning module Slate (202)
[2019.05.13-17.49.27:340][ 22]LogModuleManager: Shutting down and abandoning module EditorStyle (200)
[2019.05.13-17.49.27:342][ 22]LogModuleManager: Shutting down and abandoning module MRMesh (198)
[2019.05.13-17.49.27:342][ 22]LogModuleManager: Shutting down and abandoning module SourceCodeAccess (196)
[2019.05.13-17.49.27:343][ 22]LogModuleManager: Shutting down and abandoning module HeadMountedDisplay (194)
[2019.05.13-17.49.27:343][ 22]LogModuleManager: Shutting down and abandoning module XAudio2 (192)
[2019.05.13-17.49.27:343][ 22]LogModuleManager: Shutting down and abandoning module Networking (190)
[2019.05.13-17.49.27:343][ 22]LogModuleManager: Shutting down and abandoning module Core (188)
[2019.05.13-17.49.27:343][ 22]LogModuleManager: Shutting down and abandoning module LevelSequence (186)
[2019.05.13-17.49.27:343][ 22]LogModuleManager: Shutting down and abandoning module KismetCompiler (184)
[2019.05.13-17.49.27:343][ 22]LogModuleManager: Shutting down and abandoning module MeshUtilities (182)
[2019.05.13-17.49.27:343][ 22]LogModuleManager: Shutting down and abandoning module MeshMergeUtilities (181)
[2019.05.13-17.49.27:343][ 22]LogModuleManager: Shutting down and abandoning module MeshReductionInterface (180)
[2019.05.13-17.49.27:343][ 22]LogModuleManager: Shutting down and abandoning module SimplygonSwarm (179)
[2019.05.13-17.49.27:343][ 22]LogModuleManager: Shutting down and abandoning module ProxyLODMeshReduction (177)
[2019.05.13-17.49.27:343][ 22]LogModuleManager: Shutting down and abandoning module SimplygonMeshReduction (175)
[2019.05.13-17.49.27:343][ 22]LogModuleManager: Shutting down and abandoning module QuadricMeshReduction (173)
[2019.05.13-17.49.27:343][ 22]LogModuleManager: Shutting down and abandoning module MaterialBaking (169)
[2019.05.13-17.49.27:343][ 22]LogModuleManager: Shutting down and abandoning module DirectoryWatcher (165)
[2019.05.13-17.49.27:343][ 22]LogModuleManager: Shutting down and abandoning module DerivedDataCache (162)
[2019.05.13-17.49.27:359][ 22]LogDerivedDataCache: Shutdown
[2019.05.13-17.49.27:359][ 22]LogModuleManager: Shutting down and abandoning module XGEController (160)
[2019.05.13-17.49.27:359][ 22]LogXGEController: Cleaning working directory: C:/Users/Octavio/AppData/Local/Temp/UnrealXGEWorkingDir/
[2019.05.13-17.49.27:359][ 22]LogModuleManager: Shutting down and abandoning module TargetPlatform (158)
[2019.05.13-17.49.27:359][ 22]LogModuleManager: Shutting down and abandoning module VulkanShaderFormat (157)
[2019.05.13-17.49.27:359][ 22]LogModuleManager: Shutting down and abandoning module ShaderFormatVectorVM (155)
[2019.05.13-17.49.27:359][ 22]LogModuleManager: Shutting down and abandoning module ShaderFormatOpenGL (153)
[2019.05.13-17.49.27:359][ 22]LogModuleManager: Shutting down and abandoning module ShaderFormatD3D (151)
[2019.05.13-17.49.27:359][ 22]LogModuleManager: Shutting down and abandoning module MetalShaderFormat (149)
[2019.05.13-17.49.27:359][ 22]LogModuleManager: Shutting down and abandoning module TextureFormatUncompressed (147)
[2019.05.13-17.49.27:359][ 22]LogModuleManager: Shutting down and abandoning module TextureFormatPVR (145)
[2019.05.13-17.49.27:359][ 22]LogModuleManager: Shutting down and abandoning module TextureFormatDXT (143)
[2019.05.13-17.49.27:359][ 22]LogModuleManager: Shutting down and abandoning module TextureFormatIntelISPCTexComp (141)
[2019.05.13-17.49.27:359][ 22]LogModuleManager: Shutting down and abandoning module TextureFormatASTC (139)
[2019.05.13-17.49.27:359][ 22]LogModuleManager: Shutting down and abandoning module ImageWrapper (138)
[2019.05.13-17.49.27:360][ 22]LogModuleManager: Shutting down and abandoning module TextureFormatAndroid (135)
[2019.05.13-17.49.27:360][ 22]LogModuleManager: Shutting down and abandoning module AudioFormatOpus (133)
[2019.05.13-17.49.27:360][ 22]LogModuleManager: Shutting down and abandoning module AudioFormatOgg (131)
[2019.05.13-17.49.27:360][ 22]LogModuleManager: Shutting down and abandoning module AudioFormatADPCM (129)
[2019.05.13-17.49.27:360][ 22]LogModuleManager: Shutting down and abandoning module LuminTargetPlatform (127)
[2019.05.13-17.49.27:360][ 22]LogModuleManager: Shutting down and abandoning module LinuxTargetPlatform (125)
[2019.05.13-17.49.27:360][ 22]LogModuleManager: Shutting down and abandoning module LinuxServerTargetPlatform (123)
[2019.05.13-17.49.27:360][ 22]LogModuleManager: Shutting down and abandoning module LinuxNoEditorTargetPlatform (121)
[2019.05.13-17.49.27:360][ 22]LogModuleManager: Shutting down and abandoning module LinuxClientTargetPlatform (119)
[2019.05.13-17.49.27:360][ 22]LogModuleManager: Shutting down and abandoning module TVOSTargetPlatform (117)
[2019.05.13-17.49.27:361][ 22]LogModuleManager: Shutting down and abandoning module Messaging (115)
[2019.05.13-17.49.27:361][ 22]LogModuleManager: Shutting down and abandoning module IOSTargetPlatform (113)
[2019.05.13-17.49.27:362][ 22]LogModuleManager: Shutting down and abandoning module HTML5TargetPlatform (111)
[2019.05.13-17.49.27:362][ 22]LogModuleManager: Shutting down and abandoning module AndroidTargetPlatform (109)
[2019.05.13-17.49.27:371][ 22]LogModuleManager: Shutting down and abandoning module WindowsTargetPlatform (107)
[2019.05.13-17.49.27:371][ 22]LogModuleManager: Shutting down and abandoning module WindowsServerTargetPlatform (105)
[2019.05.13-17.49.27:371][ 22]LogModuleManager: Shutting down and abandoning module WindowsNoEditorTargetPlatform (103)
[2019.05.13-17.49.27:371][ 22]LogModuleManager: Shutting down and abandoning module WindowsClientTargetPlatform (101)
[2019.05.13-17.49.27:371][ 22]LogModuleManager: Shutting down and abandoning module MacTargetPlatform (99)
[2019.05.13-17.49.27:371][ 22]LogModuleManager: Shutting down and abandoning module MacServerTargetPlatform (97)
[2019.05.13-17.49.27:371][ 22]LogModuleManager: Shutting down and abandoning module MacNoEditorTargetPlatform (95)
[2019.05.13-17.49.27:371][ 22]LogModuleManager: Shutting down and abandoning module MacClientTargetPlatform (93)
[2019.05.13-17.49.27:371][ 22]LogModuleManager: Shutting down and abandoning module AllDesktopTargetPlatform (91)
[2019.05.13-17.49.27:371][ 22]LogModuleManager: Shutting down and abandoning module InputCore (88)
[2019.05.13-17.49.27:371][ 22]LogModuleManager: Shutting down and abandoning module Settings (86)
[2019.05.13-17.49.27:371][ 22]LogModuleManager: Shutting down and abandoning module PhysXCooking (84)
[2019.05.13-17.49.27:371][ 22]LogModuleManager: Shutting down and abandoning module SteamVR (82)
[2019.05.13-17.49.27:371][ 22]LogModuleManager: Shutting down and abandoning module OculusHMD (80)
[2019.05.13-17.49.27:371][ 22]LogModuleManager: Shutting down and abandoning module ExampleDeviceProfileSelector (78)
[2019.05.13-17.49.27:371][ 22]LogModuleManager: Shutting down and abandoning module LauncherChunkInstaller (76)
[2019.05.13-17.49.27:371][ 22]LogModuleManager: Shutting down and abandoning module OnlineBlueprintSupport (74)
[2019.05.13-17.49.27:371][ 22]LogModuleManager: Shutting down and abandoning module OnlineSubsystem (70)
[2019.05.13-17.49.27:372][ 22]LogModuleManager: Shutting down and abandoning module XMPP (65)
[2019.05.13-17.49.27:373][ 22]LogModuleManager: Shutting down and abandoning module WebSockets (64)
[2019.05.13-17.49.27:389][ 22]LogModuleManager: Shutting down and abandoning module HTTP (61)
[2019.05.13-17.49.27:390][ 22]LogHttp: Display: Http module shutting down, but needs to wait on 1 outstanding Http requests:
[2019.05.13-17.49.27:390][ 22]LogHttp: Display: 	verb=[POST] url=[https://datarouter.ol.epicgames.com/datarouter/api/v1/public/data?SessionID=%7BF104F121-4BF1-B48B-1972-B3835E06A2E4%7D&AppID=UEEditor.Rocket.Release&AppVersion=4.20.3-4369336%2B%2B%2BUE4%2BRelease-4.20&UserID=699adb4245936aafb303ca87219cff80%7C01338ec361454f97a1231f660121ceae%7Ca3a673f1-3d3f-4f9c-8f69-36c2d8b4299a&AppEnvironment=datacollector-binary&UploadType=eteventstream] status=Processing
[2019.05.13-17.49.27:404][ 22]LogModuleManager: Shutting down and abandoning module SSL (60)
[2019.05.13-17.49.27:405][ 22]LogModuleManager: Shutting down and abandoning module MagicLeapEmulator (56)
[2019.05.13-17.49.27:405][ 22]LogModuleManager: Shutting down and abandoning module MagicLeapPrivileges (54)
[2019.05.13-17.49.27:405][ 22]LogModuleManager: Shutting down and abandoning module MagicLeapIdentity (52)
[2019.05.13-17.49.27:405][ 22]LogModuleManager: Shutting down and abandoning module MagicLeapHelperVulkan (50)
[2019.05.13-17.49.27:405][ 22]LogModuleManager: Shutting down and abandoning module MagicLeapHelperOpenGL (48)
[2019.05.13-17.49.27:405][ 22]LogModuleManager: Shutting down and abandoning module MagicLeapSecureStorage (46)
[2019.05.13-17.49.27:405][ 22]LogModuleManager: Shutting down and abandoning module MagicLeapGestures (44)
[2019.05.13-17.49.27:406][ 22]LogModuleManager: Shutting down and abandoning module MagicLeapEyeTracker (42)
[2019.05.13-17.49.27:406][ 22]LogModuleManager: Shutting down and abandoning module MagicLeapController (40)
[2019.05.13-17.49.27:406][ 22]LogSlate: Slate User Destroyed.  User Index 0, Is Virtual User: 0
[2019.05.13-17.49.27:406][ 22]LogModuleManager: Shutting down and abandoning module MagicLeap (38)
[2019.05.13-17.49.27:406][ 22]LogModuleManager: Shutting down and abandoning module AnimationModifiers (36)
[2019.05.13-17.49.27:406][ 22]LogModuleManager: Shutting down and abandoning module PropertyEditor (35)
[2019.05.13-17.49.27:406][ 22]LogModuleManager: Shutting down and abandoning module AudioEditor (32)
[2019.05.13-17.49.27:406][ 22]LogModuleManager: Shutting down and abandoning module TextureCompressor (30)
[2019.05.13-17.49.27:406][ 22]LogModuleManager: Shutting down and abandoning module ShaderCore (28)
[2019.05.13-17.49.27:406][ 22]LogModuleManager: Shutting down and abandoning module Landscape (26)
[2019.05.13-17.49.27:406][ 22]LogModuleManager: Shutting down and abandoning module SlateRHIRenderer (24)
[2019.05.13-17.49.27:407][ 22]LogModuleManager: Shutting down and abandoning module OpenGLDrv (22)
[2019.05.13-17.49.27:407][ 22]LogModuleManager: Shutting down and abandoning module D3D11RHI (20)
[2019.05.13-17.49.27:407][ 22]LogModuleManager: Shutting down and abandoning module AnimGraphRuntime (18)
[2019.05.13-17.49.27:407][ 22]LogModuleManager: Shutting down and abandoning module Renderer (16)
[2019.05.13-17.49.27:407][ 22]LogModuleManager: Shutting down and abandoning module Engine (14)
[2019.05.13-17.49.27:407][ 22]LogModuleManager: Shutting down and abandoning module CoreUObject (12)
[2019.05.13-17.49.27:407][ 22]LogModuleManager: Shutting down and abandoning module NetworkFile (10)
[2019.05.13-17.49.27:407][ 22]LogModuleManager: Shutting down and abandoning module CookedIterativeFile (8)
[2019.05.13-17.49.27:407][ 22]LogModuleManager: Shutting down and abandoning module StreamingFile (6)
[2019.05.13-17.49.27:407][ 22]LogModuleManager: Shutting down and abandoning module SandboxFile (4)
[2019.05.13-17.49.27:407][ 22]LogModuleManager: Shutting down and abandoning module PakFile (2)
[2019.05.13-17.49.27:412][ 22]LogExit: Exiting.
[2019.05.13-17.49.27:416][ 22]Log file closed, 05/13/19 14:49:27
