Log file open, 05/20/19 15:09:17
LogWindows: Failed to load 'aqProf.dll' (GetLastError=126)
LogWindows: File 'aqProf.dll' does not exist
LogWindows: Failed to load 'VSPerf140.dll' (GetLastError=126)
LogWindows: File 'VSPerf140.dll' does not exist
LogWindows: Failed to load 'VtuneApi.dll' (GetLastError=126)
LogWindows: File 'VtuneApi.dll' does not exist
LogWindows: Failed to load 'VtuneApi32e.dll' (GetLastError=126)
LogWindows: File 'VtuneApi32e.dll' does not exist
LogInit: Display: Running engine for game: SimpleScene
LogPlatformFile: Not using cached read wrapper
LogTaskGraph: Started task graph with 5 named threads and 11 total threads with 3 sets of task threads.
LogStats: Stats thread started at 0.213837
LogD3D11RHI: Loaded GFSDK_Aftermath_Lib.x64.dll
LogICUInternationalization: Display: ICU TimeZone Detection - Raw Offset: -3:00, Platform Override: ''
LogPluginManager: Mounting plugin Paper2D
LogPluginManager: Mounting plugin AISupport
LogPluginManager: Mounting plugin LightPropagationVolume
LogPluginManager: Mounting plugin CLionSourceCodeAccess
LogPluginManager: Mounting plugin CodeLiteSourceCodeAccess
LogPluginManager: Mounting plugin GitSourceControl
LogPluginManager: Mounting plugin KDevelopSourceCodeAccess
LogPluginManager: Mounting plugin NullSourceCodeAccess
LogPluginManager: Mounting plugin PerforceSourceControl
LogPluginManager: Mounting plugin SubversionSourceControl
LogPluginManager: Mounting plugin UObjectPlugin
LogPluginManager: Mounting plugin VisualStudioCodeSourceCodeAccess
LogPluginManager: Mounting plugin VisualStudioSourceCodeAccess
LogPluginManager: Mounting plugin XCodeSourceCodeAccess
LogPluginManager: Mounting plugin AssetManagerEditor
LogPluginManager: Mounting plugin CryptoKeys
LogPluginManager: Mounting plugin DataValidation
LogPluginManager: Mounting plugin FacialAnimation
LogPluginManager: Mounting plugin GameplayTagsEditor
LogPluginManager: Mounting plugin MacGraphicsSwitching
LogPluginManager: Mounting plugin MeshEditor
LogPluginManager: Mounting plugin MobileLauncherProfileWizard
LogPluginManager: Mounting plugin PluginBrowser
LogPluginManager: Mounting plugin SpeedTreeImporter
LogPluginManager: Mounting plugin DatasmithContent
LogPluginManager: Mounting plugin AlembicImporter
LogPluginManager: Mounting plugin AppleImageUtils
LogPluginManager: Mounting plugin AppleVision
LogPluginManager: Mounting plugin BackChannel
LogPluginManager: Mounting plugin CharacterAI
LogPluginManager: Mounting plugin GeometryCache
LogPluginManager: Mounting plugin HTML5Networking
LogPluginManager: Mounting plugin ProxyLODPlugin
LogPluginManager: Mounting plugin MagicLeap
LogPluginManager: Mounting plugin MagicLeapEmulator
LogPluginManager: Mounting plugin MagicLeapMedia
LogPluginManager: Mounting plugin AndroidMedia
LogPluginManager: Mounting plugin AvfMedia
LogPluginManager: Mounting plugin ImgMedia
LogPluginManager: Mounting plugin LinearTimecode
LogPluginManager: Mounting plugin MediaCompositing
LogPluginManager: Mounting plugin MediaPlayerEditor
LogPluginManager: Mounting plugin WmfMedia
LogPluginManager: Mounting plugin TcpMessaging
LogPluginManager: Mounting plugin UdpMessaging
LogPluginManager: Mounting plugin ActorSequence
LogPluginManager: Mounting plugin LevelSequenceEditor
LogPluginManager: Mounting plugin MatineeToLevelSequence
LogPluginManager: Mounting plugin NetcodeUnitTest
LogPluginManager: Mounting plugin NUTUnrealEngine4
LogPluginManager: Mounting plugin OnlineSubsystemGooglePlay
LogPluginManager: Mounting plugin OnlineSubsystemIOS
LogPluginManager: Mounting plugin OnlineSubsystem
LogPluginManager: Mounting plugin OnlineSubsystemNull
LogPluginManager: Mounting plugin OnlineSubsystemUtils
LogPluginManager: Mounting plugin LauncherChunkInstaller
LogPluginManager: Mounting plugin AndroidDeviceProfileSelector
LogPluginManager: Mounting plugin AndroidMoviePlayer
LogPluginManager: Mounting plugin AndroidPermission
LogPluginManager: Mounting plugin AppleMoviePlayer
LogPluginManager: Mounting plugin ArchVisCharacter
LogPluginManager: Mounting plugin AudioCapture
LogPluginManager: Mounting plugin CableComponent
LogPluginManager: Mounting plugin CustomMeshComponent
LogPluginManager: Mounting plugin EditableMesh
LogPluginManager: Mounting plugin ExampleDeviceProfileSelector
LogPluginManager: Mounting plugin GoogleCloudMessaging
LogPluginManager: Mounting plugin ImmediatePhysics
LogPluginManager: Mounting plugin IOSDeviceProfileSelector
LogPluginManager: Mounting plugin LinuxDeviceProfileSelector
LogPluginManager: Mounting plugin LocationServicesBPLibrary
LogPluginManager: Mounting plugin MobilePatchingUtils
LogPluginManager: Mounting plugin OculusVR
LogPluginManager: Plugin shader directory ../../../Engine/Plugins/Runtime/Oculus/OculusVR/Shaders found
LogPluginManager: Mapping shader source directory ../../../Engine/Plugins/Runtime/Oculus/OculusVR/Shaders to virtual directory /Plugin/OculusVR
LogPluginManager: Mounting plugin PhysXVehicles
LogPluginManager: Mounting plugin ProceduralMeshComponent
LogPluginManager: Mounting plugin RuntimePhysXCooking
LogPluginManager: Mounting plugin SteamVR
LogPluginManager: Mounting plugin WindowsMoviePlayer
LogStreaming: Display: Took  0.171s to configure plugins.
LogInit: Using libcurl 7.55.1-DEV
LogInit:  - built for x86_64-pc-win32
LogInit:  - supports SSL with OpenSSL/1.0.2h
LogInit:  - supports HTTP deflate (compression) using libz 1.2.8
LogInit:  - other features:
LogInit:      CURL_VERSION_SSL
LogInit:      CURL_VERSION_LIBZ
LogInit:      CURL_VERSION_IPV6
LogInit:      CURL_VERSION_ASYNCHDNS
LogInit:      CURL_VERSION_LARGEFILE
LogInit:      CURL_VERSION_IDN
LogInit:  CurlRequestOptions (configurable via config and command line):
LogInit:  - bVerifyPeer = false  - Libcurl will NOT verify peer certificate
LogInit:  - bUseHttpProxy = false  - Libcurl will NOT use HTTP proxy
LogInit:  - bDontReuseConnections = false  - Libcurl will reuse connections
LogInit:  - CertBundlePath = nullptr  - Libcurl will use whatever was configured at build time.
LogInit:  - MaxHostConnections = 16  - Libcurl will limit the number of connections to a host
LogInit:  - LocalHostAddr = Default
LogInit:  - BufferSize = 65536
LogInit: WinSock: version 1.1 (2.2), MaxSocks=32767, MaxUdp=65467
LogInit: Build: ++UE4+Release-4.20-CL-4369336
LogInit: Engine Version: 4.20.3-4369336+++UE4+Release-4.20
LogInit: Compatible Engine Version: 4.20.0-4212847+++UE4+Release-4.20
LogInit: Net CL: 4212847
LogInit: OS: Windows 10 (), CPU: AMD A10-7860K Radeon R7, 12 Compute Cores 4C+8G, GPU: Radeon(TM) RX 460 Graphics
LogInit: Compiled (64-bit): Sep 17 2018 12:26:19
LogInit: Compiled with Visual C++: 19.13.26129.00
LogInit: Build Configuration: Development
LogInit: Branch Name: ++UE4+Release-4.20
LogInit: Command Line: 
LogInit: Base Directory: C:/Program Files/Epic Games/UE_4.20/Engine/Binaries/Win64/
LogInit: Installed Engine Build: 1
LogDevObjectVersion: Number of dev versions registered: 20
LogDevObjectVersion:   Dev-Blueprints (B0D832E4-1F89-4F0D-ACCF-7EB736FD4AA2): 10
LogDevObjectVersion:   Dev-Build (E1C64328-A22C-4D53-A36C-8E866417BD8C): 0
LogDevObjectVersion:   Dev-Core (375EC13C-06E4-48FB-B500-84F0262A717E): 2
LogDevObjectVersion:   Dev-Editor (E4B068ED-F494-42E9-A231-DA0B2E46BB41): 24
LogDevObjectVersion:   Dev-Framework (CFFC743F-43B0-4480-9391-14DF171D2073): 34
LogDevObjectVersion:   Dev-Mobile (B02B49B5-BB20-44E9-A304-32B752E40360): 2
LogDevObjectVersion:   Dev-Networking (A4E4105C-59A1-49B5-A7C5-40C4547EDFEE): 0
LogDevObjectVersion:   Dev-Online (39C831C9-5AE6-47DC-9A44-9C173E1C8E7C): 0
LogDevObjectVersion:   Dev-Physics (78F01B33-EBEA-4F98-B9B4-84EACCB95AA2): 0
LogDevObjectVersion:   Dev-Platform (6631380F-2D4D-43E0-8009-CF276956A95A): 0
LogDevObjectVersion:   Dev-Rendering (12F88B9F-8875-4AFC-A67C-D90C383ABD29): 26
LogDevObjectVersion:   Dev-Sequencer (7B5AE74C-D270-4C10-A958-57980B212A5A): 9
LogDevObjectVersion:   Dev-VR (D7296918-1DD6-4BDD-9DE2-64A83CC13884): 2
LogDevObjectVersion:   Dev-LoadTimes (C2A15278-BFE7-4AFE-6C17-90FF531DF755): 1
LogDevObjectVersion:   Private-Geometry (6EACA3D4-40EC-4CC1-B786-8BED09428FC5): 3
LogDevObjectVersion:   Dev-AnimPhys (29E575DD-E0A3-4627-9D10-D276232CDCEA): 17
LogDevObjectVersion:   Dev-ReflectionCapture (6B266CEC-1EC7-4B8F-A30B-E4D90942FC07): 1
LogDevObjectVersion:   Dev-Automation (0DF73D61-A23F-47EA-B727-89E90C41499A): 1
LogDevObjectVersion:   FortniteMain (601D1886-AC64-4F84-AA16-D3DE0DEAC7D6): 12
LogDevObjectVersion:   Dev-Enterprise (9DFFBCD6-494F-0158-E221-12823C92A888): 1
LogStreaming: Display: Took  0.002s to delete old logs.
LogInit: Presizing for max 8388607 objects, including 0 objects not considered by GC, pre-allocating 0 bytes for permanent pool.
LogInit: Object subsystem initialized
[2019.05.20-18.09.17:796][  0]LogInit: Selected Device Profile: [Windows]
[2019.05.20-18.09.17:796][  0]LogInit: Applying CVar settings loaded from the selected device profile: [Windows]
[2019.05.20-18.09.17:812][  0]LogHAL: Display: Platform has ~ 8 GB [8528183296 / 8589934592 / 8], which maps to Default [LargestMinGB=32, LargerMinGB=12, DefaultMinGB=8, SmallerMinGB=6, SmallestMinGB=0)
[2019.05.20-18.09.17:812][  0]LogInit: Setting Device Profile CVar: [[r.Vulkan.UseRealUBs:1]]
[2019.05.20-18.09.17:812][  0]LogInit: Going up to parent DeviceProfile []
[2019.05.20-18.09.17:813][  0]LogInit: Computer: DESKTOP-K3ALEES
[2019.05.20-18.09.17:813][  0]LogInit: User: Octavio
[2019.05.20-18.09.17:813][  0]LogInit: CPU Page size=4096, Cores=2
[2019.05.20-18.09.17:813][  0]LogInit: High frequency timer resolution =3.506842 MHz
[2019.05.20-18.09.17:813][  0]LogMemory: Memory total: Physical=7.9GB (8GB approx)
[2019.05.20-18.09.17:813][  0]LogMemory: Platform Memory Stats for Windows
[2019.05.20-18.09.17:813][  0]LogMemory: Process Physical Memory: 100.03 MB used, 100.03 MB peak
[2019.05.20-18.09.17:813][  0]LogMemory: Process Virtual Memory: 90.68 MB used, 90.68 MB peak
[2019.05.20-18.09.17:813][  0]LogMemory: Physical Memory: 3249.39 MB used,  4883.71 MB free, 8133.11 MB total
[2019.05.20-18.09.17:813][  0]LogMemory: Virtual Memory: 4607.43 MB used,  4883.71 MB free, 134217728.00 MB total
[2019.05.20-18.09.17:861][  0]LogInit: Overriding language with editor language configuration option (en).
[2019.05.20-18.09.17:861][  0]LogInit: Overriding locale with editor locale configuration option (en).
[2019.05.20-18.09.18:393][  0]LogStreaming: Display: Took  0.532s to InitEngineTextLocalization.
[2019.05.20-18.09.18:393][  0]LogInit: Setting process to per monitor DPI aware
[2019.05.20-18.09.18:447][  0]LogSlate: New Slate User Created.  User Index 0, Is Virtual User: 0
[2019.05.20-18.09.18:447][  0]LogSlate: Slate User Registered.  User Index 0, Is Virtual User: 0
[2019.05.20-18.09.18:811][  0]LogHMD: Failed to initialize OpenVR with code 110
[2019.05.20-18.09.18:811][  0]LogD3D11RHI: D3D11 adapters:
[2019.05.20-18.09.18:864][  0]LogD3D11RHI:    0. 'Radeon(TM) RX 460 Graphics' (Feature Level 11_0)
[2019.05.20-18.09.18:864][  0]LogD3D11RHI:       4043/0/4066 MB DedicatedVideo/DedicatedSystem/SharedSystem, Outputs:1, VendorId:0x1002
[2019.05.20-18.09.18:867][  0]LogD3D11RHI:    1. 'Microsoft Basic Render Driver' (Feature Level 11_0)
[2019.05.20-18.09.18:868][  0]LogD3D11RHI:       0/0/4066 MB DedicatedVideo/DedicatedSystem/SharedSystem, Outputs:0, VendorId:0x1414
[2019.05.20-18.09.18:868][  0]LogD3D11RHI: Chosen D3D11 Adapter: 0
[2019.05.20-18.09.18:879][  0]LogD3D11RHI: Creating new Direct3DDevice
[2019.05.20-18.09.18:879][  0]LogD3D11RHI:     GPU DeviceId: 0x67ef (for the marketing name, search the web for "GPU Device Id")
[2019.05.20-18.09.18:879][  0]LogWindows: EnumDisplayDevices:
[2019.05.20-18.09.18:880][  0]LogWindows:    0. 'Radeon(TM) RX 460 Graphics' (P:1 D:1)
[2019.05.20-18.09.18:880][  0]LogWindows:    1. 'Radeon(TM) RX 460 Graphics' (P:0 D:0)
[2019.05.20-18.09.18:881][  0]LogWindows:    2. 'Radeon(TM) RX 460 Graphics' (P:0 D:0)
[2019.05.20-18.09.18:881][  0]LogWindows:    3. 'Radeon(TM) RX 460 Graphics' (P:0 D:0)
[2019.05.20-18.09.18:882][  0]LogWindows:    4. 'Radeon(TM) RX 460 Graphics' (P:0 D:0)
[2019.05.20-18.09.18:882][  0]LogWindows: DebugString: FoundDriverCount:5 
[2019.05.20-18.09.18:882][  0]LogD3D11RHI:     Adapter Name: Radeon(TM) RX 460 Graphics
[2019.05.20-18.09.18:882][  0]LogD3D11RHI:   Driver Version: Crimson ReLive 17.7 (internal:22.19.677.257, unified:22.19.677.257)
[2019.05.20-18.09.18:882][  0]LogD3D11RHI:      Driver Date: 9-22-2017
[2019.05.20-18.09.18:883][  0]LogRHI: Texture pool is 2830 MB (70% of 4043 MB)
[2019.05.20-18.09.18:937][  0]LogD3D11RHI: Async texture creation enabled
[2019.05.20-18.09.18:949][  0]LogD3D11RHI: GPU Timing Frequency: 25.000000 (Debug: 2 1)
[2019.05.20-18.09.18:951][  0]LogShaderCompilers: Guid format shader working directory is -8 characters bigger than the processId version (../../../../../../Users/Octavio/Desktop/Repo/SimpleScene/Intermediate/Shaders/WorkingDirectory/2708/).
[2019.05.20-18.09.18:952][  0]LogShaderCompilers: Cleaned the shader compiler working directory 'C:/Users/Octavio/AppData/Local/Temp/UnrealShaderWorkingDir/13DC5F1B4B0532E9E5F5C7BB0D8A793B/'.
[2019.05.20-18.09.19:372][  0]LogTemp: Display: Loaded TP AllDesktopTargetPlatform
[2019.05.20-18.09.19:395][  0]LogTemp: Display: Loaded TP MacClientTargetPlatform
[2019.05.20-18.09.19:419][  0]LogTemp: Display: Loaded TP MacNoEditorTargetPlatform
[2019.05.20-18.09.19:442][  0]LogTemp: Display: Loaded TP MacServerTargetPlatform
[2019.05.20-18.09.19:464][  0]LogTemp: Display: Loaded TP MacTargetPlatform
[2019.05.20-18.09.19:487][  0]LogTemp: Display: Loaded TP WindowsClientTargetPlatform
[2019.05.20-18.09.19:510][  0]LogTemp: Display: Loaded TP WindowsNoEditorTargetPlatform
[2019.05.20-18.09.19:534][  0]LogTemp: Display: Loaded TP WindowsServerTargetPlatform
[2019.05.20-18.09.19:546][  0]LogTemp: Display: Loaded TP WindowsTargetPlatform
[2019.05.20-18.09.19:682][  0]LogTemp: Display: Loaded TP AndroidTargetPlatform
[2019.05.20-18.09.19:682][  0]LogTemp: Display: Loaded TP AndroidTargetPlatform
[2019.05.20-18.09.19:682][  0]LogTemp: Display: Loaded TP AndroidTargetPlatform
[2019.05.20-18.09.19:682][  0]LogTemp: Display: Loaded TP AndroidTargetPlatform
[2019.05.20-18.09.19:682][  0]LogTemp: Display: Loaded TP AndroidTargetPlatform
[2019.05.20-18.09.19:682][  0]LogTemp: Display: Loaded TP AndroidTargetPlatform
[2019.05.20-18.09.19:682][  0]LogTemp: Display: Loaded TP AndroidTargetPlatform
[2019.05.20-18.09.19:682][  0]LogTemp: Display: Loaded TP AndroidTargetPlatform
[2019.05.20-18.09.19:682][  0]LogTemp: Display: Loaded TP AndroidTargetPlatform
[2019.05.20-18.09.19:682][  0]LogTemp: Display: Loaded TP AndroidTargetPlatform
[2019.05.20-18.09.19:682][  0]LogTemp: Display: Loaded TP AndroidTargetPlatform
[2019.05.20-18.09.19:682][  0]LogTemp: Display: Loaded TP AndroidTargetPlatform
[2019.05.20-18.09.19:682][  0]LogTemp: Display: Loaded TP AndroidTargetPlatform
[2019.05.20-18.09.19:682][  0]LogTemp: Display: Loaded TP AndroidTargetPlatform
[2019.05.20-18.09.19:682][  0]LogTemp: Display: Loaded TP AndroidTargetPlatform
[2019.05.20-18.09.19:682][  0]LogTemp: Display: Loaded TP AndroidTargetPlatform
[2019.05.20-18.09.19:682][  0]LogTemp: Display: Loaded TP AndroidTargetPlatform
[2019.05.20-18.09.19:682][  0]LogTemp: Display: Loaded TP AndroidTargetPlatform
[2019.05.20-18.09.19:685][  0]LogTemp: Display: Loaded TP HTML5TargetPlatform
[2019.05.20-18.09.19:764][  0]LogTemp: Display: Loaded TP IOSTargetPlatform
[2019.05.20-18.09.19:764][  0]LogTemp: Display: Loaded TP IOSTargetPlatform
[2019.05.20-18.09.19:804][  0]LogTemp: Display: Loaded TP TVOSTargetPlatform
[2019.05.20-18.09.19:804][  0]LogTemp: Display: Loaded TP TVOSTargetPlatform
[2019.05.20-18.09.19:825][  0]LogTemp: Display: Loaded TP LinuxClientTargetPlatform
[2019.05.20-18.09.19:846][  0]LogTemp: Display: Loaded TP LinuxNoEditorTargetPlatform
[2019.05.20-18.09.19:867][  0]LogTemp: Display: Loaded TP LinuxServerTargetPlatform
[2019.05.20-18.09.19:889][  0]LogTemp: Display: Loaded TP LinuxTargetPlatform
[2019.05.20-18.09.19:905][  0]LogTemp: Display: Loaded TP LuminTargetPlatform
[2019.05.20-18.09.19:905][  0]LogTargetPlatformManager: Display: Building Assets For Windows
[2019.05.20-18.09.20:014][  0]LogXGEController: Cannot use XGE Controller as Incredibuild is not installed on this machine.
[2019.05.20-18.09.20:014][  0]LogShaderCompilers: Cannot use XGE Shader Compiler as Incredibuild is not installed on this machine.
[2019.05.20-18.09.20:014][  0]LogShaderCompilers: Display: Using Local Shader Compiler.
[2019.05.20-18.09.21:316][  0]LogDerivedDataCache: Display: Max Cache Size: 512 MB
[2019.05.20-18.09.21:420][  0]LogDerivedDataCache: Loaded boot cache 0.10s 71MB C:/Users/Octavio/AppData/Local/UnrealEngine/4.20/DerivedDataCache/Boot.ddc.
[2019.05.20-18.09.21:421][  0]LogDerivedDataCache: Display: Loaded Boot cache: C:/Users/Octavio/AppData/Local/UnrealEngine/4.20/DerivedDataCache/Boot.ddc
[2019.05.20-18.09.21:421][  0]LogDerivedDataCache: FDerivedDataBackendGraph:  Pak pak cache file ../../../../../../Users/Octavio/Desktop/Repo/SimpleScene/DerivedDataCache/DDC.ddp not found, will not use a pak cache.
[2019.05.20-18.09.21:421][  0]LogDerivedDataCache: Unable to find inner node Pak for hierarchical cache Hierarchy.
[2019.05.20-18.09.21:421][  0]LogDerivedDataCache: FDerivedDataBackendGraph:  CompressedPak pak cache file ../../../../../../Users/Octavio/Desktop/Repo/SimpleScene/DerivedDataCache/Compressed.ddp not found, will not use a pak cache.
[2019.05.20-18.09.21:421][  0]LogDerivedDataCache: Unable to find inner node CompressedPak for hierarchical cache Hierarchy.
[2019.05.20-18.09.21:443][  0]LogDerivedDataCache: Display: Pak cache opened for reading ../../../Engine/DerivedDataCache/Compressed.ddp.
[2019.05.20-18.09.21:456][  0]LogDerivedDataCache: Using Local data cache path C:/Users/Octavio/AppData/Local/UnrealEngine/Common/DerivedDataCache: Writable
[2019.05.20-18.09.21:456][  0]LogDerivedDataCache: Shared data cache path not found in *engine.ini, will not use an Shared cache.
[2019.05.20-18.09.21:456][  0]LogDerivedDataCache: Unable to find inner node Shared for hierarchical cache Hierarchy.
[2019.05.20-18.09.21:487][  0]LogMaterial: Verifying Global Shaders for PCD3D_SM5
[2019.05.20-18.09.21:488][  0]LogSlate: Using FreeType 2.6.0
[2019.05.20-18.09.21:489][  0]LogSlate: SlateFontServices - WITH_FREETYPE: 1, WITH_HARFBUZZ: 1
[2019.05.20-18.09.21:594][  0]LogAssetRegistry: FAssetRegistry took 0.0300 seconds to start up
[2019.05.20-18.09.22:150][  0]LogInit: Selected Device Profile: [Windows]
[2019.05.20-18.09.22:345][  0]LogSimplygon: Simplygon DLL not present - disabling.
[2019.05.20-18.09.22:352][  0]LogMeshReduction: Using SimplygonSwarm for distributed automatic mesh merging
[2019.05.20-18.09.22:352][  0]LogMeshReduction: Using ProxyLODMeshReduction for automatic mesh merging
[2019.05.20-18.09.22:352][  0]LogMeshReduction: Using QuadricMeshReduction for automatic static mesh reduction
[2019.05.20-18.09.22:352][  0]LogMeshReduction: No automatic skeletal mesh reduction module available
[2019.05.20-18.09.22:379][  0]LogNetVersion: SimpleScene 1.0.0, NetCL: 4212847, EngineNetVer: 5, GameNetVer: 0 (Checksum: 3658150004)
[2019.05.20-18.09.23:093][  0]LogPackageLocalizationCache: Processed 11 localized package path(s) for 1 prioritized culture(s) in 0.080459 seconds
[2019.05.20-18.09.23:104][  0]LogUObjectArray: 38425 objects as part of root set at end of initial load.
[2019.05.20-18.09.23:104][  0]LogUObjectAllocator: 6690872 out of 0 bytes used by permanent object pool.
[2019.05.20-18.09.23:104][  0]LogUObjectArray: CloseDisregardForGC: 0/0 objects in disregard for GC pool
[2019.05.20-18.09.24:439][  0]LogTcpMessaging: Initializing TcpMessaging bridge
[2019.05.20-18.09.24:455][  0]LogUdpMessaging: Initializing bridge on interface 0.0.0.0:0 to multicast group 230.0.0.1:6666.
[2019.05.20-18.09.24:656][  0]SourceControl: Source control is disabled
[2019.05.20-18.09.24:656][  0]SourceControl: Source control is disabled
[2019.05.20-18.09.24:659][  0]SourceControl: Source control is disabled
[2019.05.20-18.09.24:661][  0]SourceControl: Source control is disabled
[2019.05.20-18.09.24:889][  0]LogAndroidPermission: UAndroidPermissionCallbackProxy::GetInstance
[2019.05.20-18.09.24:991][  0]LogOcInput: OculusInput pre-init called
[2019.05.20-18.09.25:080][  0]LogEngine: Initializing Engine...
[2019.05.20-18.09.25:081][  0]LogHMD: Failed to initialize OpenVR with code 110
[2019.05.20-18.09.25:083][  0]LogStats: UGameplayTagsManager::ConstructGameplayTagTree: ImportINI prefixes -  0.000 s
[2019.05.20-18.09.25:083][  0]LogStats: UGameplayTagsManager::ConstructGameplayTagTree: Construct from data asset -  0.000 s
[2019.05.20-18.09.25:083][  0]LogStats: UGameplayTagsManager::ConstructGameplayTagTree: ImportINI -  0.000 s
[2019.05.20-18.09.25:083][  0]LogStats: UGameplayTagsManager::ConstructGameplayTagTree: GameplayTagTreeChangedEvent.Broadcast -  0.000 s
[2019.05.20-18.09.25:387][  0]LogInit: Initializing FReadOnlyCVARCache
[2019.05.20-18.09.25:415][  0]LogAIModule: Creating AISystem for world Untitled
[2019.05.20-18.09.25:433][  0]LogInit: XAudio2 using '4 - HDMI (AMD High Definition Audio Device)' : 2 channels at 48 kHz using 16 bits per sample (channel mask 0x3)
[2019.05.20-18.09.25:468][  0]LogInit: FAudioDevice initialized.
[2019.05.20-18.09.25:468][  0]LogNetVersion: Set ProjectVersion to 1.0.0.0. Version Checksum will be recalculated on next use.
[2019.05.20-18.09.25:643][  0]LogDerivedDataCache: Saved boot cache 0.17s 71MB C:/Users/Octavio/AppData/Local/UnrealEngine/4.20/DerivedDataCache/Boot.ddc.
[2019.05.20-18.09.25:653][  0]LogInit: Texture streaming: Enabled
[2019.05.20-18.09.25:687][  0]LogEngineSessionManager: EngineSessionManager initialized
[2019.05.20-18.09.25:708][  0]LogInit: Transaction tracking system initialized
[2019.05.20-18.09.25:751][  0]BlueprintLog: New page: Editor Load
[2019.05.20-18.09.25:891][  0]LocalizationService: Localization service is disabled
[2019.05.20-18.09.26:271][  0]LogCook: Display: Max memory allowance for cook 16384mb min free memory 0mb
[2019.05.20-18.09.26:271][  0]LogCook: Display: Mobile HDR setting 1
[2019.05.20-18.09.26:271][  0]LogGameplayTags: Display: UGameplayTagsManager::DoneAddingNativeTags. DelegateIsBound: 0
[2019.05.20-18.09.26:271][  0]LogStats: UGameplayTagsManager::ConstructGameplayTagTree: ImportINI prefixes -  0.000 s
[2019.05.20-18.09.26:271][  0]LogStats: UGameplayTagsManager::ConstructGameplayTagTree: Construct from data asset -  0.000 s
[2019.05.20-18.09.26:272][  0]LogStats: UGameplayTagsManager::ConstructGameplayTagTree: ImportINI -  0.000 s
[2019.05.20-18.09.26:272][  0]LogStats: UGameplayTagsManager::ConstructGameplayTagTree: GameplayTagTreeChangedEvent.Broadcast -  0.000 s
[2019.05.20-18.09.26:491][  0]LogFileCache: Scanning file cache for directory 'C:/Users/Octavio/Desktop/Repo/SimpleScene/Content/' took 0.02s
[2019.05.20-18.09.26:491][  0]SourceControl: Source control is disabled
[2019.05.20-18.09.26:492][  0]Cmd: MAP LOAD FILE="../../../../../../Users/Octavio/Desktop/Repo/SimpleScene/Content/FirstPersonBP/Maps/FirstPersonExampleMap.umap" TEMPLATE=0 SHOWPROGRESS=1 FEATURELEVEL=3
[2019.05.20-18.09.26:492][  0]LightingResults: New page: Lighting Build
[2019.05.20-18.09.26:498][  0]MapCheck: New page: Map Check
[2019.05.20-18.09.26:498][  0]LightingResults: New page: Lighting Build
[2019.05.20-18.09.27:518][  0]LogAIModule: Creating AISystem for world FirstPersonExampleMap
[2019.05.20-18.09.27:541][  0]LogEditorServer: Finished looking for orphan Actors (0.000 secs)
[2019.05.20-18.09.27:578][  0]Cmd: MAP CHECKDEP NOCLEARLOG
[2019.05.20-18.09.27:725][  0]MapCheck: Map check complete: 0 Error(s), 0 Warning(s), took 146.42ms to complete.
[2019.05.20-18.09.27:725][  0]LogFileHelpers: Loading map 'FirstPersonExampleMap' took 1.234
[2019.05.20-18.09.27:853][  0]LogSlate: Updating window title bar state: overlay mode, drag disabled, window buttons hidden, title bar hidden
[2019.05.20-18.09.27:864][  0]LogSlate: Updating window title bar state: overlay mode, drag disabled, window buttons hidden, title bar hidden
[2019.05.20-18.09.27:876][  0]LogSlate: Updating window title bar state: overlay mode, drag disabled, window buttons hidden, title bar hidden
[2019.05.20-18.09.27:888][  0]LogSlate: Updating window title bar state: overlay mode, drag disabled, window buttons hidden, title bar hidden
[2019.05.20-18.09.27:899][  0]LogCollectionManager: Loaded 0 collections in 0.003337 seconds
[2019.05.20-18.09.27:948][  0]LogFileCache: Scanning file cache for directory 'C:/Users/Octavio/Desktop/Repo/SimpleScene/Saved/Collections/' took 0.01s
[2019.05.20-18.09.27:948][  0]LogFileCache: Scanning file cache for directory 'C:/Users/Octavio/Desktop/Repo/SimpleScene/Content/Developers/Octavio/Collections/' took 0.01s
[2019.05.20-18.09.27:948][  0]LogFileCache: Scanning file cache for directory 'C:/Users/Octavio/Desktop/Repo/SimpleScene/Content/Collections/' took 0.01s
[2019.05.20-18.09.27:948][  0]LogCollectionManager: Rebuilt the GUID cache for 0 collections in 0.000001 seconds
[2019.05.20-18.09.27:965][  0]LogContentBrowser: Native class hierarchy populated in 0.0170 seconds. Added 2572 classes and 603 folders.
[2019.05.20-18.09.27:976][  0]LogContentBrowser: Native class hierarchy updated for 'WidgetCarousel' in 0.0003 seconds. Added 0 classes and 0 folders.
[2019.05.20-18.09.28:070][  0]LogContentBrowser: Native class hierarchy updated for 'AddContentDialog' in 0.0003 seconds. Added 0 classes and 0 folders.
[2019.05.20-18.09.28:078][  0]LogContentBrowser: Native class hierarchy updated for 'SceneOutliner' in 0.0005 seconds. Added 1 classes and 2 folders.
[2019.05.20-18.09.28:100][  0]LogSlate: Took 0.000464 seconds to synchronously load lazily loaded font '../../../Engine/Content/Slate/Fonts/Roboto-Regular.ttf' (155K)
[2019.05.20-18.09.28:104][  0]LogSlate: Took 0.000795 seconds to synchronously load lazily loaded font '../../../Engine/Content/Slate/Fonts/Roboto-Bold.ttf' (160K)
[2019.05.20-18.09.28:112][  0]LogSlate: Took 0.000575 seconds to synchronously load lazily loaded font '../../../Engine/Content/Editor/Slate/Fonts/FontAwesome.ttf' (139K)
[2019.05.20-18.09.28:230][  0]LogRenderer: Reallocating scene render targets to support 668x444 Format 10 NumSamples 1 (Frame:1).
[2019.05.20-18.09.28:402][  0]LogContentBrowser: Native class hierarchy updated for 'HierarchicalLODOutliner' in 0.0005 seconds. Added 0 classes and 0 folders.
[2019.05.20-18.09.28:402][  0]LogLoad: (Engine Initialization) Total time: 13.37 seconds
[2019.05.20-18.09.28:402][  0]LogLoad: (Engine Initialization) Total Blueprint compile time: 0.00 seconds
[2019.05.20-18.09.28:421][  0]LogWindowsTextInputMethodSystem: Display: IME system now deactivated.
[2019.05.20-18.09.28:444][  0]LogContentStreaming: Texture pool size now 1000 MB
[2019.05.20-18.09.28:473][  0]LogSlate: Took 0.000466 seconds to synchronously load lazily loaded font '../../../Engine/Content/Slate/Fonts/Roboto-Light.ttf' (167K)
[2019.05.20-18.09.28:546][  2]LogAssetRegistry: Asset discovery search completed in 6.9750 seconds
[2019.05.20-18.09.28:550][  2]LogCollectionManager: Rebuilt the object cache for 0 collections in 0.000001 seconds (found 0 objects)
[2019.05.20-18.09.28:550][  2]LogCollectionManager: Fixed up redirectors for 0 collections in 0.000131 seconds (updated 0 objects)
[2019.05.20-18.15.25:590][955]LogEditorViewport: Clicking on Actor (context menu): FirstPersonCharacter_C (FirstPersonCharacter)
[2019.05.20-18.15.25:862][955]LogSlate: FSceneViewport::OnFocusLost() reason 2
[2019.05.20-18.15.28:412][225]LogSlate: FSceneViewport::OnFocusLost() reason 2
[2019.05.20-18.15.29:904][383]LogSlate: FSceneViewport::OnFocusLost() reason 2
[2019.05.20-18.15.32:227][647]LogEditorViewport: Clicking on Actor (LMB): BP_Sky_Sphere_C (SkySphereBlueprint)
[2019.05.20-18.15.56:519][429]LogSlate: FSceneViewport::OnFocusLost() reason 2
[2019.05.20-18.15.58:221][624]LogEditorViewport: Clicking on Actor (LMB): BP_Sky_Sphere_C (SkySphereBlueprint)
[2019.05.20-18.17.55:682][448]LogSlate: FSceneViewport::OnFocusLost() reason 0
[2019.05.20-18.18.03:092][144]LogEditorViewport: Clicking on Actor (LMB): BP_Sky_Sphere_C (SkySphereBlueprint)
[2019.05.20-18.18.11:687][619]LogEditorViewport: Clicking on Actor (LMB): BP_Sky_Sphere_C (SkySphereBlueprint)
[2019.05.20-18.18.16:559][ 73]LogEditorViewport: Clicking on Actor (LMB): BP_Sky_Sphere_C (SkySphereBlueprint)
[2019.05.20-18.20.59:045][526]LogSlate: FSceneViewport::OnFocusLost() reason 2
[2019.05.20-18.21.02:088][709]LogEditorViewport: Clicking on Actor (LMB): PointLight (PointLight)
[2019.05.20-18.21.22:051][651]LogEditorViewport: Clicking on Actor (LMB): PointLight (PointLight2)
[2019.05.20-18.21.56:677][498]LogEditorViewport: Clicking on Actor (LMB): PointLight (PointLight3)
[2019.05.20-18.22.17:288][293]LogEditorViewport: Clicking on Actor (LMB): PointLight (PointLight6)
[2019.05.20-18.22.38:237][685]LogSlate: FSceneViewport::OnFocusLost() reason 2
[2019.05.20-18.22.41:100][ 11]LogEditorViewport: Clicking on Actor (LMB): PointLight (PointLight5)
[2019.05.20-18.22.56:280][591]LogEditorViewport: Clicking on Actor (LMB): PointLight (PointLight4)
[2019.05.20-18.23.17:847][484]LogSlate: FSceneViewport::OnFocusLost() reason 0
[2019.05.20-18.23.17:957][497]MapCheck: New page: Map Check
[2019.05.20-18.23.17:973][497]Cmd: MAP REBUILD ALLVISIBLE
[2019.05.20-18.23.17:974][497]LogEditorServer: Rebuildmap Clear paths rebuilt
[2019.05.20-18.23.18:247][497]LogMaterial: Display: Missing cached shader map for material FDebugViewModeMaterialProxy MaterialInstanceDynamic_0, compiling. 
[2019.05.20-18.23.18:258][497]LogMaterial: Display: Missing cached shader map for material FDebugViewModeMaterialProxy StoneFloor, compiling. 
[2019.05.20-18.23.18:267][497]LogShaderCompilers: Display: Shaders left to compile 2
[2019.05.20-18.23.18:267][497]LogShaderCompilers: Display: Shaders left to compile 1
[2019.05.20-18.23.18:267][497]LogMaterial: Display: Missing cached shader map for material FDebugViewModeMaterialProxy WorldGridMaterial, compiling. Is special engine material.
[2019.05.20-18.23.18:276][497]LogMaterial: Display: Missing cached shader map for material FDebugViewModeMaterialProxy BrickWall, compiling. 
[2019.05.20-18.23.18:283][497]LogMaterial: Display: Missing cached shader map for material FDebugViewModeMaterialProxy ConcreteRoofInterior, compiling. 
[2019.05.20-18.23.18:292][497]LogMaterial: Display: Missing cached shader map for material FDebugViewModeMaterialProxy Glass, compiling. 
[2019.05.20-18.23.18:301][497]LogMaterial: Display: Missing cached shader map for material FDebugViewModeMaterialProxy BrickChimney, compiling. 
[2019.05.20-18.23.18:309][497]LogShaderCompilers: Display: Shaders left to compile 4
[2019.05.20-18.23.18:309][497]LogMaterial: Display: Missing cached shader map for material FDebugViewModeMaterialProxy RustyMetal, compiling. 
[2019.05.20-18.23.18:316][497]LogMaterial: Display: Missing cached shader map for material FDebugViewModeMaterialProxy Light, compiling. 
[2019.05.20-18.23.18:324][497]LogMaterial: Display: Missing cached shader map for material FDebugViewModeMaterialProxy MatineeCam_mat, compiling. 
[2019.05.20-18.23.18:334][497]LogMaterial: Display: Missing cached shader map for material FDebugViewModeMaterialProxy M_FPGun, compiling. 
[2019.05.20-18.23.18:349][497]LogMaterial: Display: Missing cached shader map for material FDebugViewModeMaterialProxy M_UE4Man_Body, compiling. 
[2019.05.20-18.23.20:263][497]LogShaderCompilers: Display: Shaders left to compile 9
[2019.05.20-18.23.20:263][497]LogShaderCompilers: Display: Shaders left to compile 8
[2019.05.20-18.23.20:263][497]LogShaderCompilers: Display: Shaders left to compile 7
[2019.05.20-18.23.20:263][497]LogShaderCompilers: Display: Shaders left to compile 6
[2019.05.20-18.23.20:263][497]LogShaderCompilers: Display: Shaders left to compile 5
[2019.05.20-18.23.20:263][497]LogShaderCompilers: Display: Shaders left to compile 4
[2019.05.20-18.23.20:263][497]LogShaderCompilers: Display: Shaders left to compile 3
[2019.05.20-18.23.20:263][497]LogShaderCompilers: Display: Shaders left to compile 2
[2019.05.20-18.23.20:263][497]LogShaderCompilers: Display: Shaders left to compile 1
[2019.05.20-18.23.20:263][497]TextureStreamingBuild: Display: Compiling optional shaders took 2.022 seconds.
[2019.05.20-18.23.20:294][497]LogLevel: Display: Export Material TexCoord Scales took 0.031 seconds.
[2019.05.20-18.23.20:344][497]TextureStreamingBuild: Display: Build Texture Streaming took 0.049 seconds.
[2019.05.20-18.23.20:380][497]LightingResults: New page: Lighting Build - May 20, 2019, 12:23:20 PM
[2019.05.20-18.23.20:433][497]LogSwarmInterface: [OpenConnection] Registering TCP channel ...
[2019.05.20-18.23.20:548][497]LogSwarmInterface: [OpenConnection] Connecting to agent ...
[2019.05.20-18.23.20:567][497]LogSwarmInterface: [TryOpenConnection] Testing the Agent
[2019.05.20-18.23.21:081][497]LogSwarmInterface: [TryOpenConnection] Opening Connection to Agent
[2019.05.20-18.23.21:081][497]LogSwarmInterface: [TryOpenConnection] Local Process ID is 2708
[2019.05.20-18.23.25:899][497]LogStaticLightingSystem: Warning: No importance volume found, so the scene bounding box was used.  You can optimize your scene's quality and lighting build times by adding importance volumes.
[2019.05.20-18.23.25:899][497]LogStaticLightingSystem: Running Lightmass w/ ImmediateImport mode ENABLED
[2019.05.20-18.23.25:899][497]LogStaticLightingSystem: Running Lightmass w/ ImmediateProcess mode ENABLED
[2019.05.20-18.23.25:899][497]LogStaticLightingSystem: Running Lightmass w/ Sorting mode ENABLED
[2019.05.20-18.23.25:899][497]LogStaticLightingSystem: Running Lightmass w/ Mapping paddings ENABLED
[2019.05.20-18.23.25:900][497]LogStaticLightingSystem: Running Lightmass w/ Mapping debug paddings DISABLED
[2019.05.20-18.23.26:183][497]Cmd: MAP CHECK DONTDISPLAYDIALOG
[2019.05.20-18.23.26:184][497]MapCheck: New page: FirstPersonExampleMap - May 20, 2019, 12:23:26 PM
[2019.05.20-18.23.26:333][497]MapCheck: Map check complete: 0 Error(s), 0 Warning(s), took 149.503ms to complete.
[2019.05.20-18.23.26:357][497]LogEditorBuildUtils: Build time 0:08
[2019.05.20-18.23.32:612][893]Job is a success!
[2019.05.20-18.23.32:651][894]LogSlate: Took 0.000443 seconds to synchronously load lazily loaded font '../../../Engine/Content/Slate/Fonts/Roboto-Light.ttf' (167K)
[2019.05.20-18.23.32:652][894]LogSlate: FSceneViewport::OnFocusLost() reason 2
[2019.05.20-18.23.32:722][894]LogVolumetricLightmapImport: Imported Volumetric Lightmap in 0.020s
[2019.05.20-18.23.32:722][894]LogVolumetricLightmapImport:      Indirection Texture 16x16x16 = 0.0Mb
[2019.05.20-18.23.32:722][894]LogVolumetricLightmapImport:      BrickData 255x5x5 = 0.2Mb (trimmed 0.3Mb due to 0.010000 MinBrickError)
[2019.05.20-18.23.32:722][894]LogVolumetricLightmapImport:      Bricks at Level
[2019.05.20-18.23.32:722][894]LogVolumetricLightmapImport:          0: 2.0% covering 100.0% of volume
[2019.05.20-18.23.32:722][894]LogVolumetricLightmapImport:          1: 9.8% covering 7.8% of volume
[2019.05.20-18.23.32:722][894]LogVolumetricLightmapImport:          2: 88.2% covering 1.1% of volume
[2019.05.20-18.23.33:479][894]LogTexture: Display: Building textures: SkyOcclusion1_1 (AutoDXT, 1024X512)
[2019.05.20-18.23.33:479][894]LogTexture: Display: Building textures: HQ_Lightmap1_1 (AutoDXT, 1024X1024)
[2019.05.20-18.23.33:479][894]LogTexture: Display: Building textures: LQ_Lightmap_1_1 (DXT1, 1024X1024)
[2019.05.20-18.23.33:479][894]LogTexture: Display: Building textures: SkyOcclusion1_2 (AutoDXT, 64X32)
[2019.05.20-18.23.33:479][894]LogTexture: Display: Building textures: HQ_Lightmap1_2 (AutoDXT, 64X64)
[2019.05.20-18.23.33:479][894]LogTexture: Display: Building textures: LQ_Lightmap_1_2 (DXT1, 64X64)
[2019.05.20-18.23.33:618][894]LogTexture: Display: Building textures: ShadowMapTexture2D_1 (G8, 32X32)
[2019.05.20-18.23.33:618][894]LogTexture: Display: Building textures: ShadowMapTexture2D_0 (BGRA8, 512X512)
[2019.05.20-18.23.33:677][894]Lightmass on DESKTOP-K3ALEES: 5.94 sec total, 295 ms importing, 64 ms setup, 492 ms photons, 5.02 sec processing, 0 ms extra exporting [372/372 mappings]. Threads: 20.0 sec total, 4.94 sec processing.
[2019.05.20-18.23.33:828][894]LogStaticLightingSystem: Illumination: 13.4 sec (590 ms encoding lightmaps, 127 ms encoding shadowmaps)
[2019.05.20-18.23.33:828][894]LogStaticLightingSystem: Lightmap texture memory:  2.7 MB (0.0 MB streaming, 2.7 MB non-streaming), 4 textures
[2019.05.20-18.23.33:828][894]LogStaticLightingSystem: Shadowmap texture memory: 1.3 MB (0.0 MB streaming, 1.3 MB non-streaming), 2 textures
[2019.05.20-18.23.33:910][894]DumpUnbuiltLightIteractions
[2019.05.20-18.23.33:910][894]Lights with unbuilt interactions: 0
[2019.05.20-18.23.33:910][894]
[2019.05.20-18.23.33:910][894]Primitives with unbuilt interactions: 0
[2019.05.20-18.23.33:917][894]LogSlate: FSceneViewport::OnFocusLost() reason 2
[2019.05.20-18.23.34:020][895]Cmd: MAP CHECK NOTIFYRESULTS
[2019.05.20-18.23.34:021][895]MapCheck: New page: FirstPersonExampleMap - May 20, 2019, 12:23:34 PM
[2019.05.20-18.23.34:181][895]MapCheck: Map check complete: 0 Error(s), 0 Warning(s), took 160.32ms to complete.
[2019.05.20-18.23.55:064][131]LogSlate: FSceneViewport::OnFocusLost() reason 2
[2019.05.20-18.23.55:514][131]LogSavePackage: Moving '../../../../../../Users/Octavio/Desktop/Repo/SimpleScene/Saved/FirstPersonExampleMap_Auto1FF8E49C2429755421547DA9E7F692EC4.tmp' to '../../../../../../Users/Octavio/Desktop/Repo/SimpleScene/Saved/Autosaves/Game/FirstPersonBP/Maps/FirstPersonExampleMap_Auto1.umap'
[2019.05.20-18.23.55:522][131]LogFileHelpers: Editor autosave (incl. sublevels) for '/Game/FirstPersonBP/Maps/FirstPersonExampleMap' took 0.424
[2019.05.20-18.23.55:522][131]LogFileHelpers: Editor autosave (incl. sublevels) for all levels took 0.424
[2019.05.20-18.23.55:528][131]OBJ SavePackage: Generating thumbnails for [0] asset(s) in package [/Game/FirstPersonBP/Maps/FirstPersonExampleMap_BuiltData] ([1] browsable assets)...
[2019.05.20-18.23.55:528][131]OBJ SavePackage: Finished generating thumbnails for package [/Game/FirstPersonBP/Maps/FirstPersonExampleMap_BuiltData]
[2019.05.20-18.23.55:569][131]LogSavePackage: Moving '../../../../../../Users/Octavio/Desktop/Repo/SimpleScene/Saved/FirstPersonExampleMap_BuiltData_A3F73BB5413788F353912096511A6705.tmp' to '../../../../../../Users/Octavio/Desktop/Repo/SimpleScene/Saved/Autosaves/Game/FirstPersonBP/Maps/FirstPersonExampleMap_BuiltData_Auto1.uasset'
[2019.05.20-18.23.55:575][131]LogFileHelpers: Auto-saving content packages took 0.048
[2019.05.20-18.24.10:603][320]LogSlate: FSceneViewport::OnFocusLost() reason 2
[2019.05.20-18.24.11:833][384]LogTemp: Repeating last play command: Selected Viewport
[2019.05.20-18.24.11:875][384]LogBlueprintUserMessages: Early PlayInEditor Detection: Level '/Game/FirstPersonBP/Maps/FirstPersonExampleMap.FirstPersonExampleMap:PersistentLevel' has LevelScriptBlueprint '/Game/FirstPersonBP/Maps/FirstPersonExampleMap.FirstPersonExampleMap:PersistentLevel.FirstPersonExampleMap' with GeneratedClass '/Game/FirstPersonBP/Maps/FirstPersonExampleMap.FirstPersonExampleMap_C' with ClassGeneratedBy '/Game/FirstPersonBP/Maps/FirstPersonExampleMap.FirstPersonExampleMap:PersistentLevel.FirstPersonExampleMap'
[2019.05.20-18.24.11:876][384]LogPlayLevel: PlayLevel: No blueprints needed recompiling
[2019.05.20-18.24.11:892][384]PIE: New page: PIE session: FirstPersonExampleMap (May 20, 2019, 12:24:11 PM)
[2019.05.20-18.24.11:892][384]LogPlayLevel: Creating play world package: /Game/FirstPersonBP/Maps/UEDPIE_0_FirstPersonExampleMap
[2019.05.20-18.24.11:953][384]LogPlayLevel: PIE: StaticDuplicateObject took: (0.061411s)
[2019.05.20-18.24.11:955][384]LogAIModule: Creating AISystem for world FirstPersonExampleMap
[2019.05.20-18.24.11:956][384]LogPlayLevel: PIE: World Init took: (0.002039s)
[2019.05.20-18.24.11:956][384]LogPlayLevel: PIE: Created PIE world by copying editor world from /Game/FirstPersonBP/Maps/FirstPersonExampleMap.FirstPersonExampleMap to /Game/FirstPersonBP/Maps/UEDPIE_0_FirstPersonExampleMap.FirstPersonExampleMap (0.064026s)
[2019.05.20-18.24.12:054][384]LogInit: XAudio2 using '4 - HDMI (AMD High Definition Audio Device)' : 2 channels at 48 kHz using 16 bits per sample (channel mask 0x3)
[2019.05.20-18.24.12:090][384]LogInit: FAudioDevice initialized.
[2019.05.20-18.24.12:091][384]LogSlate: FSceneViewport::OnFocusLost() reason 2
[2019.05.20-18.24.12:150][384]LogLoad: Game class is 'FirstPersonGameMode_C'
[2019.05.20-18.24.12:160][384]LogWorld: Bringing World /Game/FirstPersonBP/Maps/UEDPIE_0_FirstPersonExampleMap.FirstPersonExampleMap up for play (max tick rate 0) at 2019.05.20-15.24.12
[2019.05.20-18.24.12:161][384]LogWorld: Bringing up level for play took: 0.007200
[2019.05.20-18.24.12:199][384]LogContentBrowser: Native class hierarchy updated for 'MovieSceneCapture' in 0.0010 seconds. Added 10 classes and 0 folders.
[2019.05.20-18.24.12:201][384]PIE: Play in editor start time for /Game/FirstPersonBP/Maps/UEDPIE_0_FirstPersonExampleMap 0.412
[2019.05.20-18.24.12:201][384]LogBlueprintUserMessages: Late PlayInEditor Detection: Level '/Game/FirstPersonBP/Maps/FirstPersonExampleMap.FirstPersonExampleMap:PersistentLevel' has LevelScriptBlueprint '/Game/FirstPersonBP/Maps/FirstPersonExampleMap.FirstPersonExampleMap:PersistentLevel.FirstPersonExampleMap' with GeneratedClass '/Game/FirstPersonBP/Maps/FirstPersonExampleMap.FirstPersonExampleMap_C' with ClassGeneratedBy '/Game/FirstPersonBP/Maps/FirstPersonExampleMap.FirstPersonExampleMap:PersistentLevel.FirstPersonExampleMap'
[2019.05.20-18.24.30:650][519]LogBlueprintUserMessages: Early EndPlayMap Detection: Level '/Game/FirstPersonBP/Maps/FirstPersonExampleMap.FirstPersonExampleMap:PersistentLevel' has LevelScriptBlueprint '/Game/FirstPersonBP/Maps/FirstPersonExampleMap.FirstPersonExampleMap:PersistentLevel.FirstPersonExampleMap' with GeneratedClass '/Game/FirstPersonBP/Maps/FirstPersonExampleMap.FirstPersonExampleMap_C' with ClassGeneratedBy '/Game/FirstPersonBP/Maps/FirstPersonExampleMap.FirstPersonExampleMap:PersistentLevel.FirstPersonExampleMap'
[2019.05.20-18.24.30:650][519]LogSlate: Updating window title bar state: overlay mode, drag disabled, window buttons hidden, title bar hidden
[2019.05.20-18.24.30:690][519]LogPlayLevel: Display: Shutting down PIE online subsystems
[2019.05.20-18.24.30:690][519]LogBlueprintUserMessages: Late EndPlayMap Detection: Level '/Game/FirstPersonBP/Maps/FirstPersonExampleMap.FirstPersonExampleMap:PersistentLevel' has LevelScriptBlueprint '/Game/FirstPersonBP/Maps/FirstPersonExampleMap.FirstPersonExampleMap:PersistentLevel.FirstPersonExampleMap' with GeneratedClass '/Game/FirstPersonBP/Maps/FirstPersonExampleMap.FirstPersonExampleMap_C' with ClassGeneratedBy '/Game/FirstPersonBP/Maps/FirstPersonExampleMap.FirstPersonExampleMap:PersistentLevel.FirstPersonExampleMap'
[2019.05.20-18.24.30:735][519]LogSlate: Updating window title bar state: overlay mode, drag disabled, window buttons hidden, title bar hidden
[2019.05.20-18.24.30:768][520]LogPlayLevel: Display: Destroying online subsystem :Context_2
[2019.05.20-18.24.32:154][685]LogSlate: FSceneViewport::OnFocusLost() reason 0
[2019.05.20-18.24.32:721][702]LogSavePackage: Moving '../../../../../../Users/Octavio/Desktop/Repo/SimpleScene/Saved/FirstPersonExampleMap044606974EABC748A306F0AAE479D228.tmp' to '../../../../../../Users/Octavio/Desktop/Repo/SimpleScene/Content/FirstPersonBP/Maps/FirstPersonExampleMap.umap'
[2019.05.20-18.24.33:029][702]LogSavePackage: Moving '../../../../../../Users/Octavio/Desktop/Repo/SimpleScene/Saved/FirstPersonExampleMap_BuiltDataF91C97074B861B5BA3C54EA42A4460B1.tmp' to '../../../../../../Users/Octavio/Desktop/Repo/SimpleScene/Content/FirstPersonBP/Maps/FirstPersonExampleMap_BuiltData.uasset'
[2019.05.20-18.24.35:315][974]LogSlate: FSceneViewport::OnFocusLost() reason 0
[2019.05.20-18.24.37:100][175]LogSlate: Window 'SimpleScene - Unreal Editor' being destroyed
[2019.05.20-18.24.37:101][175]LogWindowsTextInputMethodSystem: Display: IME system now deactivated.
[2019.05.20-18.24.37:308][176]Cmd: QUIT_EDITOR
[2019.05.20-18.24.37:855][176]LogExit: Preparing to exit.
[2019.05.20-18.24.38:362][176]LogExit: Editor shut down
[2019.05.20-18.24.38:363][176]LogExit: Transaction tracking system shut down
[2019.05.20-18.24.38:832][176]LogExit: Object subsystem successfully closed.
[2019.05.20-18.24.38:850][176]LogShaderCompilers: Display: Shaders left to compile 0
[2019.05.20-18.24.38:854][176]LogD3D11RHI: Shutdown
[2019.05.20-18.24.38:854][176]LogD3D11RHI: CleanupD3DDevice
[2019.05.20-18.24.38:858][176]LogD3D11RHI: ~FD3D11DynamicRHI
[2019.05.20-18.24.38:893][176]LogModuleManager: Shutting down and abandoning module MovieSceneCapture (616)
[2019.05.20-18.24.38:893][176]LogModuleManager: Shutting down and abandoning module Voice (614)
[2019.05.20-18.24.38:893][176]LogModuleManager: Shutting down and abandoning module HierarchicalLODUtilities (612)
[2019.05.20-18.24.38:893][176]LogModuleManager: Shutting down and abandoning module HierarchicalLODOutliner (610)
[2019.05.20-18.24.38:893][176]LogModuleManager: Shutting down and abandoning module SceneOutliner (608)
[2019.05.20-18.24.38:893][176]LogModuleManager: Shutting down and abandoning module AddContentDialog (606)
[2019.05.20-18.24.38:894][176]LogModuleManager: Shutting down and abandoning module WidgetCarousel (605)
[2019.05.20-18.24.38:894][176]LogModuleManager: Shutting down and abandoning module EditorWidgets (602)
[2019.05.20-18.24.38:894][176]LogModuleManager: Shutting down and abandoning module CollectionManager (600)
[2019.05.20-18.24.38:894][176]LogModuleManager: Shutting down and abandoning module StatsViewer (598)
[2019.05.20-18.24.38:894][176]LogModuleManager: Shutting down and abandoning module FoliageEdit (596)
[2019.05.20-18.24.38:894][176]LogModuleManager: Shutting down and abandoning module LandscapeEditor (594)
[2019.05.20-18.24.38:894][176]LogModuleManager: Shutting down and abandoning module MeshPaintMode (592)
[2019.05.20-18.24.38:894][176]LogModuleManager: Shutting down and abandoning module SceneDepthPickerMode (590)
[2019.05.20-18.24.38:895][176]LogModuleManager: Shutting down and abandoning module ActorPickerMode (588)
[2019.05.20-18.24.38:895][176]LogModuleManager: Shutting down and abandoning module GeometryMode (586)
[2019.05.20-18.24.38:895][176]LogModuleManager: Shutting down and abandoning module TextureAlignMode (584)
[2019.05.20-18.24.38:895][176]LogModuleManager: Shutting down and abandoning module BspMode (582)
[2019.05.20-18.24.38:895][176]LogModuleManager: Shutting down and abandoning module PIEPreviewDeviceProfileSelector (580)
[2019.05.20-18.24.38:895][176]LogModuleManager: Shutting down and abandoning module SequenceRecorderSections (578)
[2019.05.20-18.24.38:895][176]LogModuleManager: Shutting down and abandoning module AutomationWorker (576)
[2019.05.20-18.24.38:895][176]LogModuleManager: Shutting down and abandoning module AudioCaptureEditor (574)
[2019.05.20-18.24.38:895][176]LogModuleManager: Shutting down and abandoning module SequenceRecorder (573)
[2019.05.20-18.24.38:895][176]LogModuleManager: Shutting down and abandoning module MatineeToLevelSequence (570)
[2019.05.20-18.24.38:895][176]LogModuleManager: Shutting down and abandoning module LevelSequenceEditor (568)
[2019.05.20-18.24.38:895][176]LogModuleManager: Shutting down and abandoning module PlacementMode (567)
[2019.05.20-18.24.38:895][176]LogModuleManager: Shutting down and abandoning module MaterialEditor (566)
[2019.05.20-18.24.38:895][176]LogModuleManager: Shutting down and abandoning module WmfMediaFactory (562)
[2019.05.20-18.24.38:895][176]LogModuleManager: Shutting down and abandoning module WmfMediaEditor (560)
[2019.05.20-18.24.38:895][176]LogModuleManager: Shutting down and abandoning module MediaPlayerEditor (558)
[2019.05.20-18.24.38:895][176]LogModuleManager: Shutting down and abandoning module OpenExrWrapper (556)
[2019.05.20-18.24.38:895][176]LogModuleManager: Shutting down and abandoning module ImgMediaFactory (554)
[2019.05.20-18.24.38:895][176]LogModuleManager: Shutting down and abandoning module ImgMediaEditor (552)
[2019.05.20-18.24.38:895][176]LogModuleManager: Shutting down and abandoning module AvfMediaFactory (550)
[2019.05.20-18.24.38:895][176]LogModuleManager: Shutting down and abandoning module AvfMediaEditor (548)
[2019.05.20-18.24.38:895][176]LogModuleManager: Shutting down and abandoning module AndroidMediaFactory (546)
[2019.05.20-18.24.38:895][176]LogModuleManager: Shutting down and abandoning module AndroidMediaEditor (544)
[2019.05.20-18.24.38:895][176]LogModuleManager: Shutting down and abandoning module MagicLeapCameraPreviewFactory (542)
[2019.05.20-18.24.38:895][176]LogModuleManager: Shutting down and abandoning module MagicLeapMediaFactory (540)
[2019.05.20-18.24.38:895][176]LogModuleManager: Shutting down and abandoning module MagicLeapMediaEditor (538)
[2019.05.20-18.24.38:895][176]LogModuleManager: Shutting down and abandoning module CharacterAI (536)
[2019.05.20-18.24.38:895][176]LogModuleManager: Shutting down and abandoning module SmartSnapping (534)
[2019.05.20-18.24.38:895][176]LogModuleManager: Shutting down and abandoning module SessionServices (532)
[2019.05.20-18.24.38:895][176]LogModuleManager: Shutting down and abandoning module ViewportSnapping (530)
[2019.05.20-18.24.38:895][176]LogModuleManager: Shutting down and abandoning module ViewportInteraction (528)
[2019.05.20-18.24.38:896][176]LogModuleManager: Shutting down and abandoning module ClothPainter (526)
[2019.05.20-18.24.38:896][176]LogModuleManager: Shutting down and abandoning module SkeletalMeshEditor (525)
[2019.05.20-18.24.38:896][176]LogModuleManager: Shutting down and abandoning module LogVisualizer (522)
[2019.05.20-18.24.38:896][176]LogModuleManager: Shutting down and abandoning module IntroTutorials (520)
[2019.05.20-18.24.38:896][176]LogModuleManager: Shutting down and abandoning module GameProjectGeneration (519)
[2019.05.20-18.24.38:896][176]LogModuleManager: Shutting down and abandoning module LuminPlatformEditor (516)
[2019.05.20-18.24.38:896][176]LogModuleManager: Shutting down and abandoning module IOSPlatformEditor (514)
[2019.05.20-18.24.38:896][176]LogModuleManager: Shutting down and abandoning module HTML5PlatformEditor (512)
[2019.05.20-18.24.38:896][176]LogModuleManager: Shutting down and abandoning module AndroidPlatformEditor (510)
[2019.05.20-18.24.38:896][176]LogModuleManager: Shutting down and abandoning module AndroidDeviceDetection (509)
[2019.05.20-18.24.39:809][176]LogModuleManager: Shutting down and abandoning module WindowsPlatformEditor (506)
[2019.05.20-18.24.39:809][176]LogModuleManager: Shutting down and abandoning module LuminRuntimeSettings (504)
[2019.05.20-18.24.39:809][176]LogModuleManager: Shutting down and abandoning module IOSRuntimeSettings (502)
[2019.05.20-18.24.39:809][176]LogModuleManager: Shutting down and abandoning module AndroidRuntimeSettings (500)
[2019.05.20-18.24.39:809][176]LogModuleManager: Shutting down and abandoning module InputBindingEditor (498)
[2019.05.20-18.24.39:809][176]LogModuleManager: Shutting down and abandoning module MergeActors (496)
[2019.05.20-18.24.39:809][176]LogModuleManager: Shutting down and abandoning module LocalizationDashboard (494)
[2019.05.20-18.24.39:809][176]LogModuleManager: Shutting down and abandoning module LocalizationService (493)
[2019.05.20-18.24.39:809][176]LogModuleManager: Shutting down and abandoning module HardwareTargeting (490)
[2019.05.20-18.24.39:809][176]LogModuleManager: Shutting down and abandoning module DeviceProfileEditor (488)
[2019.05.20-18.24.39:809][176]LogModuleManager: Shutting down and abandoning module UndoHistory (486)
[2019.05.20-18.24.39:809][176]LogModuleManager: Shutting down and abandoning module XmlParser (484)
[2019.05.20-18.24.39:809][176]LogModuleManager: Shutting down and abandoning module Blutility (482)
[2019.05.20-18.24.39:809][176]LogModuleManager: Shutting down and abandoning module ProjectSettingsViewer (480)
[2019.05.20-18.24.39:809][176]LogModuleManager: Shutting down and abandoning module ProjectTargetPlatformEditor (479)
[2019.05.20-18.24.39:809][176]LogModuleManager: Shutting down and abandoning module EditorSettingsViewer (476)
[2019.05.20-18.24.39:809][176]LogModuleManager: Shutting down and abandoning module SettingsEditor (474)
[2019.05.20-18.24.39:809][176]LogModuleManager: Shutting down and abandoning module ProjectLauncher (472)
[2019.05.20-18.24.39:810][176]LogModuleManager: Shutting down and abandoning module SessionFrontend (470)
[2019.05.20-18.24.39:810][176]LogModuleManager: Shutting down and abandoning module ProfilerClient (468)
[2019.05.20-18.24.39:810][176]LogModuleManager: Shutting down and abandoning module DeviceManager (466)
[2019.05.20-18.24.39:810][176]LogModuleManager: Shutting down and abandoning module TargetDeviceServices (465)
[2019.05.20-18.24.39:864][176]LogModuleManager: Shutting down and abandoning module AutomationController (462)
[2019.05.20-18.24.39:864][176]LogModuleManager: Shutting down and abandoning module AutomationWindow (460)
[2019.05.20-18.24.39:864][176]LogModuleManager: Shutting down and abandoning module Layers (458)
[2019.05.20-18.24.39:864][176]LogModuleManager: Shutting down and abandoning module ComponentVisualizers (456)
[2019.05.20-18.24.39:864][176]LogModuleManager: Shutting down and abandoning module DetailCustomizations (454)
[2019.05.20-18.24.39:864][176]LogModuleManager: Shutting down and abandoning module PackagesDialog (452)
[2019.05.20-18.24.39:864][176]LogModuleManager: Shutting down and abandoning module Persona (450)
[2019.05.20-18.24.39:865][176]LogModuleManager: Shutting down and abandoning module AdvancedPreviewScene (449)
[2019.05.20-18.24.39:865][176]LogModuleManager: Shutting down and abandoning module AnimGraph (447)
[2019.05.20-18.24.39:865][176]LogModuleManager: Shutting down and abandoning module Kismet (444)
[2019.05.20-18.24.39:865][176]LogModuleManager: Shutting down and abandoning module GraphEditor (442)
[2019.05.20-18.24.39:865][176]LogModuleManager: Shutting down and abandoning module ClassViewer (440)
[2019.05.20-18.24.39:865][176]LogModuleManager: Shutting down and abandoning module Toolbox (438)
[2019.05.20-18.24.39:865][176]LogModuleManager: Shutting down and abandoning module ModuleUI (436)
[2019.05.20-18.24.39:865][176]LogModuleManager: Shutting down and abandoning module MovieSceneTools (434)
[2019.05.20-18.24.39:866][176]LogModuleManager: Shutting down and abandoning module OutputLog (432)
[2019.05.20-18.24.39:866][176]LogModuleManager: Shutting down and abandoning module GammaUI (430)
[2019.05.20-18.24.39:866][176]LogModuleManager: Shutting down and abandoning module Documentation (428)
[2019.05.20-18.24.39:866][176]LogModuleManager: Shutting down and abandoning module MovieSceneTracks (426)
[2019.05.20-18.24.39:866][176]LogModuleManager: Shutting down and abandoning module MovieScene (424)
[2019.05.20-18.24.39:866][176]LogModuleManager: Shutting down and abandoning module StreamingPauseRendering (422)
[2019.05.20-18.24.39:866][176]LogModuleManager: Shutting down and abandoning module LauncherPlatform (420)
[2019.05.20-18.24.39:866][176]LogModuleManager: Shutting down and abandoning module AnalyticsET (418)
[2019.05.20-18.24.39:866][176]LogModuleManager: Shutting down and abandoning module PortalServices (416)
[2019.05.20-18.24.39:866][176]LogModuleManager: Shutting down and abandoning module PortalRpc (414)
[2019.05.20-18.24.39:866][176]LogModuleManager: Shutting down and abandoning module MessagingRpc (412)
[2019.05.20-18.24.39:866][176]LogModuleManager: Shutting down and abandoning module AIModule (410)
[2019.05.20-18.24.39:866][176]LogModuleManager: Shutting down and abandoning module GameplayDebugger (409)
[2019.05.20-18.24.39:866][176]LogModuleManager: Shutting down and abandoning module AITestSuite (407)
[2019.05.20-18.24.39:866][176]LogModuleManager: Shutting down and abandoning module NavigationSystem (405)
[2019.05.20-18.24.39:866][176]LogModuleManager: Shutting down and abandoning module DesktopPlatform (402)
[2019.05.20-18.24.39:866][176]LogModuleManager: Shutting down and abandoning module ProfilerService (400)
[2019.05.20-18.24.39:920][176]LogModuleManager: Shutting down and abandoning module TaskGraph (398)
[2019.05.20-18.24.39:920][176]LogModuleManager: Shutting down and abandoning module SteamVRController (396)
[2019.05.20-18.24.39:920][176]LogModuleManager: Shutting down and abandoning module ProceduralMeshComponentEditor (394)
[2019.05.20-18.24.39:920][176]LogModuleManager: Shutting down and abandoning module ProceduralMeshComponent (392)
[2019.05.20-18.24.39:920][176]LogModuleManager: Shutting down and abandoning module OculusInput (390)
[2019.05.20-18.24.39:920][176]LogModuleManager: Shutting down and abandoning module MobilePatchingUtils (388)
[2019.05.20-18.24.39:920][176]LogModuleManager: Shutting down and abandoning module EditableMesh (386)
[2019.05.20-18.24.39:920][176]LogModuleManager: Shutting down and abandoning module CustomMeshComponent (384)
[2019.05.20-18.24.39:920][176]LogModuleManager: Shutting down and abandoning module CableComponent (382)
[2019.05.20-18.24.39:920][176]LogModuleManager: Shutting down and abandoning module AudioCapture (380)
[2019.05.20-18.24.39:920][176]LogModuleManager: Shutting down and abandoning module ArchVisCharacter (378)
[2019.05.20-18.24.39:920][176]LogModuleManager: Shutting down and abandoning module AndroidPermission (376)
[2019.05.20-18.24.39:920][176]LogModuleManager: Shutting down and abandoning module NUTUnrealEngine4 (374)
[2019.05.20-18.24.39:920][176]LogModuleManager: Shutting down and abandoning module NetcodeUnitTest (372)
[2019.05.20-18.24.39:920][176]LogModuleManager: Shutting down and abandoning module MediaCompositingEditor (370)
[2019.05.20-18.24.39:920][176]LogModuleManager: Shutting down and abandoning module MediaCompositing (368)
[2019.05.20-18.24.39:920][176]LogModuleManager: Shutting down and abandoning module LinearTimecode (366)
[2019.05.20-18.24.39:920][176]LogModuleManager: Shutting down and abandoning module ImgMedia (364)
[2019.05.20-18.24.39:926][176]LogModuleManager: Shutting down and abandoning module HTML5Networking (362)
[2019.05.20-18.24.39:926][176]LogModuleManager: Shutting down and abandoning module GeometryCacheTracks (360)
[2019.05.20-18.24.39:926][176]LogModuleManager: Shutting down and abandoning module GeometryCacheSequencer (358)
[2019.05.20-18.24.39:926][176]LogModuleManager: Shutting down and abandoning module BackChannel (356)
[2019.05.20-18.24.39:926][176]LogModuleManager: Shutting down and abandoning module AppleVision (354)
[2019.05.20-18.24.39:926][176]LogModuleManager: Shutting down and abandoning module AppleImageUtils (352)
[2019.05.20-18.24.39:926][176]LogModuleManager: Shutting down and abandoning module AlembicImporter (350)
[2019.05.20-18.24.39:926][176]LogModuleManager: Shutting down and abandoning module AlembicLibrary (349)
[2019.05.20-18.24.39:926][176]LogModuleManager: Shutting down and abandoning module GeometryCache (348)
[2019.05.20-18.24.39:926][176]LogModuleManager: Shutting down and abandoning module GeometryCacheEd (347)
[2019.05.20-18.24.39:926][176]LogModuleManager: Shutting down and abandoning module DatasmithContentEditor (342)
[2019.05.20-18.24.39:926][176]LogModuleManager: Shutting down and abandoning module DatasmithContent (340)
[2019.05.20-18.24.39:927][176]LogModuleManager: Shutting down and abandoning module SpeedTreeImporter (338)
[2019.05.20-18.24.39:927][176]LogModuleManager: Shutting down and abandoning module PluginBrowser (336)
[2019.05.20-18.24.39:928][176]LogModuleManager: Shutting down and abandoning module MobileLauncherProfileWizard (334)
[2019.05.20-18.24.39:928][176]LogModuleManager: Shutting down and abandoning module PolygonModeling (332)
[2019.05.20-18.24.39:928][176]LogModuleManager: Shutting down and abandoning module MeshEditor (330)
[2019.05.20-18.24.39:928][176]LogModuleManager: Shutting down and abandoning module CryptoKeysOpenSSL (328)
[2019.05.20-18.24.39:928][176]LogModuleManager: Shutting down and abandoning module CryptoKeys (326)
[2019.05.20-18.24.39:928][176]LogModuleManager: Shutting down and abandoning module VisualStudioSourceCodeAccess (324)
[2019.05.20-18.24.39:928][176]LogModuleManager: Shutting down and abandoning module VisualStudioCodeSourceCodeAccess (322)
[2019.05.20-18.24.39:928][176]LogModuleManager: Shutting down and abandoning module UObjectPlugin (320)
[2019.05.20-18.24.39:928][176]LogModuleManager: Shutting down and abandoning module SubversionSourceControl (318)
[2019.05.20-18.24.39:928][176]LogModuleManager: Shutting down and abandoning module PerforceSourceControl (316)
[2019.05.20-18.24.39:928][176]LogModuleManager: Shutting down and abandoning module GitSourceControl (314)
[2019.05.20-18.24.39:928][176]LogModuleManager: Shutting down and abandoning module SourceControl (313)
[2019.05.20-18.24.39:928][176]LogModuleManager: Shutting down and abandoning module CLionSourceCodeAccess (310)
[2019.05.20-18.24.39:928][176]LogModuleManager: Shutting down and abandoning module LightPropagationVolumeEditor (308)
[2019.05.20-18.24.39:928][176]LogModuleManager: Shutting down and abandoning module PaperTiledImporter (306)
[2019.05.20-18.24.39:928][176]LogModuleManager: Shutting down and abandoning module PaperSpriteSheetImporter (304)
[2019.05.20-18.24.39:928][176]LogModuleManager: Shutting down and abandoning module Paper2DEditor (302)
[2019.05.20-18.24.39:928][176]LogModuleManager: Shutting down and abandoning module MeshPaint (301)
[2019.05.20-18.24.39:928][176]LogModuleManager: Shutting down and abandoning module RuntimePhysXCooking (298)
[2019.05.20-18.24.39:928][176]LogModuleManager: Shutting down and abandoning module PhysXVehiclesEditor (296)
[2019.05.20-18.24.39:928][176]LogModuleManager: Shutting down and abandoning module PhysXVehicles (294)
[2019.05.20-18.24.39:928][176]LogModuleManager: Shutting down and abandoning module OculusEditor (292)
[2019.05.20-18.24.39:928][176]LogModuleManager: Shutting down and abandoning module LocationServicesBPLibrary (290)
[2019.05.20-18.24.39:928][176]LogModuleManager: Shutting down and abandoning module ImmediatePhysicsEditor (288)
[2019.05.20-18.24.39:929][176]LogModuleManager: Shutting down and abandoning module ImmediatePhysics (286)
[2019.05.20-18.24.39:929][176]LogModuleManager: Shutting down and abandoning module ActorSequence (284)
[2019.05.20-18.24.39:929][176]LogModuleManager: Shutting down and abandoning module UdpMessaging (282)
[2019.05.20-18.24.40:030][176]LogModuleManager: Shutting down and abandoning module TcpMessaging (280)
[2019.05.20-18.24.40:131][176]LogModuleManager: Shutting down and abandoning module MagicLeapAudio (278)
[2019.05.20-18.24.40:131][176]LogModuleManager: Shutting down and abandoning module GameplayTagsEditor (276)
[2019.05.20-18.24.40:131][176]LogModuleManager: Shutting down and abandoning module FacialAnimationEditor (274)
[2019.05.20-18.24.40:131][176]LogModuleManager: Shutting down and abandoning module FacialAnimation (272)
[2019.05.20-18.24.40:131][176]LogModuleManager: Shutting down and abandoning module DataValidation (270)
[2019.05.20-18.24.40:131][176]LogModuleManager: Shutting down and abandoning module AssetManagerEditor (268)
[2019.05.20-18.24.40:131][176]LogModuleManager: Shutting down and abandoning module LevelEditor (267)
[2019.05.20-18.24.40:132][176]LogModuleManager: Shutting down and abandoning module PixelInspectorModule (266)
[2019.05.20-18.24.40:132][176]LogModuleManager: Shutting down and abandoning module CommonMenuExtensions (264)
[2019.05.20-18.24.40:132][176]LogModuleManager: Shutting down and abandoning module MainFrame (262)
[2019.05.20-18.24.40:132][176]LogModuleManager: Shutting down and abandoning module HotReload (261)
[2019.05.20-18.24.40:133][176]LogModuleManager: Shutting down and abandoning module ContentBrowser (257)
[2019.05.20-18.24.40:134][176]LogModuleManager: Shutting down and abandoning module TreeMap (255)
[2019.05.20-18.24.40:134][176]LogModuleManager: Shutting down and abandoning module LightPropagationVolumeRuntime (252)
[2019.05.20-18.24.40:135][176]LogModuleManager: Shutting down and abandoning module AISupportModule (250)
[2019.05.20-18.24.40:135][176]LogModuleManager: Shutting down and abandoning module Paper2D (248)
[2019.05.20-18.24.40:135][176]LogModuleManager: Shutting down and abandoning module WindowsMoviePlayer (246)
[2019.05.20-18.24.40:135][176]LogModuleManager: Shutting down and abandoning module WmfMedia (244)
[2019.05.20-18.24.40:138][176]LogModuleManager: Shutting down and abandoning module Media (243)
[2019.05.20-18.24.40:144][176]LogModuleManager: Shutting down and abandoning module PacketHandler (240)
[2019.05.20-18.24.40:144][176]LogModuleManager: Shutting down and abandoning module ClothingSystemEditor (238)
[2019.05.20-18.24.40:144][176]LogModuleManager: Shutting down and abandoning module ClothingSystemRuntime (236)
[2019.05.20-18.24.40:144][176]LogModuleManager: Shutting down and abandoning module MediaAssets (234)
[2019.05.20-18.24.40:144][176]LogModuleManager: Shutting down and abandoning module Overlay (232)
[2019.05.20-18.24.40:144][176]LogModuleManager: Shutting down and abandoning module OverlayEditor (231)
[2019.05.20-18.24.40:144][176]LogModuleManager: Shutting down and abandoning module VREditor (228)
[2019.05.20-18.24.40:144][176]LogModuleManager: Shutting down and abandoning module StringTableEditor (226)
[2019.05.20-18.24.40:144][176]LogModuleManager: Shutting down and abandoning module GameplayTasksEditor (224)
[2019.05.20-18.24.40:144][176]LogModuleManager: Shutting down and abandoning module BehaviorTreeEditor (222)
[2019.05.20-18.24.40:144][176]LogModuleManager: Shutting down and abandoning module FunctionalTesting (220)
[2019.05.20-18.24.40:144][176]LogModuleManager: Shutting down and abandoning module CollisionAnalyzer (218)
[2019.05.20-18.24.40:144][176]LogModuleManager: Shutting down and abandoning module WorkspaceMenuStructure (217)
[2019.05.20-18.24.40:144][176]LogModuleManager: Shutting down and abandoning module UMG (214)
[2019.05.20-18.24.40:144][176]LogModuleManager: Shutting down and abandoning module UMGEditor (213)
[2019.05.20-18.24.40:144][176]LogModuleManager: Shutting down and abandoning module Sequencer (212)
[2019.05.20-18.24.40:145][176]LogModuleManager: Shutting down and abandoning module MessageLog (209)
[2019.05.20-18.24.40:145][176]LogModuleManager: Shutting down and abandoning module SlateReflector (204)
[2019.05.20-18.24.40:145][176]LogModuleManager: Shutting down and abandoning module Slate (202)
[2019.05.20-18.24.40:145][176]LogModuleManager: Shutting down and abandoning module EditorStyle (200)
[2019.05.20-18.24.40:147][176]LogModuleManager: Shutting down and abandoning module MRMesh (198)
[2019.05.20-18.24.40:147][176]LogModuleManager: Shutting down and abandoning module SourceCodeAccess (196)
[2019.05.20-18.24.40:147][176]LogModuleManager: Shutting down and abandoning module HeadMountedDisplay (194)
[2019.05.20-18.24.40:147][176]LogModuleManager: Shutting down and abandoning module XAudio2 (192)
[2019.05.20-18.24.40:147][176]LogModuleManager: Shutting down and abandoning module Networking (190)
[2019.05.20-18.24.40:147][176]LogModuleManager: Shutting down and abandoning module Core (188)
[2019.05.20-18.24.40:147][176]LogModuleManager: Shutting down and abandoning module LevelSequence (186)
[2019.05.20-18.24.40:147][176]LogModuleManager: Shutting down and abandoning module KismetCompiler (184)
[2019.05.20-18.24.40:147][176]LogModuleManager: Shutting down and abandoning module MeshUtilities (182)
[2019.05.20-18.24.40:147][176]LogModuleManager: Shutting down and abandoning module MeshMergeUtilities (181)
[2019.05.20-18.24.40:147][176]LogModuleManager: Shutting down and abandoning module MeshReductionInterface (180)
[2019.05.20-18.24.40:148][176]LogModuleManager: Shutting down and abandoning module SimplygonSwarm (179)
[2019.05.20-18.24.40:148][176]LogModuleManager: Shutting down and abandoning module ProxyLODMeshReduction (177)
[2019.05.20-18.24.40:148][176]LogModuleManager: Shutting down and abandoning module SimplygonMeshReduction (175)
[2019.05.20-18.24.40:148][176]LogModuleManager: Shutting down and abandoning module QuadricMeshReduction (173)
[2019.05.20-18.24.40:148][176]LogModuleManager: Shutting down and abandoning module MaterialBaking (169)
[2019.05.20-18.24.40:148][176]LogModuleManager: Shutting down and abandoning module DirectoryWatcher (165)
[2019.05.20-18.24.40:148][176]LogModuleManager: Shutting down and abandoning module DerivedDataCache (162)
[2019.05.20-18.24.40:220][176]LogDerivedDataCache: Shutdown
[2019.05.20-18.24.40:220][176]LogModuleManager: Shutting down and abandoning module XGEController (160)
[2019.05.20-18.24.40:220][176]LogModuleManager: Shutting down and abandoning module TargetPlatform (158)
[2019.05.20-18.24.40:220][176]LogModuleManager: Shutting down and abandoning module VulkanShaderFormat (157)
[2019.05.20-18.24.40:220][176]LogModuleManager: Shutting down and abandoning module ShaderFormatVectorVM (155)
[2019.05.20-18.24.40:220][176]LogModuleManager: Shutting down and abandoning module ShaderFormatOpenGL (153)
[2019.05.20-18.24.40:220][176]LogModuleManager: Shutting down and abandoning module ShaderFormatD3D (151)
[2019.05.20-18.24.40:220][176]LogModuleManager: Shutting down and abandoning module MetalShaderFormat (149)
[2019.05.20-18.24.40:220][176]LogModuleManager: Shutting down and abandoning module TextureFormatUncompressed (147)
[2019.05.20-18.24.40:220][176]LogModuleManager: Shutting down and abandoning module TextureFormatPVR (145)
[2019.05.20-18.24.40:220][176]LogModuleManager: Shutting down and abandoning module TextureFormatDXT (143)
[2019.05.20-18.24.40:220][176]LogModuleManager: Shutting down and abandoning module TextureFormatIntelISPCTexComp (141)
[2019.05.20-18.24.40:220][176]LogModuleManager: Shutting down and abandoning module TextureFormatASTC (139)
[2019.05.20-18.24.40:220][176]LogModuleManager: Shutting down and abandoning module ImageWrapper (138)
[2019.05.20-18.24.40:220][176]LogModuleManager: Shutting down and abandoning module TextureFormatAndroid (135)
[2019.05.20-18.24.40:220][176]LogModuleManager: Shutting down and abandoning module AudioFormatOpus (133)
[2019.05.20-18.24.40:220][176]LogModuleManager: Shutting down and abandoning module AudioFormatOgg (131)
[2019.05.20-18.24.40:220][176]LogModuleManager: Shutting down and abandoning module AudioFormatADPCM (129)
[2019.05.20-18.24.40:220][176]LogModuleManager: Shutting down and abandoning module LuminTargetPlatform (127)
[2019.05.20-18.24.40:220][176]LogModuleManager: Shutting down and abandoning module LinuxTargetPlatform (125)
[2019.05.20-18.24.40:220][176]LogModuleManager: Shutting down and abandoning module LinuxServerTargetPlatform (123)
[2019.05.20-18.24.40:220][176]LogModuleManager: Shutting down and abandoning module LinuxNoEditorTargetPlatform (121)
[2019.05.20-18.24.40:220][176]LogModuleManager: Shutting down and abandoning module LinuxClientTargetPlatform (119)
[2019.05.20-18.24.40:220][176]LogModuleManager: Shutting down and abandoning module TVOSTargetPlatform (117)
[2019.05.20-18.24.40:221][176]LogModuleManager: Shutting down and abandoning module Messaging (115)
[2019.05.20-18.24.40:222][176]LogModuleManager: Shutting down and abandoning module IOSTargetPlatform (113)
[2019.05.20-18.24.40:223][176]LogModuleManager: Shutting down and abandoning module HTML5TargetPlatform (111)
[2019.05.20-18.24.40:223][176]LogModuleManager: Shutting down and abandoning module AndroidTargetPlatform (109)
[2019.05.20-18.24.40:232][176]LogModuleManager: Shutting down and abandoning module WindowsTargetPlatform (107)
[2019.05.20-18.24.40:232][176]LogModuleManager: Shutting down and abandoning module WindowsServerTargetPlatform (105)
[2019.05.20-18.24.40:232][176]LogModuleManager: Shutting down and abandoning module WindowsNoEditorTargetPlatform (103)
[2019.05.20-18.24.40:232][176]LogModuleManager: Shutting down and abandoning module WindowsClientTargetPlatform (101)
[2019.05.20-18.24.40:232][176]LogModuleManager: Shutting down and abandoning module MacTargetPlatform (99)
[2019.05.20-18.24.40:232][176]LogModuleManager: Shutting down and abandoning module MacServerTargetPlatform (97)
[2019.05.20-18.24.40:232][176]LogModuleManager: Shutting down and abandoning module MacNoEditorTargetPlatform (95)
[2019.05.20-18.24.40:232][176]LogModuleManager: Shutting down and abandoning module MacClientTargetPlatform (93)
[2019.05.20-18.24.40:232][176]LogModuleManager: Shutting down and abandoning module AllDesktopTargetPlatform (91)
[2019.05.20-18.24.40:232][176]LogModuleManager: Shutting down and abandoning module InputCore (88)
[2019.05.20-18.24.40:232][176]LogModuleManager: Shutting down and abandoning module Settings (86)
[2019.05.20-18.24.40:232][176]LogModuleManager: Shutting down and abandoning module PhysXCooking (84)
[2019.05.20-18.24.40:232][176]LogModuleManager: Shutting down and abandoning module SteamVR (82)
[2019.05.20-18.24.40:232][176]LogModuleManager: Shutting down and abandoning module OculusHMD (80)
[2019.05.20-18.24.40:232][176]LogModuleManager: Shutting down and abandoning module ExampleDeviceProfileSelector (78)
[2019.05.20-18.24.40:232][176]LogModuleManager: Shutting down and abandoning module LauncherChunkInstaller (76)
[2019.05.20-18.24.40:232][176]LogModuleManager: Shutting down and abandoning module OnlineBlueprintSupport (74)
[2019.05.20-18.24.40:232][176]LogModuleManager: Shutting down and abandoning module OnlineSubsystem (70)
[2019.05.20-18.24.40:234][176]LogModuleManager: Shutting down and abandoning module XMPP (65)
[2019.05.20-18.24.40:234][176]LogModuleManager: Shutting down and abandoning module WebSockets (64)
[2019.05.20-18.24.40:249][176]LogModuleManager: Shutting down and abandoning module HTTP (61)
[2019.05.20-18.24.40:249][176]LogHttp: Display: Http module shutting down, but needs to wait on 1 outstanding Http requests:
[2019.05.20-18.24.40:249][176]LogHttp: Display: 	verb=[POST] url=[https://datarouter.ol.epicgames.com/datarouter/api/v1/public/data?SessionID=%7B525D9A5C-4CE3-3322-03BF-5EBF58ABC5CA%7D&AppID=UEEditor.Rocket.Release&AppVersion=4.20.3-4369336%2B%2B%2BUE4%2BRelease-4.20&UserID=699adb4245936aafb303ca87219cff80%7C01338ec361454f97a1231f660121ceae%7Ca3a673f1-3d3f-4f9c-8f69-36c2d8b4299a&AppEnvironment=datacollector-binary&UploadType=eteventstream] status=Processing
[2019.05.20-18.24.40:268][176]LogModuleManager: Shutting down and abandoning module SSL (60)
[2019.05.20-18.24.40:269][176]LogModuleManager: Shutting down and abandoning module MagicLeapEmulator (56)
[2019.05.20-18.24.40:269][176]LogModuleManager: Shutting down and abandoning module MagicLeapPrivileges (54)
[2019.05.20-18.24.40:269][176]LogModuleManager: Shutting down and abandoning module MagicLeapIdentity (52)
[2019.05.20-18.24.40:270][176]LogModuleManager: Shutting down and abandoning module MagicLeapHelperVulkan (50)
[2019.05.20-18.24.40:270][176]LogModuleManager: Shutting down and abandoning module MagicLeapHelperOpenGL (48)
[2019.05.20-18.24.40:270][176]LogModuleManager: Shutting down and abandoning module MagicLeapSecureStorage (46)
[2019.05.20-18.24.40:270][176]LogModuleManager: Shutting down and abandoning module MagicLeapGestures (44)
[2019.05.20-18.24.40:270][176]LogModuleManager: Shutting down and abandoning module MagicLeapEyeTracker (42)
[2019.05.20-18.24.40:270][176]LogModuleManager: Shutting down and abandoning module MagicLeapController (40)
[2019.05.20-18.24.40:270][176]LogSlate: Slate User Destroyed.  User Index 0, Is Virtual User: 0
[2019.05.20-18.24.40:270][176]LogModuleManager: Shutting down and abandoning module MagicLeap (38)
[2019.05.20-18.24.40:270][176]LogModuleManager: Shutting down and abandoning module AnimationModifiers (36)
[2019.05.20-18.24.40:270][176]LogModuleManager: Shutting down and abandoning module PropertyEditor (35)
[2019.05.20-18.24.40:270][176]LogModuleManager: Shutting down and abandoning module AudioEditor (32)
[2019.05.20-18.24.40:270][176]LogModuleManager: Shutting down and abandoning module TextureCompressor (30)
[2019.05.20-18.24.40:270][176]LogModuleManager: Shutting down and abandoning module ShaderCore (28)
[2019.05.20-18.24.40:270][176]LogModuleManager: Shutting down and abandoning module Landscape (26)
[2019.05.20-18.24.40:270][176]LogModuleManager: Shutting down and abandoning module SlateRHIRenderer (24)
[2019.05.20-18.24.40:271][176]LogModuleManager: Shutting down and abandoning module OpenGLDrv (22)
[2019.05.20-18.24.40:271][176]LogModuleManager: Shutting down and abandoning module D3D11RHI (20)
[2019.05.20-18.24.40:271][176]LogModuleManager: Shutting down and abandoning module AnimGraphRuntime (18)
[2019.05.20-18.24.40:271][176]LogModuleManager: Shutting down and abandoning module Renderer (16)
[2019.05.20-18.24.40:271][176]LogModuleManager: Shutting down and abandoning module Engine (14)
[2019.05.20-18.24.40:271][176]LogModuleManager: Shutting down and abandoning module CoreUObject (12)
[2019.05.20-18.24.40:271][176]LogModuleManager: Shutting down and abandoning module NetworkFile (10)
[2019.05.20-18.24.40:271][176]LogModuleManager: Shutting down and abandoning module CookedIterativeFile (8)
[2019.05.20-18.24.40:271][176]LogModuleManager: Shutting down and abandoning module StreamingFile (6)
[2019.05.20-18.24.40:271][176]LogModuleManager: Shutting down and abandoning module SandboxFile (4)
[2019.05.20-18.24.40:271][176]LogModuleManager: Shutting down and abandoning module PakFile (2)
[2019.05.20-18.24.40:276][176]LogExit: Exiting.
[2019.05.20-18.24.40:286][176]Log file closed, 05/20/19 15:24:40
