Log file open, 05/13/19 16:04:44
LogWindows: Failed to load 'aqProf.dll' (GetLastError=126)
LogWindows: File 'aqProf.dll' does not exist
LogWindows: Failed to load 'VSPerf140.dll' (GetLastError=126)
LogWindows: File 'VSPerf140.dll' does not exist
LogWindows: Failed to load 'VtuneApi.dll' (GetLastError=126)
LogWindows: File 'VtuneApi.dll' does not exist
LogWindows: Failed to load 'VtuneApi32e.dll' (GetLastError=126)
LogWindows: File 'VtuneApi32e.dll' does not exist
LogInit: Display: Running engine for game: SimpleScene
LogPlatformFile: Not using cached read wrapper
LogTaskGraph: Started task graph with 5 named threads and 11 total threads with 3 sets of task threads.
LogStats: Stats thread started at 0.209418
LogD3D11RHI: Loaded GFSDK_Aftermath_Lib.x64.dll
LogICUInternationalization: Display: ICU TimeZone Detection - Raw Offset: -3:00, Platform Override: ''
LogPluginManager: Mounting plugin Paper2D
LogPluginManager: Mounting plugin AISupport
LogPluginManager: Mounting plugin LightPropagationVolume
LogPluginManager: Mounting plugin CLionSourceCodeAccess
LogPluginManager: Mounting plugin CodeLiteSourceCodeAccess
LogPluginManager: Mounting plugin GitSourceControl
LogPluginManager: Mounting plugin KDevelopSourceCodeAccess
LogPluginManager: Mounting plugin NullSourceCodeAccess
LogPluginManager: Mounting plugin PerforceSourceControl
LogPluginManager: Mounting plugin SubversionSourceControl
LogPluginManager: Mounting plugin UObjectPlugin
LogPluginManager: Mounting plugin VisualStudioCodeSourceCodeAccess
LogPluginManager: Mounting plugin VisualStudioSourceCodeAccess
LogPluginManager: Mounting plugin XCodeSourceCodeAccess
LogPluginManager: Mounting plugin AssetManagerEditor
LogPluginManager: Mounting plugin CryptoKeys
LogPluginManager: Mounting plugin DataValidation
LogPluginManager: Mounting plugin FacialAnimation
LogPluginManager: Mounting plugin GameplayTagsEditor
LogPluginManager: Mounting plugin MacGraphicsSwitching
LogPluginManager: Mounting plugin MeshEditor
LogPluginManager: Mounting plugin MobileLauncherProfileWizard
LogPluginManager: Mounting plugin PluginBrowser
LogPluginManager: Mounting plugin SpeedTreeImporter
LogPluginManager: Mounting plugin DatasmithContent
LogPluginManager: Mounting plugin AlembicImporter
LogPluginManager: Mounting plugin AppleImageUtils
LogPluginManager: Mounting plugin AppleVision
LogPluginManager: Mounting plugin BackChannel
LogPluginManager: Mounting plugin CharacterAI
LogPluginManager: Mounting plugin GeometryCache
LogPluginManager: Mounting plugin HTML5Networking
LogPluginManager: Mounting plugin ProxyLODPlugin
LogPluginManager: Mounting plugin MagicLeap
LogPluginManager: Mounting plugin MagicLeapEmulator
LogPluginManager: Mounting plugin MagicLeapMedia
LogPluginManager: Mounting plugin AndroidMedia
LogPluginManager: Mounting plugin AvfMedia
LogPluginManager: Mounting plugin ImgMedia
LogPluginManager: Mounting plugin LinearTimecode
LogPluginManager: Mounting plugin MediaCompositing
LogPluginManager: Mounting plugin MediaPlayerEditor
LogPluginManager: Mounting plugin WmfMedia
LogPluginManager: Mounting plugin TcpMessaging
LogPluginManager: Mounting plugin UdpMessaging
LogPluginManager: Mounting plugin ActorSequence
LogPluginManager: Mounting plugin LevelSequenceEditor
LogPluginManager: Mounting plugin MatineeToLevelSequence
LogPluginManager: Mounting plugin NetcodeUnitTest
LogPluginManager: Mounting plugin NUTUnrealEngine4
LogPluginManager: Mounting plugin OnlineSubsystemGooglePlay
LogPluginManager: Mounting plugin OnlineSubsystemIOS
LogPluginManager: Mounting plugin OnlineSubsystem
LogPluginManager: Mounting plugin OnlineSubsystemNull
LogPluginManager: Mounting plugin OnlineSubsystemUtils
LogPluginManager: Mounting plugin LauncherChunkInstaller
LogPluginManager: Mounting plugin AndroidDeviceProfileSelector
LogPluginManager: Mounting plugin AndroidMoviePlayer
LogPluginManager: Mounting plugin AndroidPermission
LogPluginManager: Mounting plugin AppleMoviePlayer
LogPluginManager: Mounting plugin ArchVisCharacter
LogPluginManager: Mounting plugin AudioCapture
LogPluginManager: Mounting plugin CableComponent
LogPluginManager: Mounting plugin CustomMeshComponent
LogPluginManager: Mounting plugin EditableMesh
LogPluginManager: Mounting plugin ExampleDeviceProfileSelector
LogPluginManager: Mounting plugin GoogleCloudMessaging
LogPluginManager: Mounting plugin ImmediatePhysics
LogPluginManager: Mounting plugin IOSDeviceProfileSelector
LogPluginManager: Mounting plugin LinuxDeviceProfileSelector
LogPluginManager: Mounting plugin LocationServicesBPLibrary
LogPluginManager: Mounting plugin MobilePatchingUtils
LogPluginManager: Mounting plugin OculusVR
LogPluginManager: Plugin shader directory ../../../Engine/Plugins/Runtime/Oculus/OculusVR/Shaders found
LogPluginManager: Mapping shader source directory ../../../Engine/Plugins/Runtime/Oculus/OculusVR/Shaders to virtual directory /Plugin/OculusVR
LogPluginManager: Mounting plugin PhysXVehicles
LogPluginManager: Mounting plugin ProceduralMeshComponent
LogPluginManager: Mounting plugin RuntimePhysXCooking
LogPluginManager: Mounting plugin SteamVR
LogPluginManager: Mounting plugin WindowsMoviePlayer
LogStreaming: Display: Took  0.254s to configure plugins.
LogInit: Using libcurl 7.55.1-DEV
LogInit:  - built for x86_64-pc-win32
LogInit:  - supports SSL with OpenSSL/1.0.2h
LogInit:  - supports HTTP deflate (compression) using libz 1.2.8
LogInit:  - other features:
LogInit:      CURL_VERSION_SSL
LogInit:      CURL_VERSION_LIBZ
LogInit:      CURL_VERSION_IPV6
LogInit:      CURL_VERSION_ASYNCHDNS
LogInit:      CURL_VERSION_LARGEFILE
LogInit:      CURL_VERSION_IDN
LogInit:  CurlRequestOptions (configurable via config and command line):
LogInit:  - bVerifyPeer = false  - Libcurl will NOT verify peer certificate
LogInit:  - bUseHttpProxy = false  - Libcurl will NOT use HTTP proxy
LogInit:  - bDontReuseConnections = false  - Libcurl will reuse connections
LogInit:  - CertBundlePath = nullptr  - Libcurl will use whatever was configured at build time.
LogInit:  - MaxHostConnections = 16  - Libcurl will limit the number of connections to a host
LogInit:  - LocalHostAddr = Default
LogInit:  - BufferSize = 65536
LogInit: WinSock: version 1.1 (2.2), MaxSocks=32767, MaxUdp=65467
LogInit: Build: ++UE4+Release-4.20-CL-4369336
LogInit: Engine Version: 4.20.3-4369336+++UE4+Release-4.20
LogInit: Compatible Engine Version: 4.20.0-4212847+++UE4+Release-4.20
LogInit: Net CL: 4212847
LogInit: OS: Windows 10 (), CPU: AMD A10-7860K Radeon R7, 12 Compute Cores 4C+8G, GPU: Radeon(TM) RX 460 Graphics
LogInit: Compiled (64-bit): Sep 17 2018 12:26:19
LogInit: Compiled with Visual C++: 19.13.26129.00
LogInit: Build Configuration: Development
LogInit: Branch Name: ++UE4+Release-4.20
LogInit: Command Line: 
LogInit: Base Directory: C:/Program Files/Epic Games/UE_4.20/Engine/Binaries/Win64/
LogInit: Installed Engine Build: 1
LogDevObjectVersion: Number of dev versions registered: 20
LogDevObjectVersion:   Dev-Blueprints (B0D832E4-1F89-4F0D-ACCF-7EB736FD4AA2): 10
LogDevObjectVersion:   Dev-Build (E1C64328-A22C-4D53-A36C-8E866417BD8C): 0
LogDevObjectVersion:   Dev-Core (375EC13C-06E4-48FB-B500-84F0262A717E): 2
LogDevObjectVersion:   Dev-Editor (E4B068ED-F494-42E9-A231-DA0B2E46BB41): 24
LogDevObjectVersion:   Dev-Framework (CFFC743F-43B0-4480-9391-14DF171D2073): 34
LogDevObjectVersion:   Dev-Mobile (B02B49B5-BB20-44E9-A304-32B752E40360): 2
LogDevObjectVersion:   Dev-Networking (A4E4105C-59A1-49B5-A7C5-40C4547EDFEE): 0
LogDevObjectVersion:   Dev-Online (39C831C9-5AE6-47DC-9A44-9C173E1C8E7C): 0
LogDevObjectVersion:   Dev-Physics (78F01B33-EBEA-4F98-B9B4-84EACCB95AA2): 0
LogDevObjectVersion:   Dev-Platform (6631380F-2D4D-43E0-8009-CF276956A95A): 0
LogDevObjectVersion:   Dev-Rendering (12F88B9F-8875-4AFC-A67C-D90C383ABD29): 26
LogDevObjectVersion:   Dev-Sequencer (7B5AE74C-D270-4C10-A958-57980B212A5A): 9
LogDevObjectVersion:   Dev-VR (D7296918-1DD6-4BDD-9DE2-64A83CC13884): 2
LogDevObjectVersion:   Dev-LoadTimes (C2A15278-BFE7-4AFE-6C17-90FF531DF755): 1
LogDevObjectVersion:   Private-Geometry (6EACA3D4-40EC-4CC1-B786-8BED09428FC5): 3
LogDevObjectVersion:   Dev-AnimPhys (29E575DD-E0A3-4627-9D10-D276232CDCEA): 17
LogDevObjectVersion:   Dev-ReflectionCapture (6B266CEC-1EC7-4B8F-A30B-E4D90942FC07): 1
LogDevObjectVersion:   Dev-Automation (0DF73D61-A23F-47EA-B727-89E90C41499A): 1
LogDevObjectVersion:   FortniteMain (601D1886-AC64-4F84-AA16-D3DE0DEAC7D6): 12
LogDevObjectVersion:   Dev-Enterprise (9DFFBCD6-494F-0158-E221-12823C92A888): 1
LogStreaming: Display: Took  0.002s to delete old logs.
LogInit: Presizing for max 8388607 objects, including 0 objects not considered by GC, pre-allocating 0 bytes for permanent pool.
LogInit: Object subsystem initialized
[2019.05.13-19.04.44:716][  0]LogInit: Selected Device Profile: [Windows]
[2019.05.13-19.04.44:716][  0]LogInit: Applying CVar settings loaded from the selected device profile: [Windows]
[2019.05.13-19.04.44:731][  0]LogHAL: Display: Platform has ~ 8 GB [8528183296 / 8589934592 / 8], which maps to Default [LargestMinGB=32, LargerMinGB=12, DefaultMinGB=8, SmallerMinGB=6, SmallestMinGB=0)
[2019.05.13-19.04.44:731][  0]LogInit: Setting Device Profile CVar: [[r.Vulkan.UseRealUBs:1]]
[2019.05.13-19.04.44:731][  0]LogInit: Going up to parent DeviceProfile []
[2019.05.13-19.04.44:731][  0]LogInit: Computer: DESKTOP-K3ALEES
[2019.05.13-19.04.44:732][  0]LogInit: User: Octavio
[2019.05.13-19.04.44:732][  0]LogInit: CPU Page size=4096, Cores=2
[2019.05.13-19.04.44:732][  0]LogInit: High frequency timer resolution =3.506845 MHz
[2019.05.13-19.04.44:732][  0]LogMemory: Memory total: Physical=7.9GB (8GB approx)
[2019.05.13-19.04.44:732][  0]LogMemory: Platform Memory Stats for Windows
[2019.05.13-19.04.44:732][  0]LogMemory: Process Physical Memory: 100.17 MB used, 100.17 MB peak
[2019.05.13-19.04.44:732][  0]LogMemory: Process Virtual Memory: 84.32 MB used, 84.32 MB peak
[2019.05.13-19.04.44:732][  0]LogMemory: Physical Memory: 4224.01 MB used,  3909.10 MB free, 8133.11 MB total
[2019.05.13-19.04.44:732][  0]LogMemory: Virtual Memory: 4607.04 MB used,  3909.10 MB free, 134217728.00 MB total
[2019.05.13-19.04.44:758][  0]LogInit: Overriding language with editor language configuration option (en).
[2019.05.13-19.04.44:758][  0]LogInit: Overriding locale with editor locale configuration option (en).
[2019.05.13-19.04.45:291][  0]LogStreaming: Display: Took  0.533s to InitEngineTextLocalization.
[2019.05.13-19.04.45:291][  0]LogInit: Setting process to per monitor DPI aware
[2019.05.13-19.04.45:345][  0]LogSlate: New Slate User Created.  User Index 0, Is Virtual User: 0
[2019.05.13-19.04.45:345][  0]LogSlate: Slate User Registered.  User Index 0, Is Virtual User: 0
[2019.05.13-19.04.45:705][  0]LogHMD: Failed to initialize OpenVR with code 110
[2019.05.13-19.04.45:705][  0]LogD3D11RHI: D3D11 adapters:
[2019.05.13-19.04.45:760][  0]LogD3D11RHI:    0. 'Radeon(TM) RX 460 Graphics' (Feature Level 11_0)
[2019.05.13-19.04.45:760][  0]LogD3D11RHI:       4043/0/4066 MB DedicatedVideo/DedicatedSystem/SharedSystem, Outputs:1, VendorId:0x1002
[2019.05.13-19.04.45:764][  0]LogD3D11RHI:    1. 'Microsoft Basic Render Driver' (Feature Level 11_0)
[2019.05.13-19.04.45:764][  0]LogD3D11RHI:       0/0/4066 MB DedicatedVideo/DedicatedSystem/SharedSystem, Outputs:0, VendorId:0x1414
[2019.05.13-19.04.45:764][  0]LogD3D11RHI: Chosen D3D11 Adapter: 0
[2019.05.13-19.04.45:777][  0]LogD3D11RHI: Creating new Direct3DDevice
[2019.05.13-19.04.45:777][  0]LogD3D11RHI:     GPU DeviceId: 0x67ef (for the marketing name, search the web for "GPU Device Id")
[2019.05.13-19.04.45:777][  0]LogWindows: EnumDisplayDevices:
[2019.05.13-19.04.45:777][  0]LogWindows:    0. 'Radeon(TM) RX 460 Graphics' (P:1 D:1)
[2019.05.13-19.04.45:778][  0]LogWindows:    1. 'Radeon(TM) RX 460 Graphics' (P:0 D:0)
[2019.05.13-19.04.45:778][  0]LogWindows:    2. 'Radeon(TM) RX 460 Graphics' (P:0 D:0)
[2019.05.13-19.04.45:779][  0]LogWindows:    3. 'Radeon(TM) RX 460 Graphics' (P:0 D:0)
[2019.05.13-19.04.45:779][  0]LogWindows:    4. 'Radeon(TM) RX 460 Graphics' (P:0 D:0)
[2019.05.13-19.04.45:780][  0]LogWindows: DebugString: FoundDriverCount:5 
[2019.05.13-19.04.45:780][  0]LogD3D11RHI:     Adapter Name: Radeon(TM) RX 460 Graphics
[2019.05.13-19.04.45:780][  0]LogD3D11RHI:   Driver Version: Crimson ReLive 17.7 (internal:22.19.677.257, unified:22.19.677.257)
[2019.05.13-19.04.45:780][  0]LogD3D11RHI:      Driver Date: 9-22-2017
[2019.05.13-19.04.45:780][  0]LogRHI: Texture pool is 2830 MB (70% of 4043 MB)
[2019.05.13-19.04.45:841][  0]LogD3D11RHI: Async texture creation enabled
[2019.05.13-19.04.45:854][  0]LogD3D11RHI: GPU Timing Frequency: 25.000000 (Debug: 2 1)
[2019.05.13-19.04.45:856][  0]LogShaderCompilers: Guid format shader working directory is -8 characters bigger than the processId version (../../../../../../Users/Octavio/Desktop/Repo/SimpleScene/Intermediate/Shaders/WorkingDirectory/9012/).
[2019.05.13-19.04.45:856][  0]LogShaderCompilers: Cleaned the shader compiler working directory 'C:/Users/Octavio/AppData/Local/Temp/UnrealShaderWorkingDir/B58780F44AC9C48FB0536BAD9E149B76/'.
[2019.05.13-19.04.46:334][  0]LogTemp: Display: Loaded TP AllDesktopTargetPlatform
[2019.05.13-19.04.46:359][  0]LogTemp: Display: Loaded TP MacClientTargetPlatform
[2019.05.13-19.04.46:382][  0]LogTemp: Display: Loaded TP MacNoEditorTargetPlatform
[2019.05.13-19.04.46:405][  0]LogTemp: Display: Loaded TP MacServerTargetPlatform
[2019.05.13-19.04.46:430][  0]LogTemp: Display: Loaded TP MacTargetPlatform
[2019.05.13-19.04.46:455][  0]LogTemp: Display: Loaded TP WindowsClientTargetPlatform
[2019.05.13-19.04.46:479][  0]LogTemp: Display: Loaded TP WindowsNoEditorTargetPlatform
[2019.05.13-19.04.46:505][  0]LogTemp: Display: Loaded TP WindowsServerTargetPlatform
[2019.05.13-19.04.46:516][  0]LogTemp: Display: Loaded TP WindowsTargetPlatform
[2019.05.13-19.04.46:652][  0]LogTemp: Display: Loaded TP AndroidTargetPlatform
[2019.05.13-19.04.46:652][  0]LogTemp: Display: Loaded TP AndroidTargetPlatform
[2019.05.13-19.04.46:652][  0]LogTemp: Display: Loaded TP AndroidTargetPlatform
[2019.05.13-19.04.46:652][  0]LogTemp: Display: Loaded TP AndroidTargetPlatform
[2019.05.13-19.04.46:652][  0]LogTemp: Display: Loaded TP AndroidTargetPlatform
[2019.05.13-19.04.46:652][  0]LogTemp: Display: Loaded TP AndroidTargetPlatform
[2019.05.13-19.04.46:652][  0]LogTemp: Display: Loaded TP AndroidTargetPlatform
[2019.05.13-19.04.46:652][  0]LogTemp: Display: Loaded TP AndroidTargetPlatform
[2019.05.13-19.04.46:652][  0]LogTemp: Display: Loaded TP AndroidTargetPlatform
[2019.05.13-19.04.46:652][  0]LogTemp: Display: Loaded TP AndroidTargetPlatform
[2019.05.13-19.04.46:652][  0]LogTemp: Display: Loaded TP AndroidTargetPlatform
[2019.05.13-19.04.46:652][  0]LogTemp: Display: Loaded TP AndroidTargetPlatform
[2019.05.13-19.04.46:652][  0]LogTemp: Display: Loaded TP AndroidTargetPlatform
[2019.05.13-19.04.46:652][  0]LogTemp: Display: Loaded TP AndroidTargetPlatform
[2019.05.13-19.04.46:652][  0]LogTemp: Display: Loaded TP AndroidTargetPlatform
[2019.05.13-19.04.46:652][  0]LogTemp: Display: Loaded TP AndroidTargetPlatform
[2019.05.13-19.04.46:652][  0]LogTemp: Display: Loaded TP AndroidTargetPlatform
[2019.05.13-19.04.46:652][  0]LogTemp: Display: Loaded TP AndroidTargetPlatform
[2019.05.13-19.04.46:654][  0]LogTemp: Display: Loaded TP HTML5TargetPlatform
[2019.05.13-19.04.46:735][  0]LogTemp: Display: Loaded TP IOSTargetPlatform
[2019.05.13-19.04.46:735][  0]LogTemp: Display: Loaded TP IOSTargetPlatform
[2019.05.13-19.04.46:777][  0]LogTemp: Display: Loaded TP TVOSTargetPlatform
[2019.05.13-19.04.46:777][  0]LogTemp: Display: Loaded TP TVOSTargetPlatform
[2019.05.13-19.04.46:798][  0]LogTemp: Display: Loaded TP LinuxClientTargetPlatform
[2019.05.13-19.04.46:820][  0]LogTemp: Display: Loaded TP LinuxNoEditorTargetPlatform
[2019.05.13-19.04.46:842][  0]LogTemp: Display: Loaded TP LinuxServerTargetPlatform
[2019.05.13-19.04.46:867][  0]LogTemp: Display: Loaded TP LinuxTargetPlatform
[2019.05.13-19.04.46:885][  0]LogTemp: Display: Loaded TP LuminTargetPlatform
[2019.05.13-19.04.46:885][  0]LogTargetPlatformManager: Display: Building Assets For Windows
[2019.05.13-19.04.46:991][  0]LogXGEController: Cannot use XGE Controller as Incredibuild is not installed on this machine.
[2019.05.13-19.04.46:991][  0]LogShaderCompilers: Cannot use XGE Shader Compiler as Incredibuild is not installed on this machine.
[2019.05.13-19.04.46:992][  0]LogShaderCompilers: Display: Using Local Shader Compiler.
[2019.05.13-19.04.48:296][  0]LogDerivedDataCache: Display: Max Cache Size: 512 MB
[2019.05.13-19.04.48:393][  0]LogDerivedDataCache: Loaded boot cache 0.10s 71MB C:/Users/Octavio/AppData/Local/UnrealEngine/4.20/DerivedDataCache/Boot.ddc.
[2019.05.13-19.04.48:393][  0]LogDerivedDataCache: Display: Loaded Boot cache: C:/Users/Octavio/AppData/Local/UnrealEngine/4.20/DerivedDataCache/Boot.ddc
[2019.05.13-19.04.48:394][  0]LogDerivedDataCache: FDerivedDataBackendGraph:  Pak pak cache file ../../../../../../Users/Octavio/Desktop/Repo/SimpleScene/DerivedDataCache/DDC.ddp not found, will not use a pak cache.
[2019.05.13-19.04.48:394][  0]LogDerivedDataCache: Unable to find inner node Pak for hierarchical cache Hierarchy.
[2019.05.13-19.04.48:394][  0]LogDerivedDataCache: FDerivedDataBackendGraph:  CompressedPak pak cache file ../../../../../../Users/Octavio/Desktop/Repo/SimpleScene/DerivedDataCache/Compressed.ddp not found, will not use a pak cache.
[2019.05.13-19.04.48:394][  0]LogDerivedDataCache: Unable to find inner node CompressedPak for hierarchical cache Hierarchy.
[2019.05.13-19.04.48:417][  0]LogDerivedDataCache: Display: Pak cache opened for reading ../../../Engine/DerivedDataCache/Compressed.ddp.
[2019.05.13-19.04.48:430][  0]LogDerivedDataCache: Using Local data cache path C:/Users/Octavio/AppData/Local/UnrealEngine/Common/DerivedDataCache: Writable
[2019.05.13-19.04.48:430][  0]LogDerivedDataCache: Shared data cache path not found in *engine.ini, will not use an Shared cache.
[2019.05.13-19.04.48:430][  0]LogDerivedDataCache: Unable to find inner node Shared for hierarchical cache Hierarchy.
[2019.05.13-19.04.48:461][  0]LogMaterial: Verifying Global Shaders for PCD3D_SM5
[2019.05.13-19.04.48:463][  0]LogSlate: Using FreeType 2.6.0
[2019.05.13-19.04.48:464][  0]LogSlate: SlateFontServices - WITH_FREETYPE: 1, WITH_HARFBUZZ: 1
[2019.05.13-19.04.48:568][  0]LogAssetRegistry: FAssetRegistry took 0.0290 seconds to start up
[2019.05.13-19.04.49:126][  0]LogInit: Selected Device Profile: [Windows]
[2019.05.13-19.04.49:321][  0]LogSimplygon: Simplygon DLL not present - disabling.
[2019.05.13-19.04.49:328][  0]LogMeshReduction: Using SimplygonSwarm for distributed automatic mesh merging
[2019.05.13-19.04.49:328][  0]LogMeshReduction: Using ProxyLODMeshReduction for automatic mesh merging
[2019.05.13-19.04.49:329][  0]LogMeshReduction: Using QuadricMeshReduction for automatic static mesh reduction
[2019.05.13-19.04.49:329][  0]LogMeshReduction: No automatic skeletal mesh reduction module available
[2019.05.13-19.04.49:355][  0]LogNetVersion: SimpleScene 1.0.0, NetCL: 4212847, EngineNetVer: 5, GameNetVer: 0 (Checksum: 3658150004)
[2019.05.13-19.04.50:065][  0]LogPackageLocalizationCache: Processed 11 localized package path(s) for 1 prioritized culture(s) in 0.080057 seconds
[2019.05.13-19.04.50:075][  0]LogUObjectArray: 38425 objects as part of root set at end of initial load.
[2019.05.13-19.04.50:075][  0]LogUObjectAllocator: 6690864 out of 0 bytes used by permanent object pool.
[2019.05.13-19.04.50:075][  0]LogUObjectArray: CloseDisregardForGC: 0/0 objects in disregard for GC pool
[2019.05.13-19.04.51:363][  0]LogTcpMessaging: Initializing TcpMessaging bridge
[2019.05.13-19.04.51:379][  0]LogUdpMessaging: Initializing bridge on interface 0.0.0.0:0 to multicast group 230.0.0.1:6666.
[2019.05.13-19.04.51:581][  0]SourceControl: Source control is disabled
[2019.05.13-19.04.51:581][  0]SourceControl: Source control is disabled
[2019.05.13-19.04.51:583][  0]SourceControl: Source control is disabled
[2019.05.13-19.04.51:585][  0]SourceControl: Source control is disabled
[2019.05.13-19.04.51:815][  0]LogAndroidPermission: UAndroidPermissionCallbackProxy::GetInstance
[2019.05.13-19.04.51:916][  0]LogOcInput: OculusInput pre-init called
[2019.05.13-19.04.52:005][  0]LogEngine: Initializing Engine...
[2019.05.13-19.04.52:006][  0]LogHMD: Failed to initialize OpenVR with code 110
[2019.05.13-19.04.52:009][  0]LogStats: UGameplayTagsManager::ConstructGameplayTagTree: ImportINI prefixes -  0.000 s
[2019.05.13-19.04.52:009][  0]LogStats: UGameplayTagsManager::ConstructGameplayTagTree: Construct from data asset -  0.000 s
[2019.05.13-19.04.52:009][  0]LogStats: UGameplayTagsManager::ConstructGameplayTagTree: ImportINI -  0.000 s
[2019.05.13-19.04.52:009][  0]LogStats: UGameplayTagsManager::ConstructGameplayTagTree: GameplayTagTreeChangedEvent.Broadcast -  0.000 s
[2019.05.13-19.04.52:309][  0]LogInit: Initializing FReadOnlyCVARCache
[2019.05.13-19.04.52:335][  0]LogAIModule: Creating AISystem for world Untitled
[2019.05.13-19.04.52:354][  0]LogInit: XAudio2 using '4 - HDMI (AMD High Definition Audio Device)' : 2 channels at 48 kHz using 16 bits per sample (channel mask 0x3)
[2019.05.13-19.04.52:391][  0]LogInit: FAudioDevice initialized.
[2019.05.13-19.04.52:391][  0]LogNetVersion: Set ProjectVersion to 1.0.0.0. Version Checksum will be recalculated on next use.
[2019.05.13-19.04.52:586][  0]LogDerivedDataCache: Saved boot cache 0.20s 71MB C:/Users/Octavio/AppData/Local/UnrealEngine/4.20/DerivedDataCache/Boot.ddc.
[2019.05.13-19.04.52:596][  0]LogInit: Texture streaming: Enabled
[2019.05.13-19.04.52:630][  0]LogEngineSessionManager: EngineSessionManager initialized
[2019.05.13-19.04.52:652][  0]LogInit: Transaction tracking system initialized
[2019.05.13-19.04.52:696][  0]BlueprintLog: New page: Editor Load
[2019.05.13-19.04.52:843][  0]LocalizationService: Localization service is disabled
[2019.05.13-19.04.53:233][  0]LogCook: Display: Max memory allowance for cook 16384mb min free memory 0mb
[2019.05.13-19.04.53:233][  0]LogCook: Display: Mobile HDR setting 1
[2019.05.13-19.04.53:233][  0]LogGameplayTags: Display: UGameplayTagsManager::DoneAddingNativeTags. DelegateIsBound: 0
[2019.05.13-19.04.53:233][  0]LogStats: UGameplayTagsManager::ConstructGameplayTagTree: ImportINI prefixes -  0.000 s
[2019.05.13-19.04.53:233][  0]LogStats: UGameplayTagsManager::ConstructGameplayTagTree: Construct from data asset -  0.000 s
[2019.05.13-19.04.53:234][  0]LogStats: UGameplayTagsManager::ConstructGameplayTagTree: ImportINI -  0.000 s
[2019.05.13-19.04.53:234][  0]LogStats: UGameplayTagsManager::ConstructGameplayTagTree: GameplayTagTreeChangedEvent.Broadcast -  0.000 s
[2019.05.13-19.04.53:455][  0]LogFileCache: Scanning file cache for directory 'C:/Users/Octavio/Desktop/Repo/SimpleScene/Content/' took 0.02s
[2019.05.13-19.04.53:455][  0]SourceControl: Source control is disabled
[2019.05.13-19.04.53:455][  0]Cmd: MAP LOAD FILE="../../../../../../Users/Octavio/Desktop/Repo/SimpleScene/Content/FirstPersonBP/Maps/FirstPersonExampleMap.umap" TEMPLATE=0 SHOWPROGRESS=1 FEATURELEVEL=3
[2019.05.13-19.04.53:456][  0]LightingResults: New page: Lighting Build
[2019.05.13-19.04.53:461][  0]MapCheck: New page: Map Check
[2019.05.13-19.04.53:461][  0]LightingResults: New page: Lighting Build
[2019.05.13-19.04.54:628][  0]LogAIModule: Creating AISystem for world FirstPersonExampleMap
[2019.05.13-19.04.54:653][  0]LogEditorServer: Finished looking for orphan Actors (0.000 secs)
[2019.05.13-19.04.54:696][  0]Cmd: MAP CHECKDEP NOCLEARLOG
[2019.05.13-19.04.54:840][  0]MapCheck: Map check complete: 0 Error(s), 0 Warning(s), took 143.433ms to complete.
[2019.05.13-19.04.54:840][  0]LogFileHelpers: Loading map 'FirstPersonExampleMap' took 1.385
[2019.05.13-19.04.54:974][  0]LogSlate: Updating window title bar state: overlay mode, drag disabled, window buttons hidden, title bar hidden
[2019.05.13-19.04.54:986][  0]LogSlate: Updating window title bar state: overlay mode, drag disabled, window buttons hidden, title bar hidden
[2019.05.13-19.04.54:997][  0]LogSlate: Updating window title bar state: overlay mode, drag disabled, window buttons hidden, title bar hidden
[2019.05.13-19.04.55:008][  0]LogSlate: Updating window title bar state: overlay mode, drag disabled, window buttons hidden, title bar hidden
[2019.05.13-19.04.55:021][  0]LogCollectionManager: Loaded 0 collections in 0.003357 seconds
[2019.05.13-19.04.55:068][  0]LogFileCache: Scanning file cache for directory 'C:/Users/Octavio/Desktop/Repo/SimpleScene/Saved/Collections/' took 0.01s
[2019.05.13-19.04.55:068][  0]LogFileCache: Scanning file cache for directory 'C:/Users/Octavio/Desktop/Repo/SimpleScene/Content/Developers/Octavio/Collections/' took 0.01s
[2019.05.13-19.04.55:068][  0]LogFileCache: Scanning file cache for directory 'C:/Users/Octavio/Desktop/Repo/SimpleScene/Content/Collections/' took 0.01s
[2019.05.13-19.04.55:069][  0]LogCollectionManager: Rebuilt the GUID cache for 0 collections in 0.000001 seconds
[2019.05.13-19.04.55:085][  0]LogContentBrowser: Native class hierarchy populated in 0.0167 seconds. Added 2572 classes and 603 folders.
[2019.05.13-19.04.55:097][  0]LogContentBrowser: Native class hierarchy updated for 'WidgetCarousel' in 0.0004 seconds. Added 0 classes and 0 folders.
[2019.05.13-19.04.55:200][  0]LogContentBrowser: Native class hierarchy updated for 'AddContentDialog' in 0.0003 seconds. Added 0 classes and 0 folders.
[2019.05.13-19.04.55:208][  0]LogContentBrowser: Native class hierarchy updated for 'SceneOutliner' in 0.0005 seconds. Added 1 classes and 2 folders.
[2019.05.13-19.04.55:279][  0]LogContentBrowser: Native class hierarchy updated for 'HierarchicalLODOutliner' in 0.0004 seconds. Added 0 classes and 0 folders.
[2019.05.13-19.04.55:279][  0]LogLoad: (Engine Initialization) Total time: 13.58 seconds
[2019.05.13-19.04.55:279][  0]LogLoad: (Engine Initialization) Total Blueprint compile time: 0.00 seconds
[2019.05.13-19.04.55:290][  0]LogWindowsTextInputMethodSystem: Display: IME system now deactivated.
[2019.05.13-19.04.55:313][  0]LogContentStreaming: Texture pool size now 1000 MB
[2019.05.13-19.04.55:315][  0]LogSlate: Took 0.000438 seconds to synchronously load lazily loaded font '../../../Engine/Content/Slate/Fonts/Roboto-Regular.ttf' (155K)
[2019.05.13-19.04.55:318][  0]LogSlate: Took 0.000423 seconds to synchronously load lazily loaded font '../../../Engine/Content/Slate/Fonts/Roboto-Bold.ttf' (160K)
[2019.05.13-19.04.55:325][  0]LogSlate: Took 0.000592 seconds to synchronously load lazily loaded font '../../../Engine/Content/Editor/Slate/Fonts/FontAwesome.ttf' (139K)
[2019.05.13-19.04.55:453][  0]LogSlate: Took 0.000516 seconds to synchronously load lazily loaded font '../../../Engine/Content/Slate/Fonts/Roboto-Light.ttf' (167K)
[2019.05.13-19.04.55:481][  1]LogRenderer: Reallocating scene render targets to support 624x356 Format 10 NumSamples 1 (Frame:1).
[2019.05.13-19.04.55:657][  2]LogAssetRegistry: Asset discovery search completed in 7.1111 seconds
[2019.05.13-19.04.55:660][  2]LogCollectionManager: Rebuilt the object cache for 0 collections in 0.000001 seconds (found 0 objects)
[2019.05.13-19.04.55:660][  2]LogCollectionManager: Fixed up redirectors for 0 collections in 0.000152 seconds (updated 0 objects)
[2019.05.13-19.04.58:509][223]LogRenderer: Reallocating scene render targets to support 656x444 Format 10 NumSamples 1 (Frame:224).
[2019.05.13-19.05.10:116][597]LogSlate: FSceneViewport::OnFocusLost() reason 0
[2019.05.13-19.05.10:232][607]LogRenderer: Reallocating scene render targets to support 660x444 Format 10 NumSamples 1 (Frame:1609).
[2019.05.13-19.05.10:325][609]LogRenderer: Reallocating scene render targets to support 668x444 Format 10 NumSamples 1 (Frame:1613).
[2019.05.13-19.05.10:371][610]LogRenderer: Reallocating scene render targets to support 676x444 Format 10 NumSamples 1 (Frame:1615).
[2019.05.13-19.05.10:423][611]LogRenderer: Reallocating scene render targets to support 688x444 Format 10 NumSamples 1 (Frame:1617).
[2019.05.13-19.05.10:471][612]LogRenderer: Reallocating scene render targets to support 692x444 Format 10 NumSamples 1 (Frame:1619).
[2019.05.13-19.05.10:511][613]LogRenderer: Reallocating scene render targets to support 696x444 Format 10 NumSamples 1 (Frame:1621).
[2019.05.13-19.05.10:555][614]LogRenderer: Reallocating scene render targets to support 704x444 Format 10 NumSamples 1 (Frame:1623).
[2019.05.13-19.05.10:604][615]LogRenderer: Reallocating scene render targets to support 728x444 Format 10 NumSamples 1 (Frame:1625).
[2019.05.13-19.05.10:654][616]LogRenderer: Reallocating scene render targets to support 748x444 Format 10 NumSamples 1 (Frame:1627).
[2019.05.13-19.05.10:704][617]LogRenderer: Reallocating scene render targets to support 752x444 Format 10 NumSamples 1 (Frame:1629).
[2019.05.13-19.05.10:780][618]LogRenderer: Reallocating scene render targets to support 768x444 Format 10 NumSamples 1 (Frame:1631).
[2019.05.13-19.05.10:820][619]LogRenderer: Reallocating scene render targets to support 776x444 Format 10 NumSamples 1 (Frame:1633).
[2019.05.13-19.05.25:643][134]LogTemp: Repeating last play command: Selected Viewport
[2019.05.13-19.05.25:660][134]LogBlueprintUserMessages: Early PlayInEditor Detection: Level '/Game/FirstPersonBP/Maps/FirstPersonExampleMap.FirstPersonExampleMap:PersistentLevel' has LevelScriptBlueprint '/Game/FirstPersonBP/Maps/FirstPersonExampleMap.FirstPersonExampleMap:PersistentLevel.FirstPersonExampleMap' with GeneratedClass '/Game/FirstPersonBP/Maps/FirstPersonExampleMap.FirstPersonExampleMap_C' with ClassGeneratedBy '/Game/FirstPersonBP/Maps/FirstPersonExampleMap.FirstPersonExampleMap:PersistentLevel.FirstPersonExampleMap'
[2019.05.13-19.05.25:660][134]LogPlayLevel: PlayLevel: No blueprints needed recompiling
[2019.05.13-19.05.25:675][134]PIE: New page: PIE session: FirstPersonExampleMap (May 13, 2019, 1:05:25 PM)
[2019.05.13-19.05.25:675][134]LogPlayLevel: Creating play world package: /Game/FirstPersonBP/Maps/UEDPIE_0_FirstPersonExampleMap
[2019.05.13-19.05.25:695][134]LogPlayLevel: PIE: StaticDuplicateObject took: (0.020017s)
[2019.05.13-19.05.25:696][134]LogAIModule: Creating AISystem for world FirstPersonExampleMap
[2019.05.13-19.05.25:697][134]LogPlayLevel: PIE: World Init took: (0.001230s)
[2019.05.13-19.05.25:697][134]LogPlayLevel: PIE: Created PIE world by copying editor world from /Game/FirstPersonBP/Maps/FirstPersonExampleMap.FirstPersonExampleMap to /Game/FirstPersonBP/Maps/UEDPIE_0_FirstPersonExampleMap.FirstPersonExampleMap (0.021555s)
[2019.05.13-19.05.25:741][134]LogInit: XAudio2 using '4 - HDMI (AMD High Definition Audio Device)' : 2 channels at 48 kHz using 16 bits per sample (channel mask 0x3)
[2019.05.13-19.05.25:755][134]LogInit: FAudioDevice initialized.
[2019.05.13-19.05.25:802][134]LogLoad: Game class is 'FirstPersonGameMode_C'
[2019.05.13-19.05.25:806][134]LogWorld: Bringing World /Game/FirstPersonBP/Maps/UEDPIE_0_FirstPersonExampleMap.FirstPersonExampleMap up for play (max tick rate 0) at 2019.05.13-16.05.25
[2019.05.13-19.05.25:807][134]LogWorld: Bringing up level for play took: 0.003419
[2019.05.13-19.05.25:830][134]LogContentBrowser: Native class hierarchy updated for 'MovieSceneCapture' in 0.0004 seconds. Added 10 classes and 0 folders.
[2019.05.13-19.05.25:831][134]PIE: Play in editor start time for /Game/FirstPersonBP/Maps/UEDPIE_0_FirstPersonExampleMap 0.749
[2019.05.13-19.05.25:832][134]LogBlueprintUserMessages: Late PlayInEditor Detection: Level '/Game/FirstPersonBP/Maps/FirstPersonExampleMap.FirstPersonExampleMap:PersistentLevel' has LevelScriptBlueprint '/Game/FirstPersonBP/Maps/FirstPersonExampleMap.FirstPersonExampleMap:PersistentLevel.FirstPersonExampleMap' with GeneratedClass '/Game/FirstPersonBP/Maps/FirstPersonExampleMap.FirstPersonExampleMap_C' with ClassGeneratedBy '/Game/FirstPersonBP/Maps/FirstPersonExampleMap.FirstPersonExampleMap:PersistentLevel.FirstPersonExampleMap'
[2019.05.13-19.05.56:203][755]LogBlueprintUserMessages: Early EndPlayMap Detection: Level '/Game/FirstPersonBP/Maps/FirstPersonExampleMap.FirstPersonExampleMap:PersistentLevel' has LevelScriptBlueprint '/Game/FirstPersonBP/Maps/FirstPersonExampleMap.FirstPersonExampleMap:PersistentLevel.FirstPersonExampleMap' with GeneratedClass '/Game/FirstPersonBP/Maps/FirstPersonExampleMap.FirstPersonExampleMap_C' with ClassGeneratedBy '/Game/FirstPersonBP/Maps/FirstPersonExampleMap.FirstPersonExampleMap:PersistentLevel.FirstPersonExampleMap'
[2019.05.13-19.05.56:204][755]LogSlate: Updating window title bar state: overlay mode, drag disabled, window buttons hidden, title bar hidden
[2019.05.13-19.05.56:241][755]LogPlayLevel: Display: Shutting down PIE online subsystems
[2019.05.13-19.05.56:241][755]LogBlueprintUserMessages: Late EndPlayMap Detection: Level '/Game/FirstPersonBP/Maps/FirstPersonExampleMap.FirstPersonExampleMap:PersistentLevel' has LevelScriptBlueprint '/Game/FirstPersonBP/Maps/FirstPersonExampleMap.FirstPersonExampleMap:PersistentLevel.FirstPersonExampleMap' with GeneratedClass '/Game/FirstPersonBP/Maps/FirstPersonExampleMap.FirstPersonExampleMap_C' with ClassGeneratedBy '/Game/FirstPersonBP/Maps/FirstPersonExampleMap.FirstPersonExampleMap:PersistentLevel.FirstPersonExampleMap'
[2019.05.13-19.05.56:328][755]LogSlate: Updating window title bar state: overlay mode, drag disabled, window buttons hidden, title bar hidden
[2019.05.13-19.05.56:378][756]LogPlayLevel: Display: Destroying online subsystem :Context_2
[2019.05.13-19.06.02:920][528]LogSlate: FSceneViewport::OnFocusLost() reason 0
[2019.05.13-19.06.31:535][733]LogSlate: FSceneViewport::OnFocusLost() reason 0
[2019.05.13-19.06.40:911][730]LogEditorActor: Deleted Actor: LightmassImportanceVolume
[2019.05.13-19.06.40:954][730]LogEditorActor: Deleted 1 Actors (0.053 secs)
[2019.05.13-19.06.43:428][  9]LogEditorActor: Deleted Actor: PostProcessVolume
[2019.05.13-19.06.43:462][  9]LogEditorActor: Deleted 1 Actors (0.040 secs)
[2019.05.13-19.06.51:475][927]MapCheck: New page: Map Check
[2019.05.13-19.06.51:496][927]Cmd: MAP REBUILD ALLVISIBLE
[2019.05.13-19.06.51:496][927]LogEditorServer: Rebuildmap Clear paths rebuilt
[2019.05.13-19.06.51:582][927]LogEditorServer: Cleared 137 NULL BSP materials after rebuild.
[2019.05.13-19.06.51:670][927]LogMaterial: Display: Missing cached shader map for material FDebugViewModeMaterialProxy MaterialInstanceDynamic_0, compiling. 
[2019.05.13-19.06.51:681][927]LogShaderCompilers: Display: Shaders left to compile 1
[2019.05.13-19.06.51:681][927]LogMaterial: Display: Missing cached shader map for material FDebugViewModeMaterialProxy StoneFloor, compiling. 
[2019.05.13-19.06.51:691][927]LogMaterial: Display: Missing cached shader map for material FDebugViewModeMaterialProxy WorldGridMaterial, compiling. Is special engine material.
[2019.05.13-19.06.51:700][927]LogMaterial: Display: Missing cached shader map for material FDebugViewModeMaterialProxy BrickWall, compiling. 
[2019.05.13-19.06.51:708][927]LogShaderCompilers: Display: Shaders left to compile 2
[2019.05.13-19.06.51:709][927]LogShaderCompilers: Display: Shaders left to compile 1
[2019.05.13-19.06.51:709][927]LogMaterial: Display: Missing cached shader map for material FDebugViewModeMaterialProxy ConcreteRoofInterior, compiling. 
[2019.05.13-19.06.51:718][927]LogMaterial: Display: Missing cached shader map for material FDebugViewModeMaterialProxy Glass, compiling. 
[2019.05.13-19.06.51:727][927]LogMaterial: Display: Missing cached shader map for material FDebugViewModeMaterialProxy BrickChimney, compiling. 
[2019.05.13-19.06.51:736][927]LogMaterial: Display: Missing cached shader map for material FDebugViewModeMaterialProxy MatineeCam_mat, compiling. 
[2019.05.13-19.06.51:745][927]LogMaterial: Display: Missing cached shader map for material FDebugViewModeMaterialProxy M_FPGun, compiling. 
[2019.05.13-19.06.51:761][927]LogMaterial: Display: Missing cached shader map for material FDebugViewModeMaterialProxy M_UE4Man_Body, compiling. 
[2019.05.13-19.06.53:470][927]LogShaderCompilers: Display: Shaders left to compile 7
[2019.05.13-19.06.53:470][927]LogShaderCompilers: Display: Shaders left to compile 6
[2019.05.13-19.06.53:470][927]LogShaderCompilers: Display: Shaders left to compile 5
[2019.05.13-19.06.53:470][927]LogShaderCompilers: Display: Shaders left to compile 4
[2019.05.13-19.06.53:470][927]LogShaderCompilers: Display: Shaders left to compile 3
[2019.05.13-19.06.53:470][927]LogShaderCompilers: Display: Shaders left to compile 2
[2019.05.13-19.06.53:470][927]LogShaderCompilers: Display: Shaders left to compile 1
[2019.05.13-19.06.53:470][927]TextureStreamingBuild: Display: Compiling optional shaders took 1.805 seconds.
[2019.05.13-19.06.53:552][927]LogLevel: Display: Export Material TexCoord Scales took 0.082 seconds.
[2019.05.13-19.06.53:588][927]TextureStreamingBuild: Display: Build Texture Streaming took 0.035 seconds.
[2019.05.13-19.06.53:632][927]LightingResults: New page: Lighting Build - May 13, 2019, 1:06:53 PM
[2019.05.13-19.06.53:810][927]LogSwarmInterface: [OpenConnection] Registering TCP channel ...
[2019.05.13-19.06.54:340][927]LogSwarmInterface: [OpenConnection] Connecting to agent ...
[2019.05.13-19.06.54:431][927]LogSwarmInterface: [TryOpenConnection] Testing the Agent
[2019.05.13-19.06.56:166][927]LogSwarmInterface: [TryOpenConnection] Opening Connection to Agent
[2019.05.13-19.06.56:166][927]LogSwarmInterface: [TryOpenConnection] Local Process ID is 9012
[2019.05.13-19.06.58:850][927]LogStaticLightingSystem: Warning: No importance volume found, so the scene bounding box was used.  You can optimize your scene's quality and lighting build times by adding importance volumes.
[2019.05.13-19.06.58:851][927]LogStaticLightingSystem: Running Lightmass w/ ImmediateImport mode ENABLED
[2019.05.13-19.06.58:851][927]LogStaticLightingSystem: Running Lightmass w/ ImmediateProcess mode ENABLED
[2019.05.13-19.06.58:851][927]LogStaticLightingSystem: Running Lightmass w/ Sorting mode ENABLED
[2019.05.13-19.06.58:851][927]LogStaticLightingSystem: Running Lightmass w/ Mapping paddings ENABLED
[2019.05.13-19.06.58:851][927]LogStaticLightingSystem: Running Lightmass w/ Mapping debug paddings DISABLED
[2019.05.13-19.06.59:238][927]Cmd: MAP CHECK DONTDISPLAYDIALOG
[2019.05.13-19.06.59:238][927]MapCheck: New page: FirstPersonExampleMap - May 13, 2019, 1:06:59 PM
[2019.05.13-19.06.59:392][927]MapCheck: Map check complete: 0 Error(s), 0 Warning(s), took 152.983ms to complete.
[2019.05.13-19.06.59:417][927]LogEditorBuildUtils: Build time 0:07
[2019.05.13-19.06.59:431][927]LogMaterial: Display: Missing cached shader map for material FLightmassMaterialRenderer MaterialInstanceDynamic_0, compiling. 
[2019.05.13-19.06.59:444][927]LogMaterial: Display: Missing cached shader map for material FLightmassMaterialRenderer MaterialInstanceDynamic_0, compiling. 
[2019.05.13-19.06.59:470][927]LogShaderCompilers: Display: Shaders left to compile 4
[2019.05.13-19.06.59:492][928]LogMaterial: Display: Missing cached shader map for material FLightmassMaterialRenderer BrickWall, compiling. 
[2019.05.13-19.06.59:500][928]LogShaderCompilers: Display: Shaders left to compile 2
[2019.05.13-19.06.59:500][928]LogMaterial: Display: Missing cached shader map for material FLightmassMaterialRenderer BrickWall, compiling. 
[2019.05.13-19.06.59:516][928]LogShaderCompilers: Display: Shaders left to compile 2
[2019.05.13-19.06.59:539][929]LogMaterial: Display: Missing cached shader map for material FLightmassMaterialRenderer StoneFloor, compiling. 
[2019.05.13-19.06.59:547][929]LogMaterial: Display: Missing cached shader map for material FLightmassMaterialRenderer StoneFloor, compiling. 
[2019.05.13-19.06.59:579][930]LogMaterial: Display: Missing cached shader map for material FLightmassMaterialRenderer ConcreteRoofInterior, compiling. 
[2019.05.13-19.06.59:589][930]LogMaterial: Display: Missing cached shader map for material FLightmassMaterialRenderer ConcreteRoofInterior, compiling. 
[2019.05.13-19.06.59:619][931]LogMaterial: Display: Missing cached shader map for material FLightmassMaterialRenderer Glass, compiling. 
[2019.05.13-19.06.59:628][931]LogMaterial: Display: Missing cached shader map for material FLightmassMaterialRenderer Glass, compiling. 
[2019.05.13-19.06.59:670][932]LogMaterial: Display: Missing cached shader map for material FLightmassMaterialRenderer BrickChimney, compiling. 
[2019.05.13-19.06.59:679][932]LogMaterial: Display: Missing cached shader map for material FLightmassMaterialRenderer BrickChimney, compiling. 
[2019.05.13-19.07.03:627][934]LogShaderCompilers: Display: Shaders left to compile 16
[2019.05.13-19.07.03:627][934]LogShaderCompilers: Display: Shaders left to compile 6
[2019.05.13-19.07.09:959][353]Job is a success!
[2019.05.13-19.07.09:996][354]LogSlate: Took 0.000505 seconds to synchronously load lazily loaded font '../../../Engine/Content/Slate/Fonts/Roboto-Light.ttf' (167K)
[2019.05.13-19.07.10:175][354]LogVolumetricLightmapImport: Imported Volumetric Lightmap in 0.022s
[2019.05.13-19.07.10:175][354]LogVolumetricLightmapImport:      Indirection Texture 16x16x16 = 0.0Mb
[2019.05.13-19.07.10:175][354]LogVolumetricLightmapImport:      BrickData 285x5x5 = 0.3Mb (trimmed 0.2Mb due to 0.010000 MinBrickError)
[2019.05.13-19.07.10:175][354]LogVolumetricLightmapImport:      Bricks at Level
[2019.05.13-19.07.10:175][354]LogVolumetricLightmapImport:          0: 1.8% covering 100.0% of volume
[2019.05.13-19.07.10:175][354]LogVolumetricLightmapImport:          1: 8.8% covering 7.8% of volume
[2019.05.13-19.07.10:175][354]LogVolumetricLightmapImport:          2: 89.5% covering 1.2% of volume
[2019.05.13-19.07.10:844][354]LogTexture: Display: Building textures: SkyOcclusion1_1 (AutoDXT, 1024X512)
[2019.05.13-19.07.10:844][354]LogTexture: Display: Building textures: HQ_Lightmap1_1 (AutoDXT, 1024X1024)
[2019.05.13-19.07.10:844][354]LogTexture: Display: Building textures: LQ_Lightmap_1_1 (DXT1, 1024X1024)
[2019.05.13-19.07.10:844][354]LogTexture: Display: Building textures: SkyOcclusion1_2 (AutoDXT, 64X32)
[2019.05.13-19.07.10:844][354]LogTexture: Display: Building textures: HQ_Lightmap1_2 (AutoDXT, 64X64)
[2019.05.13-19.07.10:844][354]LogTexture: Display: Building textures: LQ_Lightmap_1_2 (DXT1, 64X64)
[2019.05.13-19.07.10:961][354]LogTexture: Display: Building textures: ShadowMapTexture2D_9 (G8, 32X32)
[2019.05.13-19.07.10:961][354]LogTexture: Display: Building textures: ShadowMapTexture2D_8 (G8, 512X512)
[2019.05.13-19.07.11:191][354]Lightmass on DESKTOP-K3ALEES: 5.30 sec total, 256 ms importing, 17 ms setup, 676 ms photons, 4.27 sec processing, 0 ms extra exporting [180/180 mappings]. Threads: 17.0 sec total, 3.88 sec processing.
[2019.05.13-19.07.11:261][354]LogMaterial: Warning: Material /Game/Materials/BrickWall.BrickWall needed to have new flag set bUsedWithStaticLighting !
[2019.05.13-19.07.11:277][354]LogMaterial: Display: Missing cached shader map for material BrickWall, compiling. 
[2019.05.13-19.07.11:370][354]LogMaterial: Warning: Material /Game/Materials/StoneFloor.StoneFloor needed to have new flag set bUsedWithStaticLighting !
[2019.05.13-19.07.11:373][354]LogShaderCompilers: Display: Shaders left to compile 31
[2019.05.13-19.07.11:373][354]LogShaderCompilers: Display: Shaders left to compile 21
[2019.05.13-19.07.11:373][354]LogShaderCompilers: Display: Shaders left to compile 11
[2019.05.13-19.07.11:373][354]LogMaterial: Display: Missing cached shader map for material StoneFloor, compiling. 
[2019.05.13-19.07.11:405][354]LogMaterial: Warning: Material /Game/Materials/ConcreteRoofInterior.ConcreteRoofInterior needed to have new flag set bUsedWithStaticLighting !
[2019.05.13-19.07.11:408][354]LogMaterial: Display: Missing cached shader map for material ConcreteRoofInterior, compiling. 
[2019.05.13-19.07.11:440][354]LogMaterial: Warning: Material /Game/Materials/BrickChimney.BrickChimney needed to have new flag set bUsedWithStaticLighting !
[2019.05.13-19.07.11:443][354]LogMaterial: Display: Missing cached shader map for material BrickChimney, compiling. 
[2019.05.13-19.07.11:474][354]LogMaterial: Warning: Material /Game/Materials/Glass.Glass needed to have new flag set bUsedWithStaticLighting !
[2019.05.13-19.07.11:477][354]LogMaterial: Display: Missing cached shader map for material Glass, compiling. 
[2019.05.13-19.07.11:606][354]LogStaticLightingSystem: Illumination: 17.9 sec (541 ms encoding lightmaps, 105 ms encoding shadowmaps)
[2019.05.13-19.07.11:606][354]LogStaticLightingSystem: Lightmap texture memory:  2.7 MB (0.0 MB streaming, 2.7 MB non-streaming), 4 textures
[2019.05.13-19.07.11:606][354]LogStaticLightingSystem: Shadowmap texture memory: 0.3 MB (0.0 MB streaming, 0.3 MB non-streaming), 2 textures
[2019.05.13-19.07.11:867][354]DumpUnbuiltLightIteractions
[2019.05.13-19.07.11:867][354]Lights with unbuilt interactions: 0
[2019.05.13-19.07.11:867][354]
[2019.05.13-19.07.11:867][354]Primitives with unbuilt interactions: 0
[2019.05.13-19.08.07:101][354]LogShaderCompilers: Display: Shaders left to compile 139
[2019.05.13-19.08.07:101][354]LogShaderCompilers: Display: Shaders left to compile 129
[2019.05.13-19.08.07:101][354]LogShaderCompilers: Display: Shaders left to compile 119
[2019.05.13-19.08.07:101][354]LogShaderCompilers: Display: Shaders left to compile 109
[2019.05.13-19.08.07:101][354]LogShaderCompilers: Display: Shaders left to compile 99
[2019.05.13-19.08.07:101][354]LogShaderCompilers: Display: Shaders left to compile 89
[2019.05.13-19.08.07:101][354]LogShaderCompilers: Display: Shaders left to compile 79
[2019.05.13-19.08.07:101][354]LogShaderCompilers: Display: Shaders left to compile 69
[2019.05.13-19.08.07:101][354]LogShaderCompilers: Display: Shaders left to compile 59
[2019.05.13-19.08.07:101][354]LogShaderCompilers: Display: Shaders left to compile 49
[2019.05.13-19.08.07:102][354]LogShaderCompilers: Display: Shaders left to compile 39
[2019.05.13-19.08.07:102][354]LogShaderCompilers: Display: Shaders left to compile 29
[2019.05.13-19.08.07:102][354]LogShaderCompilers: Display: Shaders left to compile 19
[2019.05.13-19.08.07:102][354]LogShaderCompilers: Display: Shaders left to compile 9
[2019.05.13-19.08.07:253][355]Cmd: MAP CHECK NOTIFYRESULTS
[2019.05.13-19.08.07:253][355]MapCheck: New page: FirstPersonExampleMap - May 13, 2019, 1:08:07 PM
[2019.05.13-19.08.07:407][355]MapCheck: Map check complete: 0 Error(s), 0 Warning(s), took 153.332ms to complete.
[2019.05.13-19.08.35:706][860]Cmd: DELETE
[2019.05.13-19.08.35:706][860]Cmd: ACTOR DELETE
[2019.05.13-19.08.35:733][860]LogEditorActor: Deleted Actor: PointLight
[2019.05.13-19.08.35:770][860]LogEditorActor: Deleted 1 Actors (0.045 secs)
[2019.05.13-19.08.40:001][356]LogSlate: FSceneViewport::OnFocusLost() reason 0
[2019.05.13-19.08.47:351][204]Cmd: DELETE
[2019.05.13-19.08.47:351][204]Cmd: ACTOR DELETE
[2019.05.13-19.08.47:357][204]LogEditorActor: Deleted Actor: RectLight
[2019.05.13-19.08.47:391][204]LogEditorActor: Deleted 1 Actors (0.040 secs)
[2019.05.13-19.08.49:875][501]LogSlate: FSceneViewport::OnFocusLost() reason 0
[2019.05.13-19.08.54:740][ 61]Cmd: DELETE
[2019.05.13-19.08.54:740][ 61]Cmd: ACTOR DELETE
[2019.05.13-19.08.54:746][ 61]LogEditorActor: Deleted Actor: SpotLight
[2019.05.13-19.08.54:780][ 61]LogEditorActor: Deleted 1 Actors (0.041 secs)
[2019.05.13-19.08.56:428][251]LogSlate: FSceneViewport::OnFocusLost() reason 0
[2019.05.13-19.09.00:323][691]LogSlate: FSceneViewport::OnFocusLost() reason 0
[2019.05.13-19.09.36:219][337]LogEditorViewport: Clicking on Actor (LMB): PointLight (PointLight)
[2019.05.13-19.10.00:945][863]LogSlate: FSceneViewport::OnFocusLost() reason 0
[2019.05.13-19.10.08:924][309]LogSlate: FSceneViewport::OnFocusLost() reason 0
[2019.05.13-19.10.32:687][845]LogSlate: FSceneViewport::OnFocusLost() reason 0
[2019.05.13-19.10.32:793][856]MapCheck: New page: Map Check
[2019.05.13-19.10.32:814][856]Cmd: MAP REBUILD ALLVISIBLE
[2019.05.13-19.10.32:814][856]LogEditorServer: Rebuildmap Clear paths rebuilt
[2019.05.13-19.10.32:999][856]LogMaterial: Display: Missing cached shader map for material FDebugViewModeMaterialProxy MaterialInstanceDynamic_0, compiling. 
[2019.05.13-19.10.33:007][856]LogMaterial: Display: Missing cached shader map for material FDebugViewModeMaterialProxy StoneFloor, compiling. 
[2019.05.13-19.10.33:015][856]LogShaderCompilers: Display: Shaders left to compile 2
[2019.05.13-19.10.33:015][856]LogShaderCompilers: Display: Shaders left to compile 1
[2019.05.13-19.10.33:015][856]LogMaterial: Display: Missing cached shader map for material FDebugViewModeMaterialProxy WorldGridMaterial, compiling. Is special engine material.
[2019.05.13-19.10.33:024][856]LogMaterial: Display: Missing cached shader map for material FDebugViewModeMaterialProxy BrickWall, compiling. 
[2019.05.13-19.10.33:033][856]LogShaderCompilers: Display: Shaders left to compile 2
[2019.05.13-19.10.33:033][856]LogMaterial: Display: Missing cached shader map for material FDebugViewModeMaterialProxy ConcreteRoofInterior, compiling. 
[2019.05.13-19.10.33:042][856]LogMaterial: Display: Missing cached shader map for material FDebugViewModeMaterialProxy Glass, compiling. 
[2019.05.13-19.10.33:051][856]LogMaterial: Display: Missing cached shader map for material FDebugViewModeMaterialProxy BrickChimney, compiling. 
[2019.05.13-19.10.33:060][856]LogMaterial: Display: Missing cached shader map for material FDebugViewModeMaterialProxy M_FPGun, compiling. 
[2019.05.13-19.10.33:076][856]LogMaterial: Display: Missing cached shader map for material FDebugViewModeMaterialProxy M_UE4Man_Body, compiling. 
[2019.05.13-19.10.33:090][856]LogMaterial: Display: Missing cached shader map for material FDebugViewModeMaterialProxy MatineeCam_mat, compiling. 
[2019.05.13-19.10.34:777][856]LogShaderCompilers: Display: Shaders left to compile 7
[2019.05.13-19.10.34:777][856]LogShaderCompilers: Display: Shaders left to compile 6
[2019.05.13-19.10.34:777][856]LogShaderCompilers: Display: Shaders left to compile 5
[2019.05.13-19.10.34:777][856]LogShaderCompilers: Display: Shaders left to compile 4
[2019.05.13-19.10.34:777][856]LogShaderCompilers: Display: Shaders left to compile 3
[2019.05.13-19.10.34:777][856]LogShaderCompilers: Display: Shaders left to compile 2
[2019.05.13-19.10.34:777][856]LogShaderCompilers: Display: Shaders left to compile 1
[2019.05.13-19.10.34:777][856]TextureStreamingBuild: Display: Compiling optional shaders took 1.781 seconds.
[2019.05.13-19.10.34:805][856]LogLevel: Display: Export Material TexCoord Scales took 0.028 seconds.
[2019.05.13-19.10.34:854][856]TextureStreamingBuild: Display: Build Texture Streaming took 0.049 seconds.
[2019.05.13-19.10.34:894][856]LightingResults: New page: Lighting Build - May 13, 2019, 1:10:34 PM
[2019.05.13-19.10.34:908][856]LogSwarmInterface: [OpenConnection] Registering TCP channel ...
[2019.05.13-19.10.34:912][856]LogSwarmInterface: [OpenConnection] Connecting to agent ...
[2019.05.13-19.10.34:912][856]LogSwarmInterface: [TryOpenConnection] Testing the Agent
[2019.05.13-19.10.34:914][856]LogSwarmInterface: [TryOpenConnection] Opening Connection to Agent
[2019.05.13-19.10.34:914][856]LogSwarmInterface: [TryOpenConnection] Local Process ID is 9012
[2019.05.13-19.10.39:600][856]LogStaticLightingSystem: Warning: No importance volume found, so the scene bounding box was used.  You can optimize your scene's quality and lighting build times by adding importance volumes.
[2019.05.13-19.10.39:601][856]LogStaticLightingSystem: Running Lightmass w/ ImmediateImport mode ENABLED
[2019.05.13-19.10.39:601][856]LogStaticLightingSystem: Running Lightmass w/ ImmediateProcess mode ENABLED
[2019.05.13-19.10.39:601][856]LogStaticLightingSystem: Running Lightmass w/ Sorting mode ENABLED
[2019.05.13-19.10.39:601][856]LogStaticLightingSystem: Running Lightmass w/ Mapping paddings ENABLED
[2019.05.13-19.10.39:602][856]LogStaticLightingSystem: Running Lightmass w/ Mapping debug paddings DISABLED
[2019.05.13-19.10.40:106][856]Cmd: MAP CHECK DONTDISPLAYDIALOG
[2019.05.13-19.10.40:106][856]MapCheck: New page: FirstPersonExampleMap - May 13, 2019, 1:10:40 PM
[2019.05.13-19.10.40:505][856]MapCheck: Map check complete: 0 Error(s), 0 Warning(s), took 398.612ms to complete.
[2019.05.13-19.10.40:531][856]LogEditorBuildUtils: Build time 0:07
[2019.05.13-19.10.40:635][857]LogMaterial: Display: Missing cached shader map for material FLightmassMaterialRenderer BrickWall, compiling. 
[2019.05.13-19.10.40:654][857]LogShaderCompilers: Display: Shaders left to compile 2
[2019.05.13-19.10.40:654][857]LogMaterial: Display: Missing cached shader map for material FLightmassMaterialRenderer BrickWall, compiling. 
[2019.05.13-19.10.40:670][857]LogShaderCompilers: Display: Shaders left to compile 2
[2019.05.13-19.10.40:893][859]LogMaterial: Display: Missing cached shader map for material FLightmassMaterialRenderer StoneFloor, compiling. 
[2019.05.13-19.10.40:916][859]LogShaderCompilers: Display: Shaders left to compile 2
[2019.05.13-19.10.40:916][859]LogMaterial: Display: Missing cached shader map for material FLightmassMaterialRenderer StoneFloor, compiling. 
[2019.05.13-19.10.40:957][860]LogMaterial: Display: Missing cached shader map for material FLightmassMaterialRenderer ConcreteRoofInterior, compiling. 
[2019.05.13-19.10.40:978][860]LogMaterial: Display: Missing cached shader map for material FLightmassMaterialRenderer ConcreteRoofInterior, compiling. 
[2019.05.13-19.10.41:020][861]LogMaterial: Display: Missing cached shader map for material FLightmassMaterialRenderer Glass, compiling. 
[2019.05.13-19.10.41:041][861]LogMaterial: Display: Missing cached shader map for material FLightmassMaterialRenderer Glass, compiling. 
[2019.05.13-19.10.41:119][863]LogMaterial: Display: Missing cached shader map for material FLightmassMaterialRenderer BrickChimney, compiling. 
[2019.05.13-19.10.41:140][863]LogMaterial: Display: Missing cached shader map for material FLightmassMaterialRenderer BrickChimney, compiling. 
[2019.05.13-19.10.48:104][865]LogShaderCompilers: Display: Shaders left to compile 14
[2019.05.13-19.10.48:105][865]LogShaderCompilers: Display: Shaders left to compile 4
[2019.05.13-19.10.48:227][865]LogSlate: FSceneViewport::OnFocusLost() reason 2
[2019.05.13-19.10.48:300][865]LogSlate: FSceneViewport::OnFocusLost() reason 2
[2019.05.13-19.10.54:347][291]Job is a success!
[2019.05.13-19.10.54:379][292]LogSlate: FSceneViewport::OnFocusLost() reason 2
[2019.05.13-19.10.54:433][292]LogVolumetricLightmapImport: Imported Volumetric Lightmap in 0.022s
[2019.05.13-19.10.54:433][292]LogVolumetricLightmapImport:      Indirection Texture 16x16x16 = 0.0Mb
[2019.05.13-19.10.54:433][292]LogVolumetricLightmapImport:      BrickData 355x5x5 = 0.3Mb (trimmed 0.2Mb due to 0.010000 MinBrickError)
[2019.05.13-19.10.54:433][292]LogVolumetricLightmapImport:      Bricks at Level
[2019.05.13-19.10.54:433][292]LogVolumetricLightmapImport:          0: 1.4% covering 100.0% of volume
[2019.05.13-19.10.54:433][292]LogVolumetricLightmapImport:          1: 7.0% covering 7.8% of volume
[2019.05.13-19.10.54:433][292]LogVolumetricLightmapImport:          2: 91.5% covering 1.6% of volume
[2019.05.13-19.10.55:119][292]LogTexture: Display: Building textures: SkyOcclusion0_1 (AutoDXT, 1024X512)
[2019.05.13-19.10.55:119][292]LogTexture: Display: Building textures: HQ_Lightmap0_1 (AutoDXT, 1024X1024)
[2019.05.13-19.10.55:119][292]LogTexture: Display: Building textures: LQ_Lightmap_0_1 (DXT1, 1024X1024)
[2019.05.13-19.10.55:119][292]LogTexture: Display: Building textures: SkyOcclusion0_2 (AutoDXT, 64X32)
[2019.05.13-19.10.55:119][292]LogTexture: Display: Building textures: HQ_Lightmap0_2 (AutoDXT, 64X64)
[2019.05.13-19.10.55:119][292]LogTexture: Display: Building textures: LQ_Lightmap_0_2 (DXT1, 64X64)
[2019.05.13-19.10.55:242][292]LogTexture: Display: Building textures: ShadowMapTexture2D_11 (G8, 32X32)
[2019.05.13-19.10.55:242][292]LogTexture: Display: Building textures: ShadowMapTexture2D_10 (BGRA8, 512X512)
[2019.05.13-19.10.55:261][292]Lightmass on DESKTOP-K3ALEES: 5.62 sec total, 241 ms importing, 16 ms setup, 666 ms photons, 4.66 sec processing, 0 ms extra exporting [180/180 mappings]. Threads: 18.5 sec total, 4.98 sec processing.
[2019.05.13-19.10.55:313][292]LogStaticLightingSystem: Illumination: 20.3 sec (570 ms encoding lightmaps, 115 ms encoding shadowmaps)
[2019.05.13-19.10.55:313][292]LogStaticLightingSystem: Lightmap texture memory:  2.7 MB (0.0 MB streaming, 2.7 MB non-streaming), 4 textures
[2019.05.13-19.10.55:313][292]LogStaticLightingSystem: Shadowmap texture memory: 1.3 MB (0.0 MB streaming, 1.3 MB non-streaming), 2 textures
[2019.05.13-19.10.55:621][292]DumpUnbuiltLightIteractions
[2019.05.13-19.10.55:621][292]Lights with unbuilt interactions: 0
[2019.05.13-19.10.55:621][292]
[2019.05.13-19.10.55:621][292]Primitives with unbuilt interactions: 0
[2019.05.13-19.10.55:629][292]LogSlate: FSceneViewport::OnFocusLost() reason 2
[2019.05.13-19.10.55:716][293]Cmd: MAP CHECK NOTIFYRESULTS
[2019.05.13-19.10.55:717][293]MapCheck: New page: FirstPersonExampleMap - May 13, 2019, 1:10:55 PM
[2019.05.13-19.10.55:870][293]MapCheck: Map check complete: 0 Error(s), 0 Warning(s), took 153.754ms to complete.
[2019.05.13-19.11.01:972][929]LogSlate: FSceneViewport::OnFocusLost() reason 2
[2019.05.13-19.11.03:064][ 14]LogTemp: Repeating last play command: Selected Viewport
[2019.05.13-19.11.03:082][ 14]LogBlueprintUserMessages: Early PlayInEditor Detection: Level '/Game/FirstPersonBP/Maps/FirstPersonExampleMap.FirstPersonExampleMap:PersistentLevel' has LevelScriptBlueprint '/Game/FirstPersonBP/Maps/FirstPersonExampleMap.FirstPersonExampleMap:PersistentLevel.FirstPersonExampleMap' with GeneratedClass '/Game/FirstPersonBP/Maps/FirstPersonExampleMap.FirstPersonExampleMap_C' with ClassGeneratedBy '/Game/FirstPersonBP/Maps/FirstPersonExampleMap.FirstPersonExampleMap:PersistentLevel.FirstPersonExampleMap'
[2019.05.13-19.11.03:082][ 14]LogPlayLevel: PlayLevel: No blueprints needed recompiling
[2019.05.13-19.11.03:082][ 14]PIE: New page: PIE session: FirstPersonExampleMap (May 13, 2019, 1:11:03 PM)
[2019.05.13-19.11.03:082][ 14]LogPlayLevel: Creating play world package: /Game/FirstPersonBP/Maps/UEDPIE_0_FirstPersonExampleMap
[2019.05.13-19.11.03:102][ 14]LogPlayLevel: PIE: StaticDuplicateObject took: (0.019104s)
[2019.05.13-19.11.03:102][ 14]LogAIModule: Creating AISystem for world FirstPersonExampleMap
[2019.05.13-19.11.03:103][ 14]LogPlayLevel: PIE: World Init took: (0.001175s)
[2019.05.13-19.11.03:103][ 14]LogPlayLevel: PIE: Created PIE world by copying editor world from /Game/FirstPersonBP/Maps/FirstPersonExampleMap.FirstPersonExampleMap to /Game/FirstPersonBP/Maps/UEDPIE_0_FirstPersonExampleMap.FirstPersonExampleMap (0.020511s)
[2019.05.13-19.11.03:149][ 14]LogInit: XAudio2 using '4 - HDMI (AMD High Definition Audio Device)' : 2 channels at 48 kHz using 16 bits per sample (channel mask 0x3)
[2019.05.13-19.11.03:164][ 14]LogInit: FAudioDevice initialized.
[2019.05.13-19.11.03:164][ 14]LogSlate: FSceneViewport::OnFocusLost() reason 2
[2019.05.13-19.11.03:197][ 14]LogLoad: Game class is 'FirstPersonGameMode_C'
[2019.05.13-19.11.03:200][ 14]LogWorld: Bringing World /Game/FirstPersonBP/Maps/UEDPIE_0_FirstPersonExampleMap.FirstPersonExampleMap up for play (max tick rate 0) at 2019.05.13-16.11.03
[2019.05.13-19.11.03:201][ 14]LogWorld: Bringing up level for play took: 0.002856
[2019.05.13-19.11.03:215][ 14]PIE: Play in editor start time for /Game/FirstPersonBP/Maps/UEDPIE_0_FirstPersonExampleMap 0.132
[2019.05.13-19.11.03:225][ 14]LogBlueprintUserMessages: Late PlayInEditor Detection: Level '/Game/FirstPersonBP/Maps/FirstPersonExampleMap.FirstPersonExampleMap:PersistentLevel' has LevelScriptBlueprint '/Game/FirstPersonBP/Maps/FirstPersonExampleMap.FirstPersonExampleMap:PersistentLevel.FirstPersonExampleMap' with GeneratedClass '/Game/FirstPersonBP/Maps/FirstPersonExampleMap.FirstPersonExampleMap_C' with ClassGeneratedBy '/Game/FirstPersonBP/Maps/FirstPersonExampleMap.FirstPersonExampleMap:PersistentLevel.FirstPersonExampleMap'
[2019.05.13-19.12.24:663][315]LogBlueprintUserMessages: Early EndPlayMap Detection: Level '/Game/FirstPersonBP/Maps/FirstPersonExampleMap.FirstPersonExampleMap:PersistentLevel' has LevelScriptBlueprint '/Game/FirstPersonBP/Maps/FirstPersonExampleMap.FirstPersonExampleMap:PersistentLevel.FirstPersonExampleMap' with GeneratedClass '/Game/FirstPersonBP/Maps/FirstPersonExampleMap.FirstPersonExampleMap_C' with ClassGeneratedBy '/Game/FirstPersonBP/Maps/FirstPersonExampleMap.FirstPersonExampleMap:PersistentLevel.FirstPersonExampleMap'
[2019.05.13-19.12.24:663][315]LogSlate: Updating window title bar state: overlay mode, drag disabled, window buttons hidden, title bar hidden
[2019.05.13-19.12.24:705][315]LogPlayLevel: Display: Shutting down PIE online subsystems
[2019.05.13-19.12.24:706][315]LogBlueprintUserMessages: Late EndPlayMap Detection: Level '/Game/FirstPersonBP/Maps/FirstPersonExampleMap.FirstPersonExampleMap:PersistentLevel' has LevelScriptBlueprint '/Game/FirstPersonBP/Maps/FirstPersonExampleMap.FirstPersonExampleMap:PersistentLevel.FirstPersonExampleMap' with GeneratedClass '/Game/FirstPersonBP/Maps/FirstPersonExampleMap.FirstPersonExampleMap_C' with ClassGeneratedBy '/Game/FirstPersonBP/Maps/FirstPersonExampleMap.FirstPersonExampleMap:PersistentLevel.FirstPersonExampleMap'
[2019.05.13-19.12.24:744][315]LogSlate: Updating window title bar state: overlay mode, drag disabled, window buttons hidden, title bar hidden
[2019.05.13-19.12.24:763][316]LogPlayLevel: Display: Destroying online subsystem :Context_3
[2019.05.13-19.15.31:317][795]LogSlate: FSceneViewport::OnFocusLost() reason 0
[2019.05.13-19.15.31:784][808]LogSavePackage: Moving '../../../../../../Users/Octavio/Desktop/Repo/SimpleScene/Saved/FirstPersonExampleMapC6BCB571463038E260B96A9AF59D2C48.tmp' to '../../../../../../Users/Octavio/Desktop/Repo/SimpleScene/Content/FirstPersonBP/Maps/FirstPersonExampleMap.umap'
[2019.05.13-19.15.32:170][808]LogSavePackage: Moving '../../../../../../Users/Octavio/Desktop/Repo/SimpleScene/Saved/FirstPersonExampleMap_BuiltData6FB7E9DD45541172DA98F7829B0EF52C.tmp' to '../../../../../../Users/Octavio/Desktop/Repo/SimpleScene/Content/FirstPersonBP/Maps/FirstPersonExampleMap_BuiltData.uasset'
[2019.05.13-19.15.51:963][888]LogSlate: FSceneViewport::OnFocusLost() reason 0
[2019.05.13-19.15.54:237][901]LogSlate: Window 'Save Content' being destroyed
[2019.05.13-19.15.54:275][901]LogSlate: FSceneViewport::OnFocusLost() reason 2
[2019.05.13-19.15.54:357][901]Cmd: OBJ SAVEPACKAGE PACKAGE="/Game/Materials/BrickChimney" FILE="../../../../../../Users/Octavio/Desktop/Repo/SimpleScene/Content/Materials/BrickChimney.uasset" SILENT=true
[2019.05.13-19.15.54:431][901]LogSavePackage: Moving '../../../../../../Users/Octavio/Desktop/Repo/SimpleScene/Saved/BrickChimneyF34FD2CF40C7E2A656E90DA752EB5BB6.tmp' to '../../../../../../Users/Octavio/Desktop/Repo/SimpleScene/Content/Materials/BrickChimney.uasset'
[2019.05.13-19.15.54:506][901]Cmd: OBJ SAVEPACKAGE PACKAGE="/Game/Materials/BrickWall" FILE="../../../../../../Users/Octavio/Desktop/Repo/SimpleScene/Content/Materials/BrickWall.uasset" SILENT=true
[2019.05.13-19.15.54:582][901]LogSavePackage: Moving '../../../../../../Users/Octavio/Desktop/Repo/SimpleScene/Saved/BrickWallFA58A9A64C1A4D13F7D743A13248BB20.tmp' to '../../../../../../Users/Octavio/Desktop/Repo/SimpleScene/Content/Materials/BrickWall.uasset'
[2019.05.13-19.15.54:656][901]Cmd: OBJ SAVEPACKAGE PACKAGE="/Game/Materials/BrickWallInterior" FILE="../../../../../../Users/Octavio/Desktop/Repo/SimpleScene/Content/Materials/BrickWallInterior.uasset" SILENT=true
[2019.05.13-19.15.54:729][901]LogSavePackage: Moving '../../../../../../Users/Octavio/Desktop/Repo/SimpleScene/Saved/BrickWallInteriorA0BF131B4352680A3AEEE9AA1E580A67.tmp' to '../../../../../../Users/Octavio/Desktop/Repo/SimpleScene/Content/Materials/BrickWallInterior.uasset'
[2019.05.13-19.15.54:806][901]Cmd: OBJ SAVEPACKAGE PACKAGE="/Game/Materials/ConcreteRoofInterior" FILE="../../../../../../Users/Octavio/Desktop/Repo/SimpleScene/Content/Materials/ConcreteRoofInterior.uasset" SILENT=true
[2019.05.13-19.15.54:879][901]LogSavePackage: Moving '../../../../../../Users/Octavio/Desktop/Repo/SimpleScene/Saved/ConcreteRoofInterior0306EA2E4EBADEFD03DF5483137A0D5C.tmp' to '../../../../../../Users/Octavio/Desktop/Repo/SimpleScene/Content/Materials/ConcreteRoofInterior.uasset'
[2019.05.13-19.15.54:956][901]Cmd: OBJ SAVEPACKAGE PACKAGE="/Game/Materials/Glass" FILE="../../../../../../Users/Octavio/Desktop/Repo/SimpleScene/Content/Materials/Glass.uasset" SILENT=true
[2019.05.13-19.15.55:032][901]LogSavePackage: Moving '../../../../../../Users/Octavio/Desktop/Repo/SimpleScene/Saved/Glass09F4CFB34BF2A0B08CDFBFB752306452.tmp' to '../../../../../../Users/Octavio/Desktop/Repo/SimpleScene/Content/Materials/Glass.uasset'
[2019.05.13-19.15.55:120][901]Cmd: OBJ SAVEPACKAGE PACKAGE="/Game/Materials/StoneFloor" FILE="../../../../../../Users/Octavio/Desktop/Repo/SimpleScene/Content/Materials/StoneFloor.uasset" SILENT=true
[2019.05.13-19.15.55:200][901]LogSavePackage: Moving '../../../../../../Users/Octavio/Desktop/Repo/SimpleScene/Saved/StoneFloor4959933E4EB66E6C1CB57B83EF631E99.tmp' to '../../../../../../Users/Octavio/Desktop/Repo/SimpleScene/Content/Materials/StoneFloor.uasset'
[2019.05.13-19.15.55:401][901]LogSlate: Window 'SimpleScene - Unreal Editor' being destroyed
[2019.05.13-19.15.55:757][902]Cmd: QUIT_EDITOR
[2019.05.13-19.15.56:052][902]LogWindowsTextInputMethodSystem: Display: IME system now deactivated.
[2019.05.13-19.15.56:104][902]LogExit: Preparing to exit.
[2019.05.13-19.15.57:070][902]LogExit: Editor shut down
[2019.05.13-19.15.57:071][902]LogExit: Transaction tracking system shut down
[2019.05.13-19.15.57:824][902]LogExit: Object subsystem successfully closed.
[2019.05.13-19.15.57:845][902]LogShaderCompilers: Display: Shaders left to compile 0
[2019.05.13-19.15.57:849][902]LogD3D11RHI: Shutdown
[2019.05.13-19.15.57:850][902]LogD3D11RHI: CleanupD3DDevice
[2019.05.13-19.15.57:862][902]LogD3D11RHI: ~FD3D11DynamicRHI
[2019.05.13-19.15.57:900][902]LogModuleManager: Shutting down and abandoning module HierarchicalLODUtilities (616)
[2019.05.13-19.15.57:900][902]LogModuleManager: Shutting down and abandoning module MovieSceneCapture (614)
[2019.05.13-19.15.57:900][902]LogModuleManager: Shutting down and abandoning module Voice (612)
[2019.05.13-19.15.57:901][902]LogModuleManager: Shutting down and abandoning module HierarchicalLODOutliner (610)
[2019.05.13-19.15.57:901][902]LogModuleManager: Shutting down and abandoning module SceneOutliner (608)
[2019.05.13-19.15.57:901][902]LogModuleManager: Shutting down and abandoning module AddContentDialog (606)
[2019.05.13-19.15.57:903][902]LogModuleManager: Shutting down and abandoning module WidgetCarousel (605)
[2019.05.13-19.15.57:903][902]LogModuleManager: Shutting down and abandoning module EditorWidgets (602)
[2019.05.13-19.15.57:903][902]LogModuleManager: Shutting down and abandoning module CollectionManager (600)
[2019.05.13-19.15.57:904][902]LogModuleManager: Shutting down and abandoning module StatsViewer (598)
[2019.05.13-19.15.57:904][902]LogModuleManager: Shutting down and abandoning module FoliageEdit (596)
[2019.05.13-19.15.57:904][902]LogModuleManager: Shutting down and abandoning module LandscapeEditor (594)
[2019.05.13-19.15.57:904][902]LogModuleManager: Shutting down and abandoning module MeshPaintMode (592)
[2019.05.13-19.15.57:904][902]LogModuleManager: Shutting down and abandoning module SceneDepthPickerMode (590)
[2019.05.13-19.15.57:905][902]LogModuleManager: Shutting down and abandoning module ActorPickerMode (588)
[2019.05.13-19.15.57:905][902]LogModuleManager: Shutting down and abandoning module GeometryMode (586)
[2019.05.13-19.15.57:905][902]LogModuleManager: Shutting down and abandoning module TextureAlignMode (584)
[2019.05.13-19.15.57:905][902]LogModuleManager: Shutting down and abandoning module BspMode (582)
[2019.05.13-19.15.57:905][902]LogModuleManager: Shutting down and abandoning module PIEPreviewDeviceProfileSelector (580)
[2019.05.13-19.15.57:905][902]LogModuleManager: Shutting down and abandoning module SequenceRecorderSections (578)
[2019.05.13-19.15.57:905][902]LogModuleManager: Shutting down and abandoning module AutomationWorker (576)
[2019.05.13-19.15.57:905][902]LogModuleManager: Shutting down and abandoning module AudioCaptureEditor (574)
[2019.05.13-19.15.57:905][902]LogModuleManager: Shutting down and abandoning module SequenceRecorder (573)
[2019.05.13-19.15.57:905][902]LogModuleManager: Shutting down and abandoning module MatineeToLevelSequence (570)
[2019.05.13-19.15.57:905][902]LogModuleManager: Shutting down and abandoning module LevelSequenceEditor (568)
[2019.05.13-19.15.57:905][902]LogModuleManager: Shutting down and abandoning module PlacementMode (567)
[2019.05.13-19.15.57:905][902]LogModuleManager: Shutting down and abandoning module MaterialEditor (566)
[2019.05.13-19.15.57:905][902]LogModuleManager: Shutting down and abandoning module WmfMediaFactory (562)
[2019.05.13-19.15.57:905][902]LogModuleManager: Shutting down and abandoning module WmfMediaEditor (560)
[2019.05.13-19.15.57:905][902]LogModuleManager: Shutting down and abandoning module MediaPlayerEditor (558)
[2019.05.13-19.15.57:905][902]LogModuleManager: Shutting down and abandoning module OpenExrWrapper (556)
[2019.05.13-19.15.57:905][902]LogModuleManager: Shutting down and abandoning module ImgMediaFactory (554)
[2019.05.13-19.15.57:906][902]LogModuleManager: Shutting down and abandoning module ImgMediaEditor (552)
[2019.05.13-19.15.57:906][902]LogModuleManager: Shutting down and abandoning module AvfMediaFactory (550)
[2019.05.13-19.15.57:906][902]LogModuleManager: Shutting down and abandoning module AvfMediaEditor (548)
[2019.05.13-19.15.57:906][902]LogModuleManager: Shutting down and abandoning module AndroidMediaFactory (546)
[2019.05.13-19.15.57:906][902]LogModuleManager: Shutting down and abandoning module AndroidMediaEditor (544)
[2019.05.13-19.15.57:906][902]LogModuleManager: Shutting down and abandoning module MagicLeapCameraPreviewFactory (542)
[2019.05.13-19.15.57:906][902]LogModuleManager: Shutting down and abandoning module MagicLeapMediaFactory (540)
[2019.05.13-19.15.57:906][902]LogModuleManager: Shutting down and abandoning module MagicLeapMediaEditor (538)
[2019.05.13-19.15.57:906][902]LogModuleManager: Shutting down and abandoning module CharacterAI (536)
[2019.05.13-19.15.57:906][902]LogModuleManager: Shutting down and abandoning module SmartSnapping (534)
[2019.05.13-19.15.57:906][902]LogModuleManager: Shutting down and abandoning module SessionServices (532)
[2019.05.13-19.15.57:906][902]LogModuleManager: Shutting down and abandoning module ViewportSnapping (530)
[2019.05.13-19.15.57:906][902]LogModuleManager: Shutting down and abandoning module ViewportInteraction (528)
[2019.05.13-19.15.57:906][902]LogModuleManager: Shutting down and abandoning module ClothPainter (526)
[2019.05.13-19.15.57:906][902]LogModuleManager: Shutting down and abandoning module SkeletalMeshEditor (525)
[2019.05.13-19.15.57:906][902]LogModuleManager: Shutting down and abandoning module LogVisualizer (522)
[2019.05.13-19.15.57:906][902]LogModuleManager: Shutting down and abandoning module IntroTutorials (520)
[2019.05.13-19.15.57:906][902]LogModuleManager: Shutting down and abandoning module GameProjectGeneration (519)
[2019.05.13-19.15.57:906][902]LogModuleManager: Shutting down and abandoning module LuminPlatformEditor (516)
[2019.05.13-19.15.57:906][902]LogModuleManager: Shutting down and abandoning module IOSPlatformEditor (514)
[2019.05.13-19.15.57:906][902]LogModuleManager: Shutting down and abandoning module HTML5PlatformEditor (512)
[2019.05.13-19.15.57:907][902]LogModuleManager: Shutting down and abandoning module AndroidPlatformEditor (510)
[2019.05.13-19.15.57:907][902]LogModuleManager: Shutting down and abandoning module AndroidDeviceDetection (509)
[2019.05.13-19.15.59:532][902]LogModuleManager: Shutting down and abandoning module WindowsPlatformEditor (506)
[2019.05.13-19.15.59:532][902]LogModuleManager: Shutting down and abandoning module LuminRuntimeSettings (504)
[2019.05.13-19.15.59:532][902]LogModuleManager: Shutting down and abandoning module IOSRuntimeSettings (502)
[2019.05.13-19.15.59:532][902]LogModuleManager: Shutting down and abandoning module AndroidRuntimeSettings (500)
[2019.05.13-19.15.59:532][902]LogModuleManager: Shutting down and abandoning module InputBindingEditor (498)
[2019.05.13-19.15.59:532][902]LogModuleManager: Shutting down and abandoning module MergeActors (496)
[2019.05.13-19.15.59:532][902]LogModuleManager: Shutting down and abandoning module LocalizationDashboard (494)
[2019.05.13-19.15.59:532][902]LogModuleManager: Shutting down and abandoning module LocalizationService (493)
[2019.05.13-19.15.59:532][902]LogModuleManager: Shutting down and abandoning module HardwareTargeting (490)
[2019.05.13-19.15.59:532][902]LogModuleManager: Shutting down and abandoning module DeviceProfileEditor (488)
[2019.05.13-19.15.59:532][902]LogModuleManager: Shutting down and abandoning module UndoHistory (486)
[2019.05.13-19.15.59:532][902]LogModuleManager: Shutting down and abandoning module XmlParser (484)
[2019.05.13-19.15.59:532][902]LogModuleManager: Shutting down and abandoning module Blutility (482)
[2019.05.13-19.15.59:532][902]LogModuleManager: Shutting down and abandoning module ProjectSettingsViewer (480)
[2019.05.13-19.15.59:532][902]LogModuleManager: Shutting down and abandoning module ProjectTargetPlatformEditor (479)
[2019.05.13-19.15.59:532][902]LogModuleManager: Shutting down and abandoning module EditorSettingsViewer (476)
[2019.05.13-19.15.59:532][902]LogModuleManager: Shutting down and abandoning module SettingsEditor (474)
[2019.05.13-19.15.59:532][902]LogModuleManager: Shutting down and abandoning module ProjectLauncher (472)
[2019.05.13-19.15.59:532][902]LogModuleManager: Shutting down and abandoning module SessionFrontend (470)
[2019.05.13-19.15.59:533][902]LogModuleManager: Shutting down and abandoning module ProfilerClient (468)
[2019.05.13-19.15.59:533][902]LogModuleManager: Shutting down and abandoning module DeviceManager (466)
[2019.05.13-19.15.59:533][902]LogModuleManager: Shutting down and abandoning module TargetDeviceServices (465)
[2019.05.13-19.15.59:586][902]LogModuleManager: Shutting down and abandoning module AutomationController (462)
[2019.05.13-19.15.59:586][902]LogModuleManager: Shutting down and abandoning module AutomationWindow (460)
[2019.05.13-19.15.59:586][902]LogModuleManager: Shutting down and abandoning module Layers (458)
[2019.05.13-19.15.59:586][902]LogModuleManager: Shutting down and abandoning module ComponentVisualizers (456)
[2019.05.13-19.15.59:586][902]LogModuleManager: Shutting down and abandoning module DetailCustomizations (454)
[2019.05.13-19.15.59:586][902]LogModuleManager: Shutting down and abandoning module PackagesDialog (452)
[2019.05.13-19.15.59:586][902]LogModuleManager: Shutting down and abandoning module Persona (450)
[2019.05.13-19.15.59:587][902]LogModuleManager: Shutting down and abandoning module AdvancedPreviewScene (449)
[2019.05.13-19.15.59:587][902]LogModuleManager: Shutting down and abandoning module AnimGraph (447)
[2019.05.13-19.15.59:587][902]LogModuleManager: Shutting down and abandoning module Kismet (444)
[2019.05.13-19.15.59:587][902]LogModuleManager: Shutting down and abandoning module GraphEditor (442)
[2019.05.13-19.15.59:587][902]LogModuleManager: Shutting down and abandoning module ClassViewer (440)
[2019.05.13-19.15.59:587][902]LogModuleManager: Shutting down and abandoning module Toolbox (438)
[2019.05.13-19.15.59:587][902]LogModuleManager: Shutting down and abandoning module ModuleUI (436)
[2019.05.13-19.15.59:587][902]LogModuleManager: Shutting down and abandoning module MovieSceneTools (434)
[2019.05.13-19.15.59:587][902]LogModuleManager: Shutting down and abandoning module OutputLog (432)
[2019.05.13-19.15.59:587][902]LogModuleManager: Shutting down and abandoning module GammaUI (430)
[2019.05.13-19.15.59:587][902]LogModuleManager: Shutting down and abandoning module Documentation (428)
[2019.05.13-19.15.59:588][902]LogModuleManager: Shutting down and abandoning module MovieSceneTracks (426)
[2019.05.13-19.15.59:588][902]LogModuleManager: Shutting down and abandoning module MovieScene (424)
[2019.05.13-19.15.59:588][902]LogModuleManager: Shutting down and abandoning module StreamingPauseRendering (422)
[2019.05.13-19.15.59:588][902]LogModuleManager: Shutting down and abandoning module LauncherPlatform (420)
[2019.05.13-19.15.59:588][902]LogModuleManager: Shutting down and abandoning module AnalyticsET (418)
[2019.05.13-19.15.59:588][902]LogModuleManager: Shutting down and abandoning module PortalServices (416)
[2019.05.13-19.15.59:588][902]LogModuleManager: Shutting down and abandoning module PortalRpc (414)
[2019.05.13-19.15.59:588][902]LogModuleManager: Shutting down and abandoning module MessagingRpc (412)
[2019.05.13-19.15.59:588][902]LogModuleManager: Shutting down and abandoning module AIModule (410)
[2019.05.13-19.15.59:588][902]LogModuleManager: Shutting down and abandoning module GameplayDebugger (409)
[2019.05.13-19.15.59:588][902]LogModuleManager: Shutting down and abandoning module AITestSuite (407)
[2019.05.13-19.15.59:588][902]LogModuleManager: Shutting down and abandoning module NavigationSystem (405)
[2019.05.13-19.15.59:588][902]LogModuleManager: Shutting down and abandoning module DesktopPlatform (402)
[2019.05.13-19.15.59:588][902]LogModuleManager: Shutting down and abandoning module ProfilerService (400)
[2019.05.13-19.15.59:667][902]LogModuleManager: Shutting down and abandoning module TaskGraph (398)
[2019.05.13-19.15.59:667][902]LogModuleManager: Shutting down and abandoning module SteamVRController (396)
[2019.05.13-19.15.59:667][902]LogModuleManager: Shutting down and abandoning module ProceduralMeshComponentEditor (394)
[2019.05.13-19.15.59:667][902]LogModuleManager: Shutting down and abandoning module ProceduralMeshComponent (392)
[2019.05.13-19.15.59:667][902]LogModuleManager: Shutting down and abandoning module OculusInput (390)
[2019.05.13-19.15.59:667][902]LogModuleManager: Shutting down and abandoning module MobilePatchingUtils (388)
[2019.05.13-19.15.59:667][902]LogModuleManager: Shutting down and abandoning module EditableMesh (386)
[2019.05.13-19.15.59:667][902]LogModuleManager: Shutting down and abandoning module CustomMeshComponent (384)
[2019.05.13-19.15.59:667][902]LogModuleManager: Shutting down and abandoning module CableComponent (382)
[2019.05.13-19.15.59:667][902]LogModuleManager: Shutting down and abandoning module AudioCapture (380)
[2019.05.13-19.15.59:667][902]LogModuleManager: Shutting down and abandoning module ArchVisCharacter (378)
[2019.05.13-19.15.59:667][902]LogModuleManager: Shutting down and abandoning module AndroidPermission (376)
[2019.05.13-19.15.59:667][902]LogModuleManager: Shutting down and abandoning module NUTUnrealEngine4 (374)
[2019.05.13-19.15.59:667][902]LogModuleManager: Shutting down and abandoning module NetcodeUnitTest (372)
[2019.05.13-19.15.59:667][902]LogModuleManager: Shutting down and abandoning module MediaCompositingEditor (370)
[2019.05.13-19.15.59:667][902]LogModuleManager: Shutting down and abandoning module MediaCompositing (368)
[2019.05.13-19.15.59:667][902]LogModuleManager: Shutting down and abandoning module LinearTimecode (366)
[2019.05.13-19.15.59:667][902]LogModuleManager: Shutting down and abandoning module ImgMedia (364)
[2019.05.13-19.15.59:672][902]LogModuleManager: Shutting down and abandoning module HTML5Networking (362)
[2019.05.13-19.15.59:672][902]LogModuleManager: Shutting down and abandoning module GeometryCacheTracks (360)
[2019.05.13-19.15.59:672][902]LogModuleManager: Shutting down and abandoning module GeometryCacheSequencer (358)
[2019.05.13-19.15.59:672][902]LogModuleManager: Shutting down and abandoning module BackChannel (356)
[2019.05.13-19.15.59:673][902]LogModuleManager: Shutting down and abandoning module AppleVision (354)
[2019.05.13-19.15.59:673][902]LogModuleManager: Shutting down and abandoning module AppleImageUtils (352)
[2019.05.13-19.15.59:673][902]LogModuleManager: Shutting down and abandoning module AlembicImporter (350)
[2019.05.13-19.15.59:673][902]LogModuleManager: Shutting down and abandoning module AlembicLibrary (349)
[2019.05.13-19.15.59:673][902]LogModuleManager: Shutting down and abandoning module GeometryCache (348)
[2019.05.13-19.15.59:673][902]LogModuleManager: Shutting down and abandoning module GeometryCacheEd (347)
[2019.05.13-19.15.59:673][902]LogModuleManager: Shutting down and abandoning module DatasmithContentEditor (342)
[2019.05.13-19.15.59:673][902]LogModuleManager: Shutting down and abandoning module DatasmithContent (340)
[2019.05.13-19.15.59:674][902]LogModuleManager: Shutting down and abandoning module SpeedTreeImporter (338)
[2019.05.13-19.15.59:674][902]LogModuleManager: Shutting down and abandoning module PluginBrowser (336)
[2019.05.13-19.15.59:674][902]LogModuleManager: Shutting down and abandoning module MobileLauncherProfileWizard (334)
[2019.05.13-19.15.59:674][902]LogModuleManager: Shutting down and abandoning module PolygonModeling (332)
[2019.05.13-19.15.59:674][902]LogModuleManager: Shutting down and abandoning module MeshEditor (330)
[2019.05.13-19.15.59:674][902]LogModuleManager: Shutting down and abandoning module CryptoKeysOpenSSL (328)
[2019.05.13-19.15.59:674][902]LogModuleManager: Shutting down and abandoning module CryptoKeys (326)
[2019.05.13-19.15.59:674][902]LogModuleManager: Shutting down and abandoning module VisualStudioSourceCodeAccess (324)
[2019.05.13-19.15.59:674][902]LogModuleManager: Shutting down and abandoning module VisualStudioCodeSourceCodeAccess (322)
[2019.05.13-19.15.59:674][902]LogModuleManager: Shutting down and abandoning module UObjectPlugin (320)
[2019.05.13-19.15.59:674][902]LogModuleManager: Shutting down and abandoning module SubversionSourceControl (318)
[2019.05.13-19.15.59:674][902]LogModuleManager: Shutting down and abandoning module PerforceSourceControl (316)
[2019.05.13-19.15.59:674][902]LogModuleManager: Shutting down and abandoning module GitSourceControl (314)
[2019.05.13-19.15.59:674][902]LogModuleManager: Shutting down and abandoning module SourceControl (313)
[2019.05.13-19.15.59:675][902]LogModuleManager: Shutting down and abandoning module CLionSourceCodeAccess (310)
[2019.05.13-19.15.59:675][902]LogModuleManager: Shutting down and abandoning module LightPropagationVolumeEditor (308)
[2019.05.13-19.15.59:675][902]LogModuleManager: Shutting down and abandoning module PaperTiledImporter (306)
[2019.05.13-19.15.59:675][902]LogModuleManager: Shutting down and abandoning module PaperSpriteSheetImporter (304)
[2019.05.13-19.15.59:675][902]LogModuleManager: Shutting down and abandoning module Paper2DEditor (302)
[2019.05.13-19.15.59:675][902]LogModuleManager: Shutting down and abandoning module MeshPaint (301)
[2019.05.13-19.15.59:675][902]LogModuleManager: Shutting down and abandoning module RuntimePhysXCooking (298)
[2019.05.13-19.15.59:675][902]LogModuleManager: Shutting down and abandoning module PhysXVehiclesEditor (296)
[2019.05.13-19.15.59:675][902]LogModuleManager: Shutting down and abandoning module PhysXVehicles (294)
[2019.05.13-19.15.59:675][902]LogModuleManager: Shutting down and abandoning module OculusEditor (292)
[2019.05.13-19.15.59:675][902]LogModuleManager: Shutting down and abandoning module LocationServicesBPLibrary (290)
[2019.05.13-19.15.59:675][902]LogModuleManager: Shutting down and abandoning module ImmediatePhysicsEditor (288)
[2019.05.13-19.15.59:675][902]LogModuleManager: Shutting down and abandoning module ImmediatePhysics (286)
[2019.05.13-19.15.59:675][902]LogModuleManager: Shutting down and abandoning module ActorSequence (284)
[2019.05.13-19.15.59:675][902]LogModuleManager: Shutting down and abandoning module UdpMessaging (282)
[2019.05.13-19.15.59:777][902]LogModuleManager: Shutting down and abandoning module TcpMessaging (280)
[2019.05.13-19.15.59:877][902]LogModuleManager: Shutting down and abandoning module MagicLeapAudio (278)
[2019.05.13-19.15.59:877][902]LogModuleManager: Shutting down and abandoning module GameplayTagsEditor (276)
[2019.05.13-19.15.59:877][902]LogModuleManager: Shutting down and abandoning module FacialAnimationEditor (274)
[2019.05.13-19.15.59:877][902]LogModuleManager: Shutting down and abandoning module FacialAnimation (272)
[2019.05.13-19.15.59:877][902]LogModuleManager: Shutting down and abandoning module DataValidation (270)
[2019.05.13-19.15.59:877][902]LogModuleManager: Shutting down and abandoning module AssetManagerEditor (268)
[2019.05.13-19.15.59:877][902]LogModuleManager: Shutting down and abandoning module LevelEditor (267)
[2019.05.13-19.15.59:878][902]LogModuleManager: Shutting down and abandoning module PixelInspectorModule (266)
[2019.05.13-19.15.59:878][902]LogModuleManager: Shutting down and abandoning module CommonMenuExtensions (264)
[2019.05.13-19.15.59:879][902]LogModuleManager: Shutting down and abandoning module MainFrame (262)
[2019.05.13-19.15.59:879][902]LogModuleManager: Shutting down and abandoning module HotReload (261)
[2019.05.13-19.15.59:880][902]LogModuleManager: Shutting down and abandoning module ContentBrowser (257)
[2019.05.13-19.15.59:881][902]LogModuleManager: Shutting down and abandoning module TreeMap (255)
[2019.05.13-19.15.59:881][902]LogModuleManager: Shutting down and abandoning module LightPropagationVolumeRuntime (252)
[2019.05.13-19.15.59:881][902]LogModuleManager: Shutting down and abandoning module AISupportModule (250)
[2019.05.13-19.15.59:881][902]LogModuleManager: Shutting down and abandoning module Paper2D (248)
[2019.05.13-19.15.59:881][902]LogModuleManager: Shutting down and abandoning module WindowsMoviePlayer (246)
[2019.05.13-19.15.59:881][902]LogModuleManager: Shutting down and abandoning module WmfMedia (244)
[2019.05.13-19.15.59:883][902]LogModuleManager: Shutting down and abandoning module Media (243)
[2019.05.13-19.15.59:891][902]LogModuleManager: Shutting down and abandoning module PacketHandler (240)
[2019.05.13-19.15.59:891][902]LogModuleManager: Shutting down and abandoning module ClothingSystemEditor (238)
[2019.05.13-19.15.59:891][902]LogModuleManager: Shutting down and abandoning module ClothingSystemRuntime (236)
[2019.05.13-19.15.59:891][902]LogModuleManager: Shutting down and abandoning module MediaAssets (234)
[2019.05.13-19.15.59:891][902]LogModuleManager: Shutting down and abandoning module Overlay (232)
[2019.05.13-19.15.59:891][902]LogModuleManager: Shutting down and abandoning module OverlayEditor (231)
[2019.05.13-19.15.59:891][902]LogModuleManager: Shutting down and abandoning module VREditor (228)
[2019.05.13-19.15.59:891][902]LogModuleManager: Shutting down and abandoning module StringTableEditor (226)
[2019.05.13-19.15.59:891][902]LogModuleManager: Shutting down and abandoning module GameplayTasksEditor (224)
[2019.05.13-19.15.59:891][902]LogModuleManager: Shutting down and abandoning module BehaviorTreeEditor (222)
[2019.05.13-19.15.59:891][902]LogModuleManager: Shutting down and abandoning module FunctionalTesting (220)
[2019.05.13-19.15.59:891][902]LogModuleManager: Shutting down and abandoning module CollisionAnalyzer (218)
[2019.05.13-19.15.59:892][902]LogModuleManager: Shutting down and abandoning module WorkspaceMenuStructure (217)
[2019.05.13-19.15.59:892][902]LogModuleManager: Shutting down and abandoning module UMG (214)
[2019.05.13-19.15.59:892][902]LogModuleManager: Shutting down and abandoning module UMGEditor (213)
[2019.05.13-19.15.59:892][902]LogModuleManager: Shutting down and abandoning module Sequencer (212)
[2019.05.13-19.15.59:892][902]LogModuleManager: Shutting down and abandoning module MessageLog (209)
[2019.05.13-19.15.59:892][902]LogModuleManager: Shutting down and abandoning module SlateReflector (204)
[2019.05.13-19.15.59:892][902]LogModuleManager: Shutting down and abandoning module Slate (202)
[2019.05.13-19.15.59:892][902]LogModuleManager: Shutting down and abandoning module EditorStyle (200)
[2019.05.13-19.15.59:895][902]LogModuleManager: Shutting down and abandoning module MRMesh (198)
[2019.05.13-19.15.59:895][902]LogModuleManager: Shutting down and abandoning module SourceCodeAccess (196)
[2019.05.13-19.15.59:895][902]LogModuleManager: Shutting down and abandoning module HeadMountedDisplay (194)
[2019.05.13-19.15.59:895][902]LogModuleManager: Shutting down and abandoning module XAudio2 (192)
[2019.05.13-19.15.59:895][902]LogModuleManager: Shutting down and abandoning module Networking (190)
[2019.05.13-19.15.59:895][902]LogModuleManager: Shutting down and abandoning module Core (188)
[2019.05.13-19.15.59:896][902]LogModuleManager: Shutting down and abandoning module LevelSequence (186)
[2019.05.13-19.15.59:896][902]LogModuleManager: Shutting down and abandoning module KismetCompiler (184)
[2019.05.13-19.15.59:896][902]LogModuleManager: Shutting down and abandoning module MeshUtilities (182)
[2019.05.13-19.15.59:896][902]LogModuleManager: Shutting down and abandoning module MeshMergeUtilities (181)
[2019.05.13-19.15.59:896][902]LogModuleManager: Shutting down and abandoning module MeshReductionInterface (180)
[2019.05.13-19.15.59:896][902]LogModuleManager: Shutting down and abandoning module SimplygonSwarm (179)
[2019.05.13-19.15.59:896][902]LogModuleManager: Shutting down and abandoning module ProxyLODMeshReduction (177)
[2019.05.13-19.15.59:896][902]LogModuleManager: Shutting down and abandoning module SimplygonMeshReduction (175)
[2019.05.13-19.15.59:896][902]LogModuleManager: Shutting down and abandoning module QuadricMeshReduction (173)
[2019.05.13-19.15.59:896][902]LogModuleManager: Shutting down and abandoning module MaterialBaking (169)
[2019.05.13-19.15.59:896][902]LogModuleManager: Shutting down and abandoning module DirectoryWatcher (165)
[2019.05.13-19.15.59:896][902]LogModuleManager: Shutting down and abandoning module DerivedDataCache (162)
[2019.05.13-19.15.59:954][902]LogDerivedDataCache: Shutdown
[2019.05.13-19.15.59:954][902]LogModuleManager: Shutting down and abandoning module XGEController (160)
[2019.05.13-19.15.59:954][902]LogModuleManager: Shutting down and abandoning module TargetPlatform (158)
[2019.05.13-19.15.59:954][902]LogModuleManager: Shutting down and abandoning module VulkanShaderFormat (157)
[2019.05.13-19.15.59:954][902]LogModuleManager: Shutting down and abandoning module ShaderFormatVectorVM (155)
[2019.05.13-19.15.59:954][902]LogModuleManager: Shutting down and abandoning module ShaderFormatOpenGL (153)
[2019.05.13-19.15.59:954][902]LogModuleManager: Shutting down and abandoning module ShaderFormatD3D (151)
[2019.05.13-19.15.59:954][902]LogModuleManager: Shutting down and abandoning module MetalShaderFormat (149)
[2019.05.13-19.15.59:954][902]LogModuleManager: Shutting down and abandoning module TextureFormatUncompressed (147)
[2019.05.13-19.15.59:954][902]LogModuleManager: Shutting down and abandoning module TextureFormatPVR (145)
[2019.05.13-19.15.59:954][902]LogModuleManager: Shutting down and abandoning module TextureFormatDXT (143)
[2019.05.13-19.15.59:954][902]LogModuleManager: Shutting down and abandoning module TextureFormatIntelISPCTexComp (141)
[2019.05.13-19.15.59:954][902]LogModuleManager: Shutting down and abandoning module TextureFormatASTC (139)
[2019.05.13-19.15.59:954][902]LogModuleManager: Shutting down and abandoning module ImageWrapper (138)
[2019.05.13-19.15.59:954][902]LogModuleManager: Shutting down and abandoning module TextureFormatAndroid (135)
[2019.05.13-19.15.59:954][902]LogModuleManager: Shutting down and abandoning module AudioFormatOpus (133)
[2019.05.13-19.15.59:954][902]LogModuleManager: Shutting down and abandoning module AudioFormatOgg (131)
[2019.05.13-19.15.59:954][902]LogModuleManager: Shutting down and abandoning module AudioFormatADPCM (129)
[2019.05.13-19.15.59:954][902]LogModuleManager: Shutting down and abandoning module LuminTargetPlatform (127)
[2019.05.13-19.15.59:954][902]LogModuleManager: Shutting down and abandoning module LinuxTargetPlatform (125)
[2019.05.13-19.15.59:954][902]LogModuleManager: Shutting down and abandoning module LinuxServerTargetPlatform (123)
[2019.05.13-19.15.59:955][902]LogModuleManager: Shutting down and abandoning module LinuxNoEditorTargetPlatform (121)
[2019.05.13-19.15.59:955][902]LogModuleManager: Shutting down and abandoning module LinuxClientTargetPlatform (119)
[2019.05.13-19.15.59:955][902]LogModuleManager: Shutting down and abandoning module TVOSTargetPlatform (117)
[2019.05.13-19.15.59:956][902]LogModuleManager: Shutting down and abandoning module Messaging (115)
[2019.05.13-19.15.59:956][902]LogModuleManager: Shutting down and abandoning module IOSTargetPlatform (113)
[2019.05.13-19.15.59:957][902]LogModuleManager: Shutting down and abandoning module HTML5TargetPlatform (111)
[2019.05.13-19.15.59:957][902]LogModuleManager: Shutting down and abandoning module AndroidTargetPlatform (109)
[2019.05.13-19.15.59:965][902]LogModuleManager: Shutting down and abandoning module WindowsTargetPlatform (107)
[2019.05.13-19.15.59:965][902]LogModuleManager: Shutting down and abandoning module WindowsServerTargetPlatform (105)
[2019.05.13-19.15.59:965][902]LogModuleManager: Shutting down and abandoning module WindowsNoEditorTargetPlatform (103)
[2019.05.13-19.15.59:965][902]LogModuleManager: Shutting down and abandoning module WindowsClientTargetPlatform (101)
[2019.05.13-19.15.59:965][902]LogModuleManager: Shutting down and abandoning module MacTargetPlatform (99)
[2019.05.13-19.15.59:965][902]LogModuleManager: Shutting down and abandoning module MacServerTargetPlatform (97)
[2019.05.13-19.15.59:965][902]LogModuleManager: Shutting down and abandoning module MacNoEditorTargetPlatform (95)
[2019.05.13-19.15.59:966][902]LogModuleManager: Shutting down and abandoning module MacClientTargetPlatform (93)
[2019.05.13-19.15.59:966][902]LogModuleManager: Shutting down and abandoning module AllDesktopTargetPlatform (91)
[2019.05.13-19.15.59:966][902]LogModuleManager: Shutting down and abandoning module InputCore (88)
[2019.05.13-19.15.59:966][902]LogModuleManager: Shutting down and abandoning module Settings (86)
[2019.05.13-19.15.59:966][902]LogModuleManager: Shutting down and abandoning module PhysXCooking (84)
[2019.05.13-19.15.59:966][902]LogModuleManager: Shutting down and abandoning module SteamVR (82)
[2019.05.13-19.15.59:966][902]LogModuleManager: Shutting down and abandoning module OculusHMD (80)
[2019.05.13-19.15.59:966][902]LogModuleManager: Shutting down and abandoning module ExampleDeviceProfileSelector (78)
[2019.05.13-19.15.59:966][902]LogModuleManager: Shutting down and abandoning module LauncherChunkInstaller (76)
[2019.05.13-19.15.59:966][902]LogModuleManager: Shutting down and abandoning module OnlineBlueprintSupport (74)
[2019.05.13-19.15.59:966][902]LogModuleManager: Shutting down and abandoning module OnlineSubsystem (70)
[2019.05.13-19.15.59:967][902]LogModuleManager: Shutting down and abandoning module XMPP (65)
[2019.05.13-19.15.59:967][902]LogModuleManager: Shutting down and abandoning module WebSockets (64)
[2019.05.13-19.15.59:988][902]LogModuleManager: Shutting down and abandoning module HTTP (61)
[2019.05.13-19.15.59:988][902]LogHttp: Display: Http module shutting down, but needs to wait on 1 outstanding Http requests:
[2019.05.13-19.15.59:988][902]LogHttp: Display: 	verb=[POST] url=[https://datarouter.ol.epicgames.com/datarouter/api/v1/public/data?SessionID=%7B65C1362D-49E5-10C0-34F9-A7A81DB78216%7D&AppID=UEEditor.Rocket.Release&AppVersion=4.20.3-4369336%2B%2B%2BUE4%2BRelease-4.20&UserID=699adb4245936aafb303ca87219cff80%7C01338ec361454f97a1231f660121ceae%7Ca3a673f1-3d3f-4f9c-8f69-36c2d8b4299a&AppEnvironment=datacollector-binary&UploadType=eteventstream] status=Processing
[2019.05.13-19.16.00:015][902]LogModuleManager: Shutting down and abandoning module SSL (60)
[2019.05.13-19.16.00:017][902]LogModuleManager: Shutting down and abandoning module MagicLeapEmulator (56)
[2019.05.13-19.16.00:017][902]LogModuleManager: Shutting down and abandoning module MagicLeapPrivileges (54)
[2019.05.13-19.16.00:017][902]LogModuleManager: Shutting down and abandoning module MagicLeapIdentity (52)
[2019.05.13-19.16.00:017][902]LogModuleManager: Shutting down and abandoning module MagicLeapHelperVulkan (50)
[2019.05.13-19.16.00:017][902]LogModuleManager: Shutting down and abandoning module MagicLeapHelperOpenGL (48)
[2019.05.13-19.16.00:017][902]LogModuleManager: Shutting down and abandoning module MagicLeapSecureStorage (46)
[2019.05.13-19.16.00:017][902]LogModuleManager: Shutting down and abandoning module MagicLeapGestures (44)
[2019.05.13-19.16.00:018][902]LogModuleManager: Shutting down and abandoning module MagicLeapEyeTracker (42)
[2019.05.13-19.16.00:018][902]LogModuleManager: Shutting down and abandoning module MagicLeapController (40)
[2019.05.13-19.16.00:018][902]LogSlate: Slate User Destroyed.  User Index 0, Is Virtual User: 0
[2019.05.13-19.16.00:018][902]LogModuleManager: Shutting down and abandoning module MagicLeap (38)
[2019.05.13-19.16.00:018][902]LogModuleManager: Shutting down and abandoning module AnimationModifiers (36)
[2019.05.13-19.16.00:018][902]LogModuleManager: Shutting down and abandoning module PropertyEditor (35)
[2019.05.13-19.16.00:018][902]LogModuleManager: Shutting down and abandoning module AudioEditor (32)
[2019.05.13-19.16.00:018][902]LogModuleManager: Shutting down and abandoning module TextureCompressor (30)
[2019.05.13-19.16.00:018][902]LogModuleManager: Shutting down and abandoning module ShaderCore (28)
[2019.05.13-19.16.00:018][902]LogModuleManager: Shutting down and abandoning module Landscape (26)
[2019.05.13-19.16.00:018][902]LogModuleManager: Shutting down and abandoning module SlateRHIRenderer (24)
[2019.05.13-19.16.00:019][902]LogModuleManager: Shutting down and abandoning module OpenGLDrv (22)
[2019.05.13-19.16.00:019][902]LogModuleManager: Shutting down and abandoning module D3D11RHI (20)
[2019.05.13-19.16.00:019][902]LogModuleManager: Shutting down and abandoning module AnimGraphRuntime (18)
[2019.05.13-19.16.00:019][902]LogModuleManager: Shutting down and abandoning module Renderer (16)
[2019.05.13-19.16.00:019][902]LogModuleManager: Shutting down and abandoning module Engine (14)
[2019.05.13-19.16.00:019][902]LogModuleManager: Shutting down and abandoning module CoreUObject (12)
[2019.05.13-19.16.00:019][902]LogModuleManager: Shutting down and abandoning module NetworkFile (10)
[2019.05.13-19.16.00:019][902]LogModuleManager: Shutting down and abandoning module CookedIterativeFile (8)
[2019.05.13-19.16.00:019][902]LogModuleManager: Shutting down and abandoning module StreamingFile (6)
[2019.05.13-19.16.00:019][902]LogModuleManager: Shutting down and abandoning module SandboxFile (4)
[2019.05.13-19.16.00:019][902]LogModuleManager: Shutting down and abandoning module PakFile (2)
[2019.05.13-19.16.00:023][902]LogExit: Exiting.
[2019.05.13-19.16.00:040][902]Log file closed, 05/13/19 16:16:00
